4081
-31872 450106 183362 0 
-32028 450258 5021 7 
-31868 450269 12786 20 
52557 -352054 66436 3 
52363 -352030 123265 13 
52444 -351921 58403 18 
52370 -352048 142577 23 
52563 -352058 134417 5 
148002 -363095 29620 8 
147931 -362999 207815 9 
147917 -362917 110677 3 
148050 -363109 223821 22 
147927 -363016 240017 20 
156994 -361888 153655 3 
157107 -361828 140627 6 
50234 314097 87551 17 
50083 314010 100517 18 
50069 314059 19528 19 
70810 427303 184820 19 
125605 430204 14414 3 
155613 189489 17511 6 
155674 189302 111544 2 
155619 189363 178598 14 
155602 189363 100720 22 
155686 189437 176279 4 
155766 189473 30538 3 
155803 189361 95207 12 
155835 189293 192553 1 
155841 189293 195706 7 
175072 317790 108260 3 
175087 317736 172919 12 
175153 317776 393 17 
175047 317883 194725 20 
175281 317781 189255 2 
225304 398881 454 22 
225067 398793 178649 23 
225156 398818 97650 24 
89449 378175 17744 3 
89349 378108 9895 18 
89535 378287 188107 19 
211208 536720 91211 19 
14940 18258 128090 3 
14728 18229 115063 6 
14780 18215 34059 7 
14764 18272 9842 9 
14725 18318 188036 10 
14706 18383 209097 2 
14713 18291 176492 15 
14892 18322 95489 16 
14703 18407 106903 17 
14745 18283 1463 21 
14837 18211 25848 22 
14798 18257 123044 24 
14701 18235 204043 23 
14960 18311 192763 12 
43256 -24959 34075 1 
44827 -365645 56751 1 
44884 -365677 234941 2 
44761 -365495 140908 6 
44823 -365581 59904 7 
44758 -365689 126551 10 
44825 -365532 218605 12 
44949 -365419 153935 3 
44731 -365585 210726 13 
44827 -365676 129721 14 
44751 -365567 202337 15 
44763 -365649 121334 16 
44804 -365460 45418 17 
44776 -365626 132898 17 
44904 -365620 40476 4 
44865 -365678 145864 18 
44798 -365614 64875 19 
44894 -365685 27307 21 
211987 -306724 36249 10 
212016 -306792 120424 13 
211973 -306786 214316 17 
211991 -306706 55562 18 
212006 -306613 233773 19 
84140 501971 179832 0 
84109 501876 90817 24 
84304 501796 1485 7 
-34386 84182 183235 4 
-34455 84165 194205 22 
-34298 84167 37493 3 
157393 548311 1380 2 
157338 548316 87760 24 
168866 522338 92140 0 
168986 522329 178586 19 
131314 215601 91057 14 
131410 215711 182820 5 
131382 215594 6754 17 
131440 215536 107200 18 
131211 215590 87887 10 
131218 215606 26211 19 
147115 243141 186012 6 
147133 243106 105008 7 
147011 243187 91989 12 
147166 243098 173061 4 
147005 243130 16454 23 
180135 53040 10185 13 
180110 53175 204522 18 
6438 128990 118466 0 
89996 -323933 207599 13 
89888 -324058 194772 3 
89896 -323894 27264 15 
89851 -324034 48716 22 
90077 -324060 145912 24 
89944 -323900 226911 23 
89920 -323843 210907 10 
110812 -376887 46720 12 
110774 -377066 30452 15 
110708 -377010 68204 20 
110807 -376882 52008 22 
110856 -377082 127791 4 
110865 -376928 63056 2 
128440 180245 26128 24 
128238 180176 87815 13 
128222 180323 22952 18 
128207 180174 107127 23 
138103 -410795 59758 1 
153829 32513 124578 0 
153773 32559 172835 21 
153675 32659 108260 5 
153915 32471 27235 6 
156845 419021 1308 6 
156796 419088 179504 7 
156869 419049 182821 2 
156902 419004 6824 18 
156788 419091 90998 23 
195768 490696 7833 0 
48501 -9820 124772 2 
48442 -9789 92168 15 
48509 -9748 189507 4 
48539 -9914 176338 21 
48640 -9825 108435 12 
64449 -356832 150721 0 
64505 -356766 53379 6 
64589 -356820 37126 11 
70397 268702 197703 20 
70504 268733 19503 24 
70325 268724 100502 23 
222836 192128 192386 1 
222863 192359 111376 2 
222758 192242 30377 3 
222715 192313 17343 6 
222790 192200 195539 7 
222718 192227 95040 12 
222869 192137 176111 4 
205323 297177 20769 0 
205250 297108 188385 18 
205462 297286 88603 12 
205342 297118 23081 20 
174507 536066 4646 0 
224138 422321 182653 2 
224142 422364 1140 6 
224070 422414 179336 7 
223994 422301 185203 19 
47403 -12969 43769 3 
47410 -13047 111750 5 
47445 -13060 208937 7 
47516 -12943 30741 6 
47480 -12946 14488 11 
47479 -12891 11194 16 
58531 309783 103713 24 
58447 309660 6517 22 
58328 309693 184712 23 
133005 378024 10004 18 
193764 -537304 160049 2 
193875 -537151 224784 4 
193986 -537263 156731 7 
193760 -537147 46442 16 
193876 -537248 143712 12 
193843 -537265 127444 15 
93957 -397282 150579 2 
93893 -397224 215314 4 
93772 -397180 123440 9 
93955 -397331 42434 10 
93801 -397293 134242 12 
93946 -397225 126609 13 
93867 -397247 45604 14 
93781 -397290 220500 17 
93843 -397134 61746 18 
93778 -397129 204444 8 
127714 300137 188191 18 
127751 300270 195852 3 
127724 300202 22887 20 
127905 300217 182820 6 
144441 176460 6850 14 
144344 176340 91160 10 
144366 176338 10027 17 
144338 176369 188172 22 
185244 -234269 188531 3 
185212 -234427 218317 6 
185283 -234384 53150 2 
185235 -234468 137313 7 
185277 -234376 107473 8 
185143 -234364 202064 11 
185155 -234321 36814 12 
185354 -234434 231344 3 
185191 -234300 20546 15 
185192 -234280 198743 16 
185134 -234409 58670 20 
185336 -234371 40125 5 
185283 -234444 104716 21 
165929 480617 97502 20 
166065 480502 309 23 
166165 480663 178502 24 
183781 -537738 160074 2 
183743 -537756 36247 3 
183886 -537746 224809 4 
183741 -537677 46467 16 
183792 -537761 143737 12 
183912 -537615 156756 7 
183867 -537737 127469 15 
186686 491982 10074 20 
195459 122249 121164 3 
195341 122366 202165 2 
195351 122299 189140 5 
195480 122457 108132 6 
195317 122439 27128 7 
195356 122289 91879 11 
195421 122250 185828 12 
195272 122450 88558 16 
195375 122335 110535 23 
195281 122299 191539 22 
195315 122354 29535 24 
73374 290975 88933 12 
66195 261484 187972 23 
66195 261577 106973 24 
66226 261396 90831 17 
66191 261376 9777 22 
105279 -261728 228310 2 
105280 -261580 104091 3 
105188 -261558 46797 6 
105190 -261526 224993 7 
105236 -261710 23033 8 
105456 -261748 33845 4 
105340 -261662 195706 15 
105200 -261734 201228 9 
105194 -261744 217234 22 
105293 -261621 192396 21 
105245 -261565 120230 10 
105309 -261645 136239 23 
105408 -261606 211973 12 
151929 430167 14348 3 
151934 430009 100707 20 
151872 429980 3511 23 
201642 -511122 163264 3 
201472 -511107 231245 5 
201509 -511129 150236 6 
201493 -511042 69232 7 
201517 -511148 133984 11 
201492 -510916 39945 15 
201603 -511082 218142 16 
249142 235022 95046 5 
249124 235047 14037 6 
249206 235159 192233 7 
249088 235054 702 10 
249235 235075 111379 0 
249121 235125 113910 20 
249135 235018 3872 14 
249116 235046 97714 22 
249187 235079 16709 23 
249087 235050 194910 24 
249054 234999 178768 17 
-61242 425726 95887 2 
-61353 425690 90453 23 
-61328 425897 6284 18 
-61449 425652 9453 24 
78779 394953 95459 7 
78869 395131 100600 19 
176365 307222 87867 17 
176547 307388 100833 18 
192968 98556 33760 0 
193178 98500 120326 19 
193265 248238 24039 0 
193321 248134 191595 18 
193415 248071 7705 5 
193281 248165 26291 20 
253238 -339649 143623 7 
253305 -339680 146940 2 
253306 -339727 211675 4 
253382 -339629 130603 12 
253296 -339644 114336 15 
253337 -339667 33333 16 
253311 -339522 130179 17 
253228 -339654 230625 18 
253305 -339710 198506 21 
41771 372934 93951 23 
41735 372895 12951 24 
41690 372889 174955 22 
82398 293037 4743 5 
82277 293116 94057 22 
82495 293050 21076 0 
242413 -308143 36325 10 
242435 -308106 214392 17 
242566 -307906 55638 18 
242461 -308059 233849 19 
242423 -307982 120500 13 
5497 -253397 222089 1 
5430 -253350 141080 2 
5425 -253370 60074 3 
5510 -253151 205815 4 
5452 -253361 119973 10 
5475 -253269 124743 12 
5559 -253213 108475 15 
5556 -253140 135981 23 
5587 -253373 27472 16 
97859 -340679 46824 5 
97828 -340807 55211 23 
97817 -340788 233412 24 
97959 -340815 225015 6 
98031 -340742 63157 0 
115657 494947 88887 7 
115620 494979 9896 20 
-38524 467876 11584 3 
-38499 467737 95899 0 
-38544 467897 184471 20 
-38546 467910 87270 23 
-38427 467948 6271 24 
159619 -580706 130770 15 
159756 -580723 79203 0 
159723 -580709 49767 16 
159663 -580698 233625 17 
159690 -580724 246591 18 
159645 -580729 165602 19 
191423 -257876 143924 0 
191291 -258005 230482 19 
191298 -258016 192181 21 
191432 -257865 17234 20 
191339 -257763 32960 10 
191285 -257766 117140 13 
-58842 548854 92635 3 
-58895 548775 6220 20 
-58898 548811 87220 24 
135918 144756 184966 17 
136136 144683 201107 24 
136055 144770 30662 0 
140452 -456117 117139 3 
140411 -456232 214276 9 
140460 -456223 241182 2 
140463 -456176 46717 4 
140395 -456225 133270 10 
140458 -456190 208578 15 
140511 -456104 127575 16 
140417 -456183 230282 22 
140427 -456189 68278 24 
140371 -456043 149277 23 
140542 -456219 33548 21 
140578 -456137 224845 12 
266743 -275161 204801 13 
266771 -275112 123796 14 
266727 -275014 39493 17 
266921 -275114 139939 18 
266770 -275023 58950 19 
-16215 -201841 137894 2 
-16143 -201834 202629 4 
-16128 -201906 134576 7 
-16133 -201920 121557 12 
-16013 -201832 105289 15 
-16230 -201753 24287 16 
-16174 -201839 226723 19 
59431 393667 11345 2 
59489 393692 95507 7 
59477 393691 184716 24 
121003 219977 201070 20 
121022 219816 184874 22 
121056 219783 103869 23 
121122 219768 22870 24 
134415 -240725 204539 10 
134522 -240661 56586 0 
134441 -240562 142859 19 
134693 -240691 189097 20 
167265 455669 182864 0 
221371 -363179 110861 3 
221520 -363189 221475 5 
221409 -363192 29803 8 
221356 -363042 207999 9 
221371 -363173 143000 23 
221487 -363050 124213 11 
125281 383434 98660 2 
125125 383344 179670 1 
147582 -338577 46700 5 
147534 -338530 224891 6 
147567 -338452 230361 18 
147668 -338532 63033 0 
165398 493374 10021 20 
70826 -22652 37159 7 
70772 -22806 6747 8 
70739 -22688 22803 17 
70848 -22855 38944 24 
70803 -22810 217144 20 
70765 -22753 119943 23 
70873 -22711 212196 2 
70896 -22644 17731 4 
70899 -22854 4562 21 
70974 -22745 195859 12 
184904 -630898 82380 0 
184859 -630854 231286 4 
184867 -630914 230582 10 
185018 -630943 150214 12 
184927 -630881 55557 13 
184869 -630916 233751 14 
184852 -630944 133947 15 
184924 -630787 52944 16 
185030 -630918 236928 17 
185017 -630876 249894 18 
184848 -630953 168905 19 
184980 -630687 149461 17 
184934 -630880 214891 20 
185070 -630826 163233 7 
184992 -630927 130637 21 
185098 -630890 244237 6 
184962 -630957 218117 21 
185012 -630764 74869 23 
59173 142124 87713 9 
59227 142102 30854 0 
59154 142261 119915 20 
59311 142248 103720 22 
94038 -3214 173016 20 
236047 388330 100993 19 
48119 -19932 128082 0 
48042 -19921 1387 20 
120912 366442 186151 2 
120789 366590 92118 6 
120903 366452 105145 3 
121042 366543 7960 1 
218781 195116 113910 19 
-83009 -249146 57130 0 
-83205 -248997 218988 6 
-83180 -248950 202735 11 
-83173 -249027 229795 19 
-83157 -249105 189635 20 
-83220 -249026 116446 13 
-83158 -249058 54759 24 
-83200 -248920 51585 18 
-83223 -249056 135758 23 
-61963 -215806 141317 0 
-62009 -215686 222171 7 
-61981 -215739 192884 15 
-62035 -215794 111881 16 
-61931 -215876 135877 18 
-61867 -215801 124983 5 
-61980 -215865 54888 19 
-61987 -215738 14622 20 
-61913 -215829 189574 21 
40627 107600 30832 2 
40369 107642 176425 16 
40460 107606 95567 4 
40596 107630 14495 12 
21856 112633 3380 9 
21874 112689 35582 20 
21795 112735 100440 17 
21917 112812 197581 23 
21770 112712 116581 24 
21705 112840 97263 14 
21698 112629 19385 22 
21783 112878 178274 13 
49600 379896 179859 1 
245757 401983 10879 2 
245781 401922 189082 3 
245888 401838 95041 7 
245939 401928 176045 6 
-60394 -242931 40740 5 
-60520 -242920 137927 7 
-60305 -242847 231958 3 
-60393 -242892 199357 16 
-60314 -242900 105330 21 
-39512 -218962 30967 4 
-39413 -219055 209095 12 
-34509 -162244 53694 3 
-34660 -162381 97261 3 
-34645 -162441 121675 5 
-34484 -162401 40666 6 
-34693 -162430 16203 8 
-34609 -162424 194399 9 
-34645 -162283 113393 10 
-34555 -162362 197568 13 
-34611 -162258 21093 16 
-34632 -162443 132705 18 
-34681 -162420 116562 14 
-34623 -162353 226601 20 
-34508 -162441 24413 11 
-34669 -162365 186266 21 
-5910 66839 87555 8 
-5829 66653 6551 9 
-5796 66726 184745 10 
-5934 66789 38753 20 
-5757 66614 200752 23 
-5946 66748 22556 22 
1691 -210406 56843 3 
1522 -210280 43816 6 
1482 -210291 27563 11 
17087 53317 34131 2 
16913 53337 212325 3 
16977 53323 98866 4 
16959 53266 179724 16 
121937 304187 17669 2 
121846 304142 1332 12 
153450 46744 94429 9 
153540 46679 104933 12 
153442 46656 88665 15 
153461 46681 29430 23 
153671 46721 121269 2 
153666 46777 186004 4 
190919 530773 7770 3 
191040 530644 172938 7 
251915 374229 4310 6 
252006 374110 182506 7 
126840 371972 94164 23 
126962 371856 13164 24 
173069 -402409 153690 0 
173107 -402408 137356 5 
173054 -402422 56348 6 
172855 -402192 124254 16 
172866 -402375 240155 19 
172977 -402399 221524 12 
173025 -402229 27002 20 
172991 -402391 201947 21 
173058 -402408 234543 7 
173058 -402422 205256 15 
82924 143562 30795 0 
146409 254385 101857 1 
28105 -43087 218777 3 
27985 -43250 205750 6 
28159 -43197 124746 7 
28010 -43080 16284 13 
28011 -43029 194479 14 
27949 -43218 210622 18 
27973 -43099 35596 23 
28084 -43234 92149 21 
27972 -43207 213798 24 
104036 227237 111742 0 
104803 -357358 23929 20 
135217 309751 87764 17 
135206 309663 100730 18 
135320 309716 192664 0 
135240 309875 19741 19 
172203 352760 11017 7 
172233 352652 95312 1 
172097 352711 181757 23 
186509 -247380 140627 2 
186497 -247405 59621 3 
186549 -247255 205362 4 
186397 -247279 124291 12 
186412 -247324 207835 14 
186444 -247318 108023 15 
186433 -247218 27020 16 
186547 -247239 223978 18 
186457 -247168 129957 22 
194559 227519 198090 19 
187258 139303 114705 2 
187250 139305 20672 6 
187381 139401 33699 3 
187341 139387 179440 4 
187260 139347 1098 16 
187294 139359 23035 23 
187420 139419 98368 12 
187221 139420 88033 9 
187459 139384 198867 7 
126623 341295 184948 18 
127871 -324623 194867 3 
127855 -324689 210999 10 
128024 -324749 234802 0 
127938 -324615 207694 13 
128000 -324703 126689 14 
127949 -324647 48811 22 
127995 -324618 108107 20 
128012 -324720 146007 24 
127970 -324700 227006 23 
149700 -432442 40072 16 
149686 -432390 117765 21 
172202 393841 181822 18 
205739 -396479 69293 3 
205580 -396498 204724 8 
205564 -396487 58720 23 
-39693 -231275 228742 0 
-39607 -231334 131399 6 
-39677 -231250 212408 5 
-39712 -231359 50395 7 
-39660 -231335 25926 9 
-39703 -231141 115147 11 
-39705 -231180 17799 21 
90975 325508 178319 22 
90935 325283 16314 24 
125481 335196 186062 7 
133272 248004 175302 14 
133121 248115 110456 19 
161145 -387253 39297 13 
161044 -387298 233634 18 
196889 -421180 66081 2 
196919 -421140 130816 4 
197014 -421161 143768 6 
197031 -420992 30167 21 
197056 -421080 62763 7 
74020 8818 202395 6 
74110 8723 215422 3 
74244 8758 118237 1 
118511 265771 192637 2 
118615 265877 111631 3 
118647 265683 176300 12 
-52255 416373 99173 0 
-52314 416434 180027 7 
-52089 416447 1830 6 
171002 60562 114756 1 
170858 60623 211941 3 
170798 60457 22998 22 
166510 -479473 123626 8 
166403 -479678 42621 9 
166406 -479660 218311 11 
166354 -479470 74823 20 
187736 -524097 72584 2 
187731 -524038 250778 3 
187745 -524107 137319 4 
187945 -524001 237750 6 
187811 -524153 124150 21 
63926 -351677 66408 3 
63769 -351502 134389 5 
63824 -351674 236643 19 
76605 199317 202456 3 
76595 199356 11237 5 
76732 199389 189428 6 
76713 199303 173175 11 
149552 182298 201217 19 
50915 261639 111800 3 
50950 261574 179781 5 
51026 261487 90793 17 
51053 261503 9739 22 
51099 261518 187934 23 
50931 261616 106934 24 
60576 218852 1557 4 
60439 218805 90880 14 
60375 218786 87710 10 
60408 218792 6577 17 
60549 218778 107023 18 
60393 218719 26034 19 
85736 286219 16366 18 
85850 286193 13061 23 
85683 286203 191261 24 
85861 286148 175120 17 
-34681 457145 180060 2 
-34711 457221 99054 3 
-31811 516559 8327 3 
-31884 516463 173496 7 
-31888 516343 181248 20 
119913 419170 90906 23 
119822 419220 6731 18 
-72654 504529 9426 20 
-72639 504549 90425 24 
-44319 495211 180153 0 
-44349 495433 93812 19 
-44143 495258 1806 7 
133613 375935 188217 19 
133665 376007 101948 0 
210130 562590 172968 2 
210158 562836 91962 3 
210137 562808 412 24 
-12891 90489 9767 10 
-12868 90578 34275 0 
-12905 90415 102109 12 
-12895 90365 93942 13 
-12935 90506 29080 18 
-12771 90388 4838 16 
-12891 90470 207291 19 
-12845 90594 187834 17 
-12688 90407 118445 2 
152297 213756 101759 6 
135934 300857 195832 3 
135920 300867 182800 6 
152861 446054 7871 2 
152837 446314 173038 6 
152825 446099 92034 7 
152787 446122 13235 20 
152879 446135 186065 3 
156142 -414918 32880 8 
156079 -414856 211076 9 
156137 -414743 214245 13 
156309 -414786 243278 20 
156236 -414913 149382 18 
156137 -414894 133239 14 
168830 113961 32785 19 
168634 113963 113773 18 
168571 247200 24101 0 
168529 247229 7767 5 
168491 247233 175390 14 
214312 -297644 20123 3 
214359 -297629 62792 3 
214380 -297518 32950 13 
214271 -297546 133267 22 
214219 -297630 198265 8 
214337 -297523 230463 24 
286483 356169 95027 1 
286485 356109 14017 2 
286473 356202 179184 6 
286421 356149 98180 7 
286633 356165 192231 3 
286512 356340 10742 7 
12205 -26014 212343 2 
12090 -25989 17878 4 
12009 -25949 37306 7 
12192 -26005 196006 12 
12119 -26050 106959 14 
12027 -25993 110136 17 
12043 -26019 123102 18 
12022 -25980 187964 13 
11997 -25965 42113 19 
12038 -25984 126277 24 
12133 -25955 4709 21 
12119 -25840 103810 10 
11984 -25983 207276 23 
12254 -25949 34152 1 
204061 389058 100913 19 
204151 388942 185077 24 
122327 -301330 144028 2 
122203 -301396 63022 3 
122193 -301350 131003 5 
122258 -301260 228190 7 
122214 -301400 117031 9 
122191 -301399 36025 10 
122408 -301327 49994 6 
122325 -301347 33741 11 
122206 -301374 127691 12 
122336 -301372 120200 13 
122193 -301356 214091 17 
12709 130964 34136 3 
12686 130884 102117 5 
12585 130919 175077 9 
12605 130980 94071 10 
12745 130848 21108 6 
12733 130969 4855 11 
12644 130971 191083 22 
12793 130911 1534 16 
135385 -260451 228235 2 
135424 -260442 33770 4 
135371 -260414 35988 14 
135355 -260326 52130 18 
135499 -260441 46721 6 
135560 -260396 224917 7 
135586 -260362 211898 12 
135506 -260395 195630 15 
135390 -260285 17371 20 
135395 -260377 192321 21 
135350 -260323 55305 24 
135481 -260247 144064 0 
160814 -516434 74885 19 
201890 109012 208625 3 
201826 109027 14092 12 
201859 109107 114591 7 
201902 109223 195595 6 
202080 109287 30428 2 
201880 109035 178719 13 
201877 109015 198031 23 
201885 109119 117032 24 
201999 109222 176021 16 
202100 109156 95163 4 
45889 395907 92388 1 
45929 395961 100518 19 
145782 -261819 104192 3 
145790 -261811 201330 9 
145898 -261994 120328 10 
145806 -261996 136336 23 
145833 -262050 217336 22 
161151 464109 98565 3 
26741 111319 205896 0 
26734 111474 92306 11 
84606 -422792 241391 0 
84526 -422754 71379 20 
84491 -422720 114702 20 
84554 -422805 30448 21 
84668 -422635 63044 7 
84700 -422546 144048 6 
228156 -380038 240957 3 
228020 -380097 49739 5 
228052 -380044 227930 6 
227898 -380068 198357 3 
227923 -380094 146926 7 
227911 -380055 117300 8 
227999 -379875 36295 9 
227975 -380068 211677 11 
228108 -379963 217659 14 
227908 -380113 68497 20 
228084 -380120 117639 15 
227997 -380035 36636 16 
228068 -379946 52301 22 
228013 -379927 149497 24 
227925 -379854 208357 16 
228087 -379912 114329 21 
50498 -30132 131241 3 
50584 -30116 175234 3 
50602 -30283 199222 5 
50597 -30087 118214 6 
50526 -30129 101961 11 
50369 -30226 186120 16 
50401 -30232 29177 22 
117003 218718 114875 3 
117156 218710 179544 12 
117158 218739 195888 2 
78440 306173 192806 0 
203526 68059 192360 5 
203443 68137 30347 7 
203573 68162 111351 6 
203635 68224 208693 0 
203625 68105 17328 12 
203469 68188 178794 9 
203404 68242 97788 10 
203409 68218 181963 13 
203594 68166 100958 14 
203405 68061 16654 17 
203529 68267 1060 15 
226208 -419530 211252 9 
226231 -419269 66008 2 
226269 -419385 130743 4 
226264 -419385 133415 14 
226174 -419265 149557 18 
226160 -419391 68569 19 
226196 -419348 30094 21 
226358 -419390 143694 6 
-64655 -240738 53775 2 
-64644 -240906 16186 3 
-64608 -240806 194328 8 
-64555 -240704 113324 9 
-64601 -240863 37438 12 
-64540 -240820 21170 15 
-64694 -240815 207207 14 
-64696 -240847 145526 20 
-64613 -240865 129330 22 
-64691 -240907 48325 23 
-64644 -240867 226525 24 
-26627 138037 12839 17 
-26811 138208 6492 10 
-26631 138175 25805 18 
-26811 138039 90667 13 
-26666 138063 9662 14 
-26833 138144 204016 19 
-26755 138100 28980 24 
-26833 138070 109979 23 
-18361 58661 17883 12 
-18405 58483 123037 19 
27503 -57528 25935 17 
27595 -57617 38901 18 
27595 -57684 217112 19 
112392 337661 107088 20 
112522 337406 188088 24 
112424 337496 90892 22 
112375 337507 9887 23 
127399 355729 189444 0 
127498 355961 173110 5 
133757 218824 195848 2 
133911 218957 114834 3 
133944 218826 179502 12 
133931 218996 184906 22 
133802 218910 103901 23 
133833 218825 22902 24 
145783 283996 175270 17 
145768 284128 110412 20 
181539 483575 92040 2 
196302 297498 23058 20 
196172 297621 188362 18 
-4034 -252194 116644 13 
-3968 -252125 51782 18 
-3995 -252190 35639 14 
-3937 -252254 54957 24 
-4021 -252345 135956 23 
94577 -368774 126676 10 
94600 -368791 124531 11 
94594 -368745 210851 13 
94563 -368664 133022 17 
94643 -368582 145988 18 
94548 -368594 65000 19 
94539 -368768 129845 14 
144790 340176 184994 18 
144943 340341 17680 0 
144763 340384 1347 5 
-69395 -206901 19356 8 
-69506 -206853 32235 14 
-69574 -206989 229754 20 
-69496 -207002 213557 22 
48975 192074 27640 0 
-113259 -267454 47343 6 
-113375 -267414 191024 3 
-113202 -267387 225539 7 
-113283 -267340 28962 9 
-113357 -267457 207156 10 
-113379 -267456 212520 12 
-113185 -267438 196252 15 
-113212 -267253 128352 5 
-113264 -267457 192943 21 
-113298 -267418 44968 22 
-113364 -267462 126022 17 
-113351 -267330 223163 23 
-113241 -267478 142164 24 
-113191 -267299 17990 20 
-113126 -267343 144685 0 
113752 431744 100612 20 
113809 431865 95449 2 
113693 431844 3419 23 
169172 553354 3626 19 
179217 -538743 241095 1 
11888 73082 11399 4 
12031 73175 16176 17 
11938 73278 97309 10 
11972 73167 181484 13 
11986 73073 35633 19 
11950 73260 100479 14 
52642 -25926 103908 10 
52625 -26029 188066 13 
52633 -26029 123203 18 
146130 166881 29489 19 
150450 -402891 153746 0 
150290 -403028 137413 5 
150251 -402989 234600 7 
150354 -403002 56404 6 
150251 -402982 221581 12 
150348 -402963 205313 15 
150250 -403023 202004 21 
150451 -403025 124310 16 
150423 -403065 27057 20 
-118091 -246241 40884 5 
-118167 -246273 32184 10 
-118094 -246377 138071 7 
-118007 -246302 116359 13 
-118081 -246198 35354 14 
-118055 -246428 210251 17 
-117898 -246404 232102 3 
-117916 -246380 199501 16 
-118056 -246282 51497 18 
-12953 127892 118515 0 
-12977 128029 207215 20 
39412 -16075 179671 15 
39380 -16106 98668 16 
141159 154939 438 9 
141061 155045 178632 10 
141062 155051 3607 13 
141091 155067 181802 14 
141123 155178 94324 14 
141157 154937 97499 17 
141117 155081 197945 18 
141084 154949 32640 20 
141308 155175 92075 4 
141154 154943 194639 23 
141099 155057 113640 24 
141072 155168 16448 22 
207038 531715 7730 3 
207063 531579 172898 7 
282885 -273029 56146 2 
282741 -272992 133833 6 
282895 -272983 120881 4 
282835 -273026 52829 7 
282728 -272964 23477 8 
282792 -273050 39810 12 
282880 -272942 23542 15 
282821 -272883 201672 9 
282874 -273018 201739 16 
-17508 -138461 47177 2 
-17625 -138473 124864 6 
-17654 -138427 43860 7 
-17605 -138338 30841 12 
-17606 -138538 22650 13 
-17599 -138372 200845 14 
-17597 -138407 14573 15 
-17440 -138520 111912 4 
-17472 -138510 192770 16 
-17571 -138518 216988 18 
-17619 -138319 197709 10 
-17547 -138523 98744 21 
-17640 -138434 41962 23 
-17582 -138537 220163 24 
45674 117457 108506 6 
45696 117504 202539 2 
45796 117424 189514 5 
45744 117465 121533 3 
45765 117677 186203 12 
45876 117503 27501 7 
144199 199313 175400 10 
144272 199223 27402 0 
144213 199289 94266 17 
144265 199271 113724 19 
144148 199274 194712 18 
171794 82534 207753 19 
172044 82628 121292 0 
199549 500726 88677 7 
108128 -344747 147303 2 
108181 -344726 152438 20 
108049 -344641 42399 14 
199330 437640 95235 2 
199240 437618 178650 18 
199187 437676 97661 19 
220204 330035 104972 0 
220264 329857 88638 5 
220378 329799 10157 23 
220212 330046 188365 24 
-31336 -262368 225334 7 
-31184 -262370 47138 6 
-31347 -262286 200887 9 
-31342 -262333 212315 12 
-31363 -262327 204056 13 
-31153 -262261 144480 0 
-31397 -262193 22691 8 
-31374 -262156 123051 14 
-31333 -262294 38747 17 
-31371 -262145 139193 18 
-31258 -262213 233089 20 
-31349 -262316 192738 21 
-31246 -262376 196047 15 
-31201 -262315 17785 20 
170238 136911 101723 5 
170239 136896 120193 20 
170149 136828 103997 22 
170284 136800 4461 11 
64654 408944 178248 23 
64859 408832 97249 24 
64629 408842 94073 18 
92713 -29057 199117 5 
92695 -29138 118108 6 
92876 -29098 101855 11 
92720 -28927 188167 13 
92931 -29130 131135 3 
92882 -29035 7817 15 
92788 -29181 186014 16 
92857 -29124 126479 24 
92744 -28944 107161 14 
92705 -29135 207478 23 
92902 -29063 110338 17 
92902 -29042 123304 18 
124492 -413263 237982 2 
124520 -413214 156976 3 
124480 -413143 43517 4 
124658 -413275 210997 9 
124638 -413177 214166 13 
124600 -413078 32801 8 
124534 -413129 133160 14 
124500 -413199 149303 18 
124495 -413066 243199 20 
175632 174302 20784 1 
175657 174312 10105 17 
175640 174367 6928 14 
175565 174520 91238 10 
175690 174309 188250 22 
46997 -42004 218730 3 
47069 -42160 124698 7 
47131 -42159 205702 6 
46995 -42060 129681 19 
47177 -41972 92102 21 
62010 218195 17828 1 
62037 218071 196021 2 
62162 218074 115012 3 
62206 218127 179681 12 
74245 312981 189508 2 
74395 313044 108503 3 
74296 312980 173171 12 
74269 313068 100578 18 
74359 312996 19589 19 
74258 312998 87611 17 
177231 -269046 117844 11 
177339 -269232 147125 3 
177334 -269087 215105 5 
-40597 -150184 203964 17 
-40653 -150136 196149 11 
-40728 -150141 29067 14 
-40677 -150039 45210 18 
-40748 -150160 223421 19 
-40810 -150166 106903 9 
-40779 -150101 25897 10 
-40790 -150153 110072 13 
70829 320470 140 17 
70767 320499 194464 20 
120745 490417 175214 18 
120758 490344 94225 19 
120753 490594 182908 3 
540 405874 102206 3 
80496 371991 102081 0 
80737 372045 94048 23 
80496 372097 175052 22 
80537 372038 13048 24 
153643 -276295 134156 6 
153592 -276175 53152 7 
153669 -276316 56469 2 
153628 -276176 40133 12 
153599 -276122 23865 15 
153639 -276341 202062 16 
153668 -276131 121204 4 
153637 -276263 104827 20 
153644 -276381 45635 22 
153588 -276126 223830 23 
162150 -396812 26473 3 
162081 -396860 69402 3 
162015 -396840 204615 8 
162149 -396914 236816 24 
161953 -396886 155827 20 
161948 -396806 58611 23 
-30110 481133 181328 19 
-29940 481072 8397 0 
45276 203636 175153 10 
45271 203742 94019 17 
45322 203635 194465 18 
45298 203855 191189 23 
91977 209510 101910 6 
91970 209552 20906 7 
92084 209581 199252 0 
97557 285795 175150 17 
97531 285748 16396 18 
97626 285662 191291 24 
97525 285740 110291 20 
97545 285621 13090 23 
97706 285725 105209 2 
100337 300768 98732 1 
100121 300812 188122 18 
100304 300758 101885 7 
100168 300943 22820 20 
123261 67567 30548 7 
123195 67439 95299 11 
123268 67499 17529 12 
123355 67579 1261 15 
123177 67383 103934 17 
123205 67393 116900 18 
123167 67434 35911 19 
145559 200809 202284 3 
145520 200736 11065 5 
145635 200583 189256 6 
145523 200789 191430 23 
145648 200636 173004 11 
155380 376856 101894 0 
155405 376978 10060 18 
159497 -371731 130008 14 
159597 -371640 65162 19 
159643 -371813 237963 0 
159635 -371630 111276 20 
203989 390418 14294 0 
213067 243775 108161 2 
212894 243657 172896 4 
212889 243767 185848 6 
212954 243619 104844 7 
212865 243754 110655 19 
212987 243712 91824 12 
108045 -315029 215207 12 
108208 -315077 231543 2 
107987 -315110 198939 15 
108174 -315063 37078 4 
113448 43281 205532 7 
113407 43133 97498 13 
113426 43283 16493 14 
113434 43190 126531 20 
113522 43388 186107 4 
230016 373168 4365 6 
230145 373114 10247 18 
230274 373093 182560 7 
230036 373224 188458 19 
-63379 449411 183441 0 
-63289 449502 5097 7 
-63416 449461 177993 18 
-63295 449398 97005 19 
-51112 502825 176861 2 
-51244 502907 90480 24 
-51077 502823 95855 3 
234667 205164 202065 3 
234536 205321 10842 5 
234703 205176 189033 6 
-45452 53719 93932 9 
-45365 53637 12926 10 
-45326 53531 109938 22 
-45370 53635 190992 17 
-45438 53570 28933 23 
-45437 53585 207133 24 
176772 -514302 247641 0 
176597 -514373 217607 9 
176710 -514331 56275 12 
176651 -514333 36698 21 
176778 -514400 120952 20 
39145 66152 6663 9 
39089 66254 184857 10 
39083 66070 1471 15 
39284 66113 124789 3 
39245 66186 22669 22 
39073 66171 200864 23 
28877 -47503 3460 3 
28859 -47453 116603 22 
29044 -47553 27556 5 
29103 -47355 189494 11 
100797 10140 91062 8 
100718 10022 13226 13 
100776 10228 191421 14 
100829 10174 207564 18 
100767 9949 202328 6 
133173 -368942 126772 10 
133143 -368858 210947 13 
133058 -368867 45638 17 
-104330 -257510 141354 2 
-104228 -257469 60348 3 
-104404 -257647 103581 3 
-104245 -257623 206089 4 
-104203 -257541 22509 8 
-104209 -257481 125017 12 
-104154 -257542 222363 1 
-104327 -257671 108750 15 
-104328 -257704 27747 16 
-104305 -257540 232907 20 
-104367 -257543 216710 22 
-26266 -179154 141153 3 
-26281 -178961 184762 3 
-26119 -179200 111872 11 
-26135 -179118 38706 22 
96501 169845 4707 4 
152748 -260236 228192 2 
152748 -260438 33727 4 
152727 -260237 46678 6 
152751 -260295 224874 7 
152711 -260316 211855 12 
152833 -260271 195587 15 
152704 -260347 52174 18 
152842 -260365 55349 24 
152380 308865 87807 17 
152351 308822 100773 18 
152356 309038 19784 19 
169264 593765 3551 20 
169385 594000 176304 3 
135910 246443 7849 5 
136062 246464 24182 0 
163309 -440114 153645 2 
163276 -440135 218380 4 
163440 -439986 237807 7 
163433 -439971 45848 10 
163244 -440149 142859 22 
163308 -440061 205211 21 
163389 -440010 137308 12 
163461 -440031 121040 15 
201529 552606 3707 19 
201645 552724 176298 0 
202534 504236 87938 18 
202468 504362 6949 19 
66114 131575 110212 23 
66164 131528 118317 0 
66329 131710 4721 11 
66169 131547 29212 24 
201408 97480 117910 2 
201199 97528 4303 16 
201273 97605 182645 4 
201409 97473 101573 12 
203190 563294 395 24 
-19195 -246011 32431 10 
-19289 -246109 189476 20 
-19120 -246263 56970 0 
44103 366044 4830 6 
58341 -26643 107075 14 
58545 -26694 110252 17 
58428 -26561 42229 19 
58363 -26635 207392 23 
102287 -422074 241347 0 
102195 -422070 114659 20 
102207 -422044 30404 21 
102270 -422125 63000 7 
102334 -422098 144004 6 
199880 420368 1201 6 
199842 420436 182716 2 
-73945 -214174 44005 6 
-73985 -214064 57033 3 
-74118 -214178 197540 9 
-73948 -214212 27752 11 
-74114 -214176 116534 10 
-74102 -214172 200709 13 
-73927 -214004 119704 14 
-61222 -231435 212462 5 
-61253 -231568 131453 6 
-61213 -231470 50449 7 
-61322 -231530 115200 11 
-61145 -231543 228795 0 
-61237 -231399 25874 9 
-61319 -231570 142370 19 
26073 -53492 43897 0 
25942 -53495 181595 8 
26019 -53507 100590 9 
26012 -53446 19584 10 
25965 -53505 103759 13 
26146 -53495 197651 17 
25962 -53509 22754 14 
62527 266951 14587 1 
159224 496931 91005 24 
164901 -424752 233579 23 
164882 -424694 136438 17 
164856 -424732 152579 24 
165004 -424495 55387 22 
172559 -559493 123708 3 
172581 -559509 58697 17 
172500 -559576 253039 20 
172490 -559543 236842 22 
172617 -559389 155838 23 
172531 -559403 74838 24 
155067 539100 91071 19 
195823 -349872 150393 0 
195852 -349913 134059 5 
195942 -349972 53050 6 
195753 -349925 201459 8 
195901 -349919 120455 9 
195760 -349844 39458 10 
195745 -349962 36798 11 
195753 -349759 66080 3 
195836 -349845 42619 14 
-101623 -240218 194236 8 
-101549 -240086 207115 14 
-101530 -240179 118602 4 
-101535 -240165 129237 22 
-101551 -240079 226433 24 
-101641 -240200 113231 9 
-101688 -240188 16093 3 
-101654 -240022 145433 20 
-101696 -240136 48232 23 
201665 -483670 72618 0 
201539 -483713 56285 5 
201693 -483626 234476 6 
201684 -483622 153472 7 
201524 -483673 140453 12 
201557 -483657 124185 15 
201547 -483604 159227 19 
201567 -483551 43182 16 
201556 -483662 205132 20 
201731 -483710 120875 21 
23681 373607 174910 22 
23704 373470 93906 23 
23683 373531 12906 24 
77176 456152 175039 23 
77202 456262 90865 18 
77155 456147 94040 24 
82989 207050 29255 20 
82965 207057 13059 22 
82958 207054 110254 24 
85294 -316518 231600 2 
85373 -316668 37135 4 
85325 -316601 198996 15 
85312 -316642 142725 18 
85419 -316643 215263 12 
127158 435395 181645 24 
150276 53255 37107 0 
150175 53313 20773 5 
150282 53413 117960 7 
150315 53457 198964 6 
150230 53388 7671 16 
150301 53377 182711 11 
171900 -477114 204697 3 
52821 -23620 212242 2 
52782 -23518 17777 4 
52701 -23642 37204 7 
52644 -23589 184897 9 
52789 -23430 195905 12 
52649 -23636 4608 21 
79258 11767 37215 2 
79198 11751 91008 8 
79258 11751 101950 4 
79176 11816 20879 12 
79245 11671 191367 14 
79284 11766 4611 15 
79278 11706 182808 16 
79305 11787 207510 18 
79152 11677 13172 13 
79150 11754 42205 20 
104161 134972 101888 5 
104200 134917 6820 10 
104117 135037 90995 13 
104202 135053 13166 17 
104137 135024 9989 14 
104258 134933 4626 11 
104310 135057 204344 19 
104173 135183 26132 18 
144660 -449952 157001 0 
144664 -449897 30314 20 
256098 -310281 36708 4 
207828 258053 104151 18 
194825 -508748 39457 8 
194839 -508878 120515 3 
194954 -508972 244286 2 
194961 -508798 211682 15 
194964 -508871 130679 16 
194981 -508871 227949 12 
194820 -508987 249854 20 
29125 66346 6638 9 
29097 66271 184832 10 
29261 66376 92213 16 
29167 66296 22644 22 
29238 66268 200840 23 
79529 429888 176544 1 
79440 429837 95535 2 
79443 429823 14529 3 
84933 -290753 19800 3 
85036 -290821 221808 6 
84871 -290724 230139 24 
84838 -290781 205555 11 
84901 -290784 226964 18 
84805 -290743 32626 13 
123563 -318858 218480 5 
123520 -318815 137471 6 
123508 -318787 56467 7 
123651 -318717 121218 11 
123508 -318749 142821 18 
123576 -318732 117897 16 
123618 -318704 205377 16 
123549 -318813 61832 19 
123680 -318570 150498 3 
123696 -318787 23870 21 
145694 -464632 160163 3 
145576 -464590 130883 11 
157731 455154 182888 0 
157793 455103 91066 18 
157740 455161 10078 19 
157842 455140 175241 23 
157726 455121 94241 24 
169331 202140 202224 3 
169384 202130 11005 5 
169523 202074 189196 6 
169526 202121 172947 11 
195762 510378 95238 3 
208841 503606 1174 7 
208788 503849 179523 0 
208722 503824 87954 18 
208877 503819 4491 2 
93514 279104 24222 3 
93438 279124 92195 5 
93443 279018 189382 7 
93519 279172 11186 6 
93603 279064 259 14 
93445 279069 194597 19 
159475 587295 1444 0 
159531 587288 87842 19 
212361 198353 175570 10 
212207 198442 191590 23 
212184 198310 194882 18 
212391 198284 94437 17 
26986 78093 121655 0 
27049 77913 105321 5 
26985 77937 158 8 
26972 78035 178353 9 
27107 77926 24312 6 
27177 78043 202508 7 
27100 77966 210555 20 
26976 78138 113354 23 
26964 77908 32354 24 
62967 418912 98885 0 
62990 418902 187965 20 
63070 418868 90764 23 
62969 419001 9764 24 
9516 71007 27679 1 
9674 70870 205869 2 
9786 70872 189532 12 
9591 70928 173265 15 
9663 70909 103650 17 
9696 70875 116616 18 
34972 182006 98821 5 
119818 256190 20914 2 
119876 256225 98601 6 
119824 256133 4577 12 
119865 256050 17596 7 
161600 183490 98505 5 
161584 183609 3723 10 
161527 183683 1243 11 
161584 183675 181790 17 
161663 183610 114838 0 
177279 304889 17530 2 
177369 304865 101693 7 
177391 304874 1193 12 
184313 -483151 159184 19 
91009 120849 202426 2 
90806 120921 108393 6 
90805 120951 88819 16 
90893 121065 121420 3 
90865 120928 7961 4 
90980 120945 186089 12 
91065 120862 27388 7 
144005 142561 87925 9 
143983 142649 22926 23 
216870 438586 95191 2 
119063 32355 124665 0 
118944 32340 108344 5 
119106 32479 27322 6 
119071 32428 172922 21 
-127604 -260983 200646 9 
-127476 -261007 122810 14 
-127621 -261002 203815 13 
-127615 -260741 38507 17 
-127436 -260912 138953 18 
-127568 -260940 57964 19 
105875 -394845 26332 3 
41699 118519 8084 4 
41725 118598 88942 16 
41604 118451 113456 18 
41643 118652 32472 19 
55909 -357367 150743 0 
55896 -357458 53400 6 
70145 -311126 107243 3 
70225 -311063 26185 8 
70173 -311154 204381 9 
70157 -311075 123375 10 
70180 -311203 42241 17 
70107 -311182 39064 14 
70114 -311221 236583 20 
70238 -311175 20776 20 
70099 -311038 220386 22 
70165 -311215 139382 23 
70099 -311067 58382 24 
75093 201505 24266 2 
75012 201626 89001 4 
74920 201628 175227 10 
74993 201548 7929 12 
75009 201728 94093 17 
75027 201577 194539 18 
74940 201682 113551 19 
75169 201545 108428 7 
106542 -244510 16614 3 
106491 -244501 207635 14 
106411 -244539 113751 9 
106589 -244512 48753 23 
106419 -244383 29440 13 
106473 -244430 129757 22 
106482 -244451 226953 24 
106431 -244332 223778 18 
131166 463021 98640 3 
140374 94240 118063 2 
140335 94116 182798 4 
140200 94215 101726 12 
140171 94364 185040 14 
140202 94104 26157 23 
140187 94155 204358 24 
140386 94136 4455 16 
-10654 63123 209229 0 
-10667 63256 192895 5 
-10563 63254 111887 6 
-10635 63132 30883 7 
-10618 63254 95634 11 
-10714 63055 9708 13 
-10709 63132 1596 15 
-10617 63105 204045 18 
-10667 63158 119740 24 
156170 205917 105073 1 
156028 205926 13241 22 
156120 205906 110437 24 
156010 206086 29437 20 
159745 243940 185981 6 
209536 -411551 237770 2 
209455 -411425 114071 3 
209520 -411566 156764 3 
209425 -411552 130203 10 
209505 -411443 227215 22 
209463 -411447 49069 17 
209635 -411550 65211 24 
209561 -411567 146210 23 
-48992 465706 90549 18 
112971 -438402 69600 0 
113116 -438452 202105 20 
124147 -5728 124583 2 
124052 -5678 458 3 
124163 -5705 189318 4 
124158 -5582 178600 8 
124163 -5777 97596 9 
124174 -5683 108246 12 
124044 -5766 91979 15 
124058 -5513 121266 7 
124049 -5756 129798 20 
124165 -5668 176149 21 
124048 -5744 113601 22 
124184 -5558 32597 23 
124287 -5768 205592 1 
124123 -5618 210797 24 
193772 -543567 79043 3 
193757 -543384 147024 5 
193934 -543447 49762 11 
100033 382527 87621 22 
100060 382569 98723 2 
99985 382613 6630 23 
135450 103730 17570 5 
135529 103729 181858 10 
135572 103818 208789 3 
135513 103788 195761 6 
135503 103792 179508 11 
135473 103901 114759 7 
135549 103699 6833 13 
135432 103742 201170 18 
125584 -404136 153809 0 
125567 -404250 137475 5 
125445 -404273 234662 7 
125549 -404275 56466 6 
125463 -404235 221643 12 
125493 -404190 205375 15 
131336 337121 101885 2 
131329 337058 107136 20 
131316 337100 90940 22 
131362 336894 9935 23 
131358 336930 188135 24 
196452 104141 17418 5 
196370 104116 3816 9 
196223 104135 100876 17 
196232 104127 36018 20 
196335 104126 179356 11 
196264 104240 19822 22 
-39547 78576 8226 11 
-39508 78781 113188 23 
-39562 78578 32188 24 
-39622 78786 210388 20 
-39578 78685 178186 9 
126830 -364069 153731 3 
126832 -364146 140703 6 
126713 -364084 61764 24 
178612 -445497 29754 3 
178440 -445417 207896 8 
178491 -445600 126892 9 
178542 -445581 140582 5 
178502 -445577 130061 13 
178481 -445599 49055 14 
178590 -445620 65198 18 
178655 -445490 43320 11 
-6543 383936 9656 18 
-6368 383965 14818 0 
-6382 384056 6375 23 
101316 88839 91059 9 
101311 88819 10053 10 
101315 88877 94228 13 
101399 88895 188119 17 
101407 88739 29365 18 
101300 88875 13222 14 
128553 264945 179587 5 
-33800 103843 31018 2 
-33822 103907 95753 4 
-33839 103926 176611 16 
-33809 103833 14681 12 
38177 -24922 34088 1 
38192 -24734 17814 4 
38157 -24747 212280 2 
78249 -418558 225073 5 
78222 -418646 136221 17 
78336 -418567 55167 22 
78345 -418452 233362 23 
78158 -418511 152362 24 
128186 266191 192613 2 
128125 266073 100647 23 
128192 266185 111608 3 
128063 266205 176277 12 
128070 266182 19648 24 
158494 -360321 234657 2 
158435 -360248 121050 16 
158639 -360327 40192 4 
158564 -360168 231355 7 
158674 -360324 59619 7 
158489 -360289 27023 21 
158618 -360177 218320 12 
158682 -360252 202052 15 
218833 390738 181939 18 
218815 390826 14258 0 
281328 -282168 59459 0 
281444 -282178 43125 5 
281355 -282133 30023 16 
281376 -282191 107716 21 
281327 -282069 45955 22 
281370 -282143 224150 23 
281489 -282200 140312 7 
281451 -282139 111025 15 
281507 -282126 221316 6 
281526 -282132 205063 11 
281411 -281964 234360 3 
203718 -582353 163264 2 
203607 -582457 240951 6 
203717 -582356 227999 4 
203662 -582471 159947 7 
203537 -582497 146928 12 
230348 -419093 143684 6 
230345 -419041 62680 7 
230540 -419041 65997 2 
230495 -419115 130732 4 
230554 -419099 114347 20 
230551 -419112 30083 21 
230387 -418892 241039 0 
-6721 -238358 53630 2 
-6967 -238264 118366 4 
-6876 -238293 37294 12 
-6826 -238332 21026 15 
49206 345675 103766 19 
49133 345727 192805 3 
49106 345758 179778 6 
63065 -395926 123363 9 
62972 -395789 204367 8 
63038 -395904 42357 10 
62999 -395837 126532 13 
62994 -395893 45527 14 
62964 -395768 220423 17 
63033 -395847 61669 18 
63124 -395748 155587 20 
63067 -395760 58364 23 
62983 -395743 236577 24 
96766 -9250 16521 10 
157170 -415767 127614 11 
157440 -415810 224875 5 
161385 -449319 156959 0 
161534 -449410 30273 20 
243827 209918 23844 2 
243678 209972 88579 4 
243682 209920 108007 7 
243751 209911 88169 10 
243713 209898 91338 14 
243654 210145 7035 17 
243694 209900 107481 18 
243626 210057 26492 19 
243870 209974 20526 7 
243797 209880 7507 12 
62807 401815 16244 20 
100506 254696 98649 6 
100547 254740 17645 7 
100663 254757 20962 2 
100604 254752 4625 12 
167944 -468791 244423 0 
167830 -468867 71663 19 
167726 -468795 228090 5 
167793 -468880 117731 20 
167914 -468866 147080 6 
203786 522303 92053 0 
60090 -22451 6720 8 
59895 -22526 22776 17 
59906 -22479 217117 20 
60082 -22501 38917 24 
59917 -22516 119916 23 
72697 14627 212261 0 
72547 14708 195927 5 
103025 -354596 150625 0 
103171 -354644 123392 13 
102997 -354512 58529 18 
103037 -354569 142704 23 
118142 462511 98672 3 
158402 415481 188203 20 
158353 415302 10003 24 
183456 65590 98450 4 
183381 65468 33715 2 
183308 65536 104084 17 
183255 65714 117050 18 
183192 65517 36061 19 
60911 152661 27541 2 
60908 152869 205735 3 
60824 152737 192708 6 
60837 152799 111704 7 
60866 152757 173134 16 
60985 152802 11204 12 
125204 319615 272 17 
125091 319498 194600 20 
127956 312141 176349 5 
127952 312084 95340 6 
128025 312051 14336 7 
168343 152852 14248 5 
168274 152818 176186 11 
248743 -358773 123756 13 
248754 -358802 58894 18 
248919 -358995 26797 21 
152797 402954 94294 18 
152702 402978 276 22 
152689 402832 178468 23 
152759 402879 97469 24 
133432 -450216 157029 0 
133401 -450225 52119 17 
133453 -450165 243297 19 
133327 -450137 30342 20 
170129 393955 181817 18 
240770 -398808 56178 6 
240729 -398769 234374 7 
240794 -398722 204812 8 
240805 -398764 39925 11 
240860 -398715 153520 0 
240726 -398663 221355 12 
240881 -398761 205087 15 
240705 -398783 26669 3 
240819 -398807 124084 16 
240758 -398735 156019 20 
240807 -398798 237009 24 
240785 -398736 58808 23 
240956 -398797 137186 5 
240930 -398753 201777 21 
-107932 -247764 229733 19 
-107987 -247632 54697 24 
-108059 -247662 135696 23 
758 -198261 215538 6 
783 -198287 191252 8 
827 -198264 53680 0 
878 -198120 186185 20 
906 -198255 101937 21 
169774 -561373 250898 0 
169705 -561195 153556 6 
169687 -561214 72552 7 
169791 -561257 234564 5 
169690 -561357 42634 8 
169800 -561305 220830 9 
169725 -561348 139824 10 
169688 -561159 137303 11 
169679 -561303 43265 15 
175528 -265736 23209 8 
175573 -265695 114527 16 
175759 -265704 20500 21 
204488 -560337 250811 0 
204561 -560547 123785 3 
204520 -560488 137216 11 
204631 -560429 234477 5 
204704 -560486 153468 6 
204521 -560583 43178 15 
204626 -560412 221375 16 
204658 -560445 72464 7 
204578 -560613 58777 17 
-54371 96599 106675 22 
-54436 96646 122871 20 
-54450 96598 179983 11 
-51001 115827 202781 2 
-50970 115778 121775 3 
-51036 115839 8316 4 
-51061 115827 3198 9 
-50970 115765 186444 12 
-51115 115869 178087 13 
-51089 115957 97081 14 
-50943 115776 27743 7 
-50946 115912 89174 16 
-51113 115711 100258 17 
-50975 115805 35400 20 
-51089 115845 197399 23 
-51050 115729 116399 24 
-51098 115726 19203 22 
-50868 115717 108747 6 
154754 -399756 123592 9 
154682 -399774 42586 10 
154605 -399727 126761 13 
154763 -399809 40140 11 
154617 -399757 45756 14 
154608 -399887 220652 17 
154601 -399916 61898 18 
164955 281877 92016 5 
164902 281925 16564 18 
164955 282004 13259 23 
164890 281803 191459 24 
164883 281857 11008 6 
50968 433984 11435 0 
96022 -341665 23068 3 
96000 -341586 144016 7 
96064 -341607 39200 10 
96157 -341475 130997 12 
96066 -341667 201210 8 
96109 -341704 35895 13 
96000 -341690 120205 9 
96119 -341644 214089 14 
96042 -341604 114729 15 
96125 -341641 33726 16 
96050 -341596 217266 17 
96037 -341436 136211 22 
96081 -341590 195672 20 
189726 351900 97626 18 
189705 351867 3605 22 
189680 351894 181801 23 
189685 351997 100801 24 
29376 137266 115100 2 
29441 137069 179835 4 
29390 137087 6633 10 
29323 137122 90808 13 
29373 137088 12979 17 
29364 137211 25945 18 
29382 137136 204157 19 
29302 137063 9802 14 
29470 137074 199262 7 
189259 534894 88780 2 
116660 -382847 211955 11 
116775 -382845 228208 6 
116730 -382799 152535 19 
116889 -382813 241235 3 
116836 -382718 208634 16 
200524 290178 104952 2 
217150 299793 4406 5 
217200 299724 104110 24 
217075 299884 185109 23 
219439 -313335 231265 2 
219593 -313513 150259 3 
219522 -313342 218240 5 
219476 -313458 56227 7 
219445 -313539 214928 12 
219391 -313401 23631 21 
219510 -313541 137231 6 
219559 -313518 198660 15 
219585 -313476 117657 16 
-69862 -205011 100413 3 
-69876 -205087 113240 13 
-69817 -205093 35411 17 
-69753 -205055 132552 23 
-69833 -205142 48377 18 
-69853 -205066 51552 24 
20723 163575 118356 3 
20627 163385 24325 7 
20540 163485 175027 13 
20537 163370 94020 14 
20582 163388 16143 22 
20576 163414 110182 18 
20699 163459 105328 6 
59871 -374112 238213 0 
59728 -374152 149076 24 
59876 -374099 111519 20 
69045 395639 100576 19 
69816 408926 178261 23 
69878 409163 13104 19 
91413 349870 11212 7 
91483 349852 98667 7 
91384 349849 19556 20 
117861 72254 124593 3 
117891 72377 11134 4 
117939 72181 178580 9 
118018 72200 97574 10 
117899 72270 189262 12 
117846 72175 181749 13 
117830 72280 384 8 
117911 72325 100744 14 
117903 72187 172994 15 
117906 72406 210782 20 
117924 72379 113581 23 
117967 72244 91991 16 
117860 72251 16440 17 
117838 72198 32582 24 
118073 72225 205598 2 
144631 -469130 228147 5 
144636 -469298 220761 10 
144850 -469256 244480 0 
144658 -469219 217456 13 
144733 -469278 147138 6 
144779 -469201 136451 14 
144808 -469201 117787 20 
144672 -469314 58573 22 
144628 -469191 139627 17 
144827 -469232 155769 24 
144727 -469210 236768 23 
144643 -469292 152593 18 
-30112 512337 92638 0 
-30139 512403 6368 19 
-30169 512286 87356 18 
41 -212361 141162 0 
56 -212367 124829 5 
-47 -212293 222016 7 
-61 -212281 192729 15 
86 -212354 111726 16 
31 -212264 14467 20 
35 -212241 189420 21 
27425 378031 17899 3 
102008 -346637 228328 1 
115354 144474 30714 0 
115400 144423 22855 23 
135437 314991 173018 12 
135564 314936 108355 3 
135674 314930 189354 2 
175320 495041 182769 3 
189154 474252 95330 0 
189051 474258 176183 7 
220490 424635 98491 0 
149174 396648 176287 6 
149332 396727 11120 2 
149335 396769 189314 3 
199987 -454789 65996 7 
200023 -454768 224697 12 
200032 -454868 208429 15 
199963 -454927 127426 16 
200099 -454956 241033 2 
200066 -454877 46568 4 
200046 -454847 52286 17 
200155 -454919 33399 21 
16937 152583 92386 4 
16847 152619 184668 17 
16839 152603 116645 19 
16884 152535 22609 23 
16960 152627 200809 24 
16860 152508 108661 1 
176556 269607 192492 2 
176509 269443 111492 3 
176513 269664 176156 12 
-61360 414902 93758 18 
-61472 414864 12770 19 
-61391 414657 177933 23 
-61333 414858 96934 24 
28511 44092 97286 13 
28583 44260 105245 12 
28484 44104 16280 14 
28546 44100 88978 15 
129374 -327552 124505 4 
129465 -327538 43433 12 
129469 -327670 65011 20 
129290 -327659 113813 8 
166626 -426087 71584 20 
247268 366196 175469 22 
5653 50953 191120 17 
5664 50706 110065 22 
5644 50763 29061 23 
5562 50752 94059 9 
5601 50718 13053 10 
5625 50700 207261 24 
64055 154557 92268 4 
73704 269870 181515 22 
122111 -220449 225028 2 
121985 -220398 198030 9 
121929 -220534 117024 10 
121919 -220657 201199 13 
121923 -220631 120194 14 
121936 -220637 136337 18 
162621 -545989 133332 9 
162763 -545832 52326 10 
162751 -545952 49840 11 
162799 -545848 136501 13 
162786 -545853 55496 14 
162632 -545891 230392 17 
162624 -545910 71638 18 
178376 258713 98454 6 
178322 258802 17450 7 
178473 258748 20767 2 
178389 258952 4431 12 
178399 258808 104078 18 
-47332 445398 3008 23 
-47472 445453 181208 24 
150987 -366376 221651 5 
151083 -366460 124389 11 
157186 204184 24061 2 
157037 204158 88796 4 
157125 204177 108223 7 
157140 204241 7724 12 
102276 168042 199158 2 
102287 167935 118152 3 
102228 168033 182821 12 
102231 167932 29379 19 
102265 167938 24120 7 
102346 168089 105124 6 
123690 164858 202413 0 
123617 164945 186080 5 
123622 164939 88821 11 
175979 -539614 214370 8 
175952 -539640 165567 20 
-59125 106527 184541 14 
-59091 106612 181380 10 
-59308 106565 6346 13 
-59287 106424 200684 18 
-59318 106468 119695 19 
-59285 106426 25658 23 
-59180 106524 203859 24 
36060 368531 191138 20 
68405 293844 94022 22 
110582 216910 6702 17 
110453 216832 91005 14 
110619 217022 107148 18 
110422 216899 87835 10 
110467 216847 26159 19 
174481 116007 205526 0 
186877 87689 23913 6 
186953 87844 36948 3 
186848 87751 202109 7 
186830 87805 10267 10 
186964 87687 104921 5 
186910 87656 7660 11 
186822 87798 91272 9 
-5840 493533 5028 2 
-5884 493578 93909 19 
-5651 493623 89190 7 
132175 -210799 140832 0 
132132 -210857 124498 5 
132279 -211006 43490 6 
132119 -210978 113745 13 
132146 -211049 111396 16 
132211 -211013 208666 12 
132260 -210964 221685 7 
132094 -210953 32739 14 
132253 -210793 192398 15 
132233 -210995 35916 17 
132099 -210933 48882 18 
132145 -210965 14143 20 
132189 -210840 189089 21 
132945 -368851 146084 18 
133017 -368978 133118 17 
71719 383390 87551 22 
75869 -299488 225153 1 
76015 -299488 116915 9 
75888 -299388 35909 10 
75837 -299532 120084 13 
75830 -299398 213975 17 
75813 -299336 197922 8 
75877 -299366 51937 23 
75836 -299473 55221 18 
76067 -299476 208878 4 
192361 74887 189076 12 
192314 74909 172808 15 
192507 74976 91805 16 
243700 220919 114570 3 
243657 220881 101531 6 
243810 220999 182539 5 
243623 221060 195583 2 
243776 220995 179233 12 
-36745 461314 176748 7 
-36883 461153 174754 23 
-36868 461144 93755 24 
93320 254695 20980 2 
93140 254733 98667 6 
93118 254678 17663 7 
104552 307386 192741 0 
104701 307363 6634 22 
104619 307235 184828 23 
107038 -404958 113815 3 
107076 -404978 137521 5 
107043 -404787 234708 7 
107193 -405031 56512 6 
107160 -405031 129947 10 
107083 -405020 221689 12 
107194 -405021 205421 15 
107021 -404796 124419 16 
106999 -404980 48813 17 
107100 -404926 27163 20 
107019 -404918 202112 21 
107076 -405033 226959 22 
107010 -405005 145954 23 
107054 -404955 64955 24 
107255 -405040 153854 0 
131639 -238585 218451 6 
131737 -238561 231478 3 
131622 -238725 202198 11 
131559 -238590 137447 7 
131582 -238546 26350 9 
171727 -421138 130879 4 
171637 -421124 143831 6 
171678 -421126 62827 7 
171731 -420926 241180 0 
171709 -421135 114490 20 
171686 -421127 30230 21 
195732 -273884 121099 4 
195746 -273931 134051 6 
195601 -273810 53047 7 
195712 -273713 40028 12 
-74359 513236 173602 7 
-74431 513378 87246 18 
-74449 513211 6257 19 
79738 -340656 217225 17 
79551 -340503 120164 9 
79470 -340669 23026 3 
79552 -340683 46870 5 
79585 -340444 39158 10 
79658 -340528 233366 24 
79490 -340646 35853 13 
79520 -340562 55165 23 
79524 -340692 225061 6 
79591 -340697 63204 0 
202932 370944 94354 23 
202949 370985 13354 24 
203199 371133 182628 7 
143790 -386513 233591 18 
143611 -386527 39253 13 
207667 551728 1254 2 
44840 370931 102170 0 
46956 330092 13029 18 
46885 330106 191241 19 
46998 330133 97204 23 
176272 378265 104008 20 
176431 378162 101841 0 
176294 378287 6813 23 
-68325 94525 90635 9 
-68306 94348 9629 10 
-68285 94519 93804 13 
-68328 94497 12798 14 
-68264 94429 187695 17 
-68343 94457 28941 18 
45224 286350 175019 17 
45231 286398 16265 18 
45194 286357 110160 20 
45200 286393 12960 23 
45297 286460 191160 24 
103242 -383350 50051 5 
103315 -383334 241269 3 
103171 -383452 228242 6 
103178 -383420 147238 7 
103163 -383317 211989 11 
121791 -238940 231503 3 
121832 -238969 40284 5 
121822 -238848 123370 17 
121850 -238911 137471 7 
121849 -238912 104875 21 
121941 -238872 218475 6 
121881 -238762 202222 11 
139556 -395370 134128 12 
139534 -395374 58555 23 
139733 -395561 215199 4 
139513 -395576 26416 3 
139738 -395519 150464 2 
188415 -296655 143863 2 
188196 -296496 20058 3 
188257 -296484 208598 4 
188176 -296600 127526 12 
188280 -296525 32887 13 
188238 -296622 195429 21 
200482 -260062 228072 2 
200329 -259952 33608 4 
200421 -260057 46559 6 
200447 -260053 224755 7 
200302 -259996 211736 12 
200407 -260021 195468 15 
276960 -298701 146950 0 
276805 -298570 20280 3 
276879 -298767 130617 5 
276794 -298637 49608 6 
276753 -298716 227804 7 
276748 -298664 33355 11 
38081 191710 27667 0 
37932 191790 3414 10 
37980 191575 178304 14 
37956 191689 181481 17 
38150 191797 116623 20 
38035 191736 100426 22 
38096 191706 19422 23 
106177 443411 7988 2 
106173 443420 186182 3 
106047 443288 173155 6 
106109 443412 178417 18 
106094 443281 97429 19 
106245 443264 92150 7 
108850 280119 189344 7 
108934 280046 92156 5 
142395 281484 11064 6 
142501 281503 24099 3 
142572 281434 92072 5 
142643 281471 189259 7 
156842 -486658 223961 14 
156862 -486689 156901 2 
156797 -486780 49071 10 
156745 -486684 45766 13 
156836 -486780 227138 17 
156935 -486785 221636 4 
156829 -486783 240104 18 
156743 -486615 146083 22 
156740 -486800 65078 23 
156745 -486746 243279 24 
215993 427390 100867 20 
215841 427283 3666 23 
-68525 -204719 134707 7 
-68498 -204611 121688 12 
-68309 -204631 138024 2 
-68502 -204578 105420 15 
-68338 -204651 202759 4 
-68325 -204749 24417 16 
-61577 -183618 225556 0 
-61534 -183547 128214 6 
-61547 -183531 47210 7 
-61455 -183542 209222 5 
-61475 -183622 17923 15 
-61546 -183600 196120 16 
-61543 -183507 119672 17 
-61563 -183566 139129 19 
-61443 -183599 14613 21 
-61607 -183501 200805 10 
-61402 -183513 34190 12 
47802 409751 94031 18 
47927 409705 178206 23 
47772 409779 97206 24 
124207 349336 14423 2 
124115 349529 192621 3 
123993 349355 179590 6 
123999 349335 19637 20 
171376 -537778 160105 2 
171244 -537576 36216 3 
171310 -537737 224840 4 
171230 -537775 46498 16 
171293 -537734 149359 22 
171218 -537778 246555 24 
171450 -537705 156787 7 
251813 361696 189133 0 
251646 361647 172800 5 
278429 -311419 231118 2 
278389 -311395 150112 3 
278171 -311302 218093 5 
278231 -311227 214781 12 
278274 -311368 56080 7 
278181 -311359 23484 21 
278319 -311158 137084 6 
278401 -311231 198513 15 
278390 -311420 117510 16 
-4839 496384 1708 7 
-4742 496305 180054 0 
45255 6848 194459 17 
45299 6750 215494 3 
45492 6756 202466 6 
45246 6876 126436 19 
45377 6982 118310 1 
66498 303147 17807 2 
66434 303074 188038 18 
66440 303263 22734 20 
66635 303147 1470 12 
69044 421576 6604 18 
104260 323723 105262 0 
104311 323749 88928 5 
104159 323884 7923 6 
131063 395999 11166 2 
131139 395980 189360 3 
131251 395975 176332 6 
131037 395980 181719 18 
137734 376036 101938 0 
172200 512195 176303 2 
219324 260992 20665 2 
219321 260946 98352 6 
219240 260860 17348 7 
219242 260934 3734 17 
219258 261098 195707 0 
219394 261007 4328 12 
-312 -275433 147568 3 
-269 -275373 191307 3 
-137 -275265 215549 5 
-267 -275433 110249 8 
-349 -275458 210608 14 
-216 -275280 126305 17 
-297 -275446 61447 20 
-357 -275317 223446 23 
-355 -275394 142446 24 
-121 -275464 118287 11 
-312 -275315 20940 21 
-390 -275387 29244 9 
-385 -275380 207438 10 
6511 -249961 210562 17 
108644 314352 108420 3 
108644 314328 173085 12 
108868 314420 189421 2 
230865 -438738 153476 2 
230830 -438659 237639 7 
230721 -438769 59443 6 
230744 -438769 137140 12 
230771 -438682 120872 15 
230806 -438768 224083 17 
230737 -438770 156060 19 
230873 -438669 218211 4 
230905 -438625 205042 21 
32317 381920 9753 18 
32300 381776 187964 19 
32474 381789 98892 2 
75373 -333660 59905 2 
75448 -333643 129734 17 
75369 -333692 230180 18 
75360 -333742 149192 19 
75532 -333467 32678 9 
106432 -400903 40261 11 
106534 -400678 69541 3 
138502 411123 101861 3 
188824 -496774 160130 0 
188842 -496732 62788 6 
188837 -496707 211162 8 
188847 -496745 46535 11 
188826 -496765 162360 20 
188812 -496747 130157 9 
188967 -496739 143796 5 
188971 -496732 208387 21 
189020 -496656 33442 20 
189051 -496754 240983 7 
195678 575747 4518 3 
195612 575678 91096 20 
-66839 -188695 110078 9 
-66802 -188729 29072 10 
-66726 -188737 115275 4 
-66861 -188672 25767 13 
-66865 -188766 203962 14 
-66881 -188708 12940 3 
-66807 -188708 207139 17 
-66857 -188703 220105 18 
-66772 -188742 126084 22 
-66801 -188618 223280 24 
-66877 -188748 45079 23 
47977 432949 100447 20 
170302 165317 202297 0 
170205 165225 185963 5 
170208 165383 29549 19 
170294 165437 88709 11 
222499 451149 88707 1 
222332 451219 91860 7 
222394 451207 91228 18 
222535 451180 94403 24 
222517 451338 4409 7 
222340 451196 175402 23 
29274 97857 17836 5 
29181 97872 196027 6 
29166 97790 115023 7 
29293 97807 209054 3 
107926 -294028 149197 20 
158962 -264552 23167 8 
229281 400049 94485 18 
-63028 465720 90514 18 
-62878 465659 9526 19 
-62858 465864 95960 0 
52319 -38104 105258 4 
52525 -38111 40522 2 
52304 -37968 94181 8 
52319 -37966 13176 9 
52424 -38054 24186 12 
52408 -37905 191370 10 
52342 -38090 45378 20 
147931 153464 205518 3 
147873 153527 111486 7 
148080 153386 27323 2 
148028 153487 192490 6 
148004 153378 10987 12 
147943 153527 172917 16 
198115 469173 179478 2 
198122 469231 3687 18 
-71837 493120 174732 18 
-71682 493256 1875 7 
-71858 493112 177907 24 
-71697 493378 180222 0 
101838 -270776 147313 3 
101805 -270742 215294 5 
101743 -270868 204389 13 
101790 -270794 39080 17 
101678 -270844 123383 14 
101755 -270896 139526 18 
101741 -270838 58538 19 
101844 -270656 114712 16 
101895 -270839 118032 11 
-39931 -220147 41911 22 
-39859 -219979 139107 24 
-40035 -220071 220106 23 
12563 26355 181557 9 
12701 26386 27588 6 
12592 26374 100551 10 
12525 26426 184726 13 
12552 26314 19417 17 
12639 26345 119863 18 
12511 26403 103720 14 
44929 143156 87678 9 
44906 143178 119880 20 
44905 143222 103683 22 
150202 472864 95427 0 
150200 472808 3567 18 
150337 472781 176280 7 
150276 472838 181779 19 
172586 328883 105091 0 
172607 328802 88757 5 
172537 328912 13343 18 
263936 59419 20489 5 
263861 59389 117676 7 
264023 59488 198680 6 
263957 59635 182427 11 
264009 59538 7386 16 
263887 59578 23231 22 
264019 59454 179106 16 
-39855 -241502 16248 3 
-39915 -241437 194390 8 
-39907 -241451 207269 14 
-39931 -241331 145588 20 
-39980 -241322 113385 9 
-39846 -241391 48387 23 
-39929 -241295 129391 22 
-39885 -241445 226587 24 
158895 377112 101885 0 
159053 435136 95336 2 
159043 435135 181725 24 
179104 -508909 120475 3 
179221 -508764 39418 8 
179177 -508909 211721 15 
179145 -508933 227989 12 
179058 -508862 249815 20 
184822 286051 94319 22 
39692 -39017 40554 2 
39626 -39041 105290 4 
76150 -386111 39085 13 
76162 -386213 233422 18 
76168 -386222 139402 22 
94372 307362 192767 0 
151853 -566453 227259 10 
151819 -566474 223954 13 
151819 -566302 146125 17 
151746 -566208 159091 18 
151631 -566420 142948 14 
151725 -566357 243266 23 
151709 -566240 124251 20 
151696 -566297 162266 24 
184731 198317 175501 10 
184861 198438 94368 17 
184695 198402 194814 18 
-86174 628734 173703 3 
-34463 -214616 124915 5 
-34562 -214509 222102 7 
-34367 -214676 141248 0 
94364 401572 16323 20 
228593 450235 7682 2 
228503 450194 185876 3 
228634 450321 172849 6 
65447 3346 24225 5 
65473 3300 186163 11 
175786 304753 101697 7 
175683 304804 17534 2 
175629 304890 6810 22 
175814 304804 1197 12 
189512 -331125 59620 2 
189569 -331024 113964 8 
189525 -330988 65161 20 
189647 -330947 111186 21 
189487 -331101 208533 11 
199240 -549198 163344 0 
199345 -549076 53050 4 
199393 -549185 66002 6 
199278 -549147 214911 15 
199471 -549165 244197 7 
199372 -549156 133908 16 
199478 -549185 231178 12 
199379 -549137 36659 20 
199374 -549072 39881 21 
199327 -549192 211601 21 
199231 -549119 249941 19 
269227 -291039 127324 12 
269138 -290804 195227 21 
269102 -291076 227425 18 
269291 -290980 143660 2 
269326 -290990 208395 4 
-22456 -183302 128116 6 
-22420 -183279 47112 7 
-22232 -183204 225458 0 
-22402 -183339 200903 10 
-22290 -183242 34093 12 
-22250 -183329 209124 5 
-22239 -183371 17825 15 
-22412 -183232 196022 16 
-22354 -183365 98763 20 
-22270 -183120 14515 21 
58211 99275 208982 3 
58146 99225 17763 5 
58119 99310 195955 6 
58084 99357 114951 7 
58039 53616 179621 16 
58158 53636 212222 3 
58095 53642 123231 19 
77786 -290749 19782 3 
77864 -290806 221826 6 
77821 -290691 32609 13 
77757 -290830 205573 11 
77838 -290735 226946 18 
77781 -290810 132926 22 
91496 -398771 239953 19 
107615 310867 176400 5 
107475 310872 14387 7 
107543 310900 95391 6 
107542 310915 100661 18 
107587 310900 19673 19 
107441 310966 87694 17 
118061 362216 16458 19 
204364 -390692 215038 4 
204364 -390777 133966 12 
204478 -390678 150302 2 
204277 -390600 39405 13 
204273 -390668 139722 22 
204249 -390566 233743 18 
-40404 -245732 218881 6 
-40370 -245716 202629 11 
118134 -341358 212013 4 
118242 -341386 143960 7 
118085 -341308 33671 16 
118114 -341336 198844 21 
118105 -341373 55262 23 
118143 -341398 233462 24 
118176 -341309 130941 12 
118244 -341344 114673 15 
118206 -341366 195618 20 
-6586 103749 95685 4 
-6415 103745 6478 13 
-6534 103869 184673 14 
-6492 103837 25790 23 
-6516 103767 203991 24 
-6589 103807 200815 18 
114530 279230 24171 3 
114564 279144 11135 6 
162552 517955 361 18 
162552 518179 3533 24 
202917 -573028 75786 2 
202905 -572822 253980 3 
202953 -572947 130197 8 
203109 -572995 62761 5 
202958 -573016 81395 20 
202920 -572900 127352 21 
203014 -572816 140521 4 
202991 -573030 59449 12 
180873 -647207 169870 0 
180938 -647000 72528 6 
180797 -647052 250724 7 
180864 -647210 62021 14 
180730 -647051 58851 10 
180980 -647145 78164 18 
180804 -647164 143026 13 
180809 -647053 256375 19 
180771 -647159 43176 20 
110682 -335904 208730 11 
110795 -335933 230269 18 
110724 -335902 149280 19 
110667 -335798 129822 17 
110908 -335888 238010 3 
110948 -335909 111382 21 
137550 233178 19741 18 
149533 237217 27319 3 
149428 237211 453 10 
152522 -262143 104209 3 
152593 -261946 201347 9 
152716 -262123 217353 22 
152694 -261967 136353 23 
152503 -262046 120344 10 
199523 495713 91106 24 
199735 495813 182708 3 
-51849 543290 176932 0 
-51867 543447 90554 19 
-51835 543272 174717 24 
-17052 133097 175003 9 
-17002 133114 179955 4 
-17055 133103 93997 10 
-17026 132905 191009 22 
33671 180545 1563 11 
33627 180518 6573 14 
33600 180508 90883 10 
33615 180552 87578 13 
33730 180585 9750 17 
33605 180524 22716 18 
33695 180613 187895 22 
33613 180508 106891 23 
33739 180550 25891 24 
113286 -439770 218505 4 
166803 -385609 152660 19 
173138 -246909 221670 1 
173096 -246899 207802 14 
173215 -246922 223945 18 
173087 -247003 129924 22 
186346 -528087 59563 5 
186446 -528049 126916 8 
186273 -527992 221501 11 
186348 -528111 78113 20 
186305 -528169 75897 0 
186350 -528047 159113 24 
207831 569048 175443 19 
208033 568925 88802 0 
36539 160845 202631 0 
36488 161045 89036 11 
36579 161082 186297 5 
37342 286883 174999 17 
37397 286898 16245 18 
37428 286849 110141 20 
37281 286936 12940 23 
37301 286924 191140 24 
119011 353512 181624 23 
119025 353557 100625 24 
119380 91288 123306 20 
119489 91201 199124 1 
119476 91440 107110 22 
130072 185713 181711 17 
129909 185629 116852 20 
154311 286512 186077 1 
154287 286644 105070 2 
166717 55675 87987 8 
166684 55683 6982 9 
166790 55594 188346 14 
166830 55611 179349 16 
166789 55658 39184 20 
166720 55787 185185 10 
166751 55692 201183 23 
195081 -511024 39961 15 
195012 -511086 134000 11 
195052 -511059 69248 7 
195072 -511125 163280 3 
194949 -511138 231261 5 
195140 -511129 150252 6 
-29373 -211901 56921 3 
-29301 -212001 43893 6 
-29323 -211906 27640 11 
22654 84756 37351 3 
22741 84750 183092 4 
56002 361209 92282 6 
55984 361309 105308 3 
67775 232472 108538 2 
67805 232387 27518 3 
67667 232492 197772 19 
167679 627532 1348 3 
138228 -426996 147238 1 
-62737 75668 121879 0 
-62622 75770 105545 5 
-62735 75744 24537 6 
-62645 75693 202733 7 
-62718 75749 103469 17 
-62697 75628 116435 18 
-62636 75701 35447 19 
3192 -258598 128061 5 
3098 -258390 103839 3 
3142 -258495 30799 11 
3289 -258543 216979 22 
77021 -425700 66382 2 
76983 -425652 201220 3 
76968 -425677 131116 4 
76991 -425656 120162 8 
76988 -425618 39158 9 
77024 -425698 217352 10 
77138 -425555 42327 13 
77042 -425695 220522 14 
7929 -192637 228548 3 
7917 -192599 13127 3 
8029 -192456 50354 2 
7848 -192469 37329 5 
7952 -192572 110265 9 
7978 -192581 29259 10 
75368 29236 3518 8 
75336 29158 213916 20 
75285 29330 197719 22 
75448 29318 116715 23 
75351 29158 35715 24 
95195 -386438 66405 0 
95143 -386480 39132 13 
94967 -386468 36969 16 
94928 -386458 233469 18 
95010 -386248 198910 20 
95090 -386458 117971 15 
94986 -386505 114662 21 
94967 -386508 139449 22 
168278 352614 11027 7 
168328 352757 3552 22 
168244 352526 95322 1 
168194 352642 97572 18 
168246 352686 181747 23 
168418 352643 100748 24 
34773 -340429 22915 3 
34775 -340360 225173 6 
34828 -340432 201057 8 
34891 -340468 208920 11 
34823 -340327 120052 9 
34775 -340427 39046 10 
34891 -340235 42216 14 
34834 -340423 213936 14 
34961 -340391 217113 17 
34841 -340384 136058 22 
34803 -340453 35741 13 
34907 -340390 111572 21 
34752 -340485 152254 20 
34749 -340435 55053 23 
34930 -340485 233254 24 
171052 -248725 16775 3 
171014 -248792 113913 9 
171013 -248738 29602 13 
171045 -248785 146115 20 
171042 -248770 48914 23 
170981 -248674 227115 24 
170993 -248587 59660 3 
193560 -265212 104312 3 
193619 -265365 201449 9 
193566 -265362 114482 16 
193603 -265208 120443 10 
193588 -265211 136452 23 
193722 -265305 20455 21 
116670 -198846 137562 2 
116607 -198860 13399 3 
116569 -198796 202297 4 
116515 -198911 191541 8 
116655 -198812 134244 7 
116642 -198732 110537 9 
116724 -198883 29531 10 
116616 -198832 121225 12 
116526 -198878 204420 14 
116603 -198712 215256 6 
116623 -198833 23955 16 
116665 -198857 104957 15 
116501 -198925 207597 17 
116502 -198772 142739 20 
116535 -198895 126543 22 
116601 -198817 45538 23 
116568 -198892 223738 24 
75303 -411375 32678 8 
75364 -411442 210874 9 
75358 -411398 214043 13 
75296 -411303 133037 14 
75360 -411325 149180 18 
75320 -411425 243076 20 
99268 -302341 144085 2 
99274 -302390 50052 6 
99257 -302241 228248 7 
99212 -302309 33799 11 
99353 -302416 63079 3 
99254 -302188 127749 12 
99300 -302277 195651 21 
99243 -302393 233491 19 
99384 -302222 131060 5 
34842 96117 179760 11 
178293 479135 11042 3 
181296 188524 178662 14 
181291 188578 100784 22 
194968 358945 189275 0 
194980 358956 172941 5 
194995 358935 16651 19 
255742 -285027 191947 3 
255746 -285201 110889 8 
255766 -285207 29885 9 
255751 -285183 208079 10 
255774 -285214 126945 17 
255689 -284989 211248 14 
255711 -285099 62087 20 
255732 -285185 143086 24 
-24333 478175 92554 2 
82797 202552 191279 23 
161057 529537 94250 20 
161028 529399 175250 24 
168868 -584188 55582 10 
168851 -584329 163352 2 
226075 408383 185957 0 
225992 408343 88615 6 
226053 408411 7611 7 
136877 121672 202311 2 
136785 121568 121306 3 
136645 121614 27274 7 
136802 121682 108278 6 
136621 121603 175387 9 
136680 121577 94381 10 
136682 121561 185975 12 
136647 121583 207589 20 
136779 121669 88704 16 
136871 121651 7846 4 
231007 202662 172800 11 
230991 202566 29625 20 
230944 202423 27185 0 
230953 202550 13429 22 
230946 202532 110624 24 
244755 363504 191659 20 
66043 -402064 129845 10 
66101 -402297 69642 3 
66099 -402227 40362 11 
66159 -402186 48711 17 
66226 -402238 145852 23 
66070 -402282 226856 22 
66058 -402161 64852 24 
101156 231411 95416 5 
101346 231251 14407 6 
101177 231199 192603 7 
101207 231223 197856 19 
41218 125246 207350 20 
78692 308579 95463 6 
78675 308519 6568 22 
78725 308610 184763 23 
112009 13013 10085 9 
112058 12948 37133 2 
112227 12887 101868 4 
112204 13005 20796 12 
111962 12931 188279 10 
111989 12924 4529 15 
111986 12918 182726 16 
112019 12897 107146 17 
112108 12953 88699 21 
112134 12829 204287 23 
111990 12846 26091 22 
112009 12951 123287 24 
145882 304065 101771 7 
145971 304234 1272 12 
145942 304111 184931 23 
145889 304262 103932 24 
146070 304246 17608 2 
189043 190537 192470 1 
188872 190520 111461 2 
189097 190538 30458 3 
188944 190511 176196 4 
188869 190553 17428 6 
188876 190568 487 13 
188958 190516 197999 24 
188994 190532 95124 12 
189078 190760 195623 7 
191986 365410 191527 20 
243638 344700 17433 0 
243750 344782 1099 5 
243613 344717 19936 20 
-39427 -152062 50541 0 
-39400 -151933 34207 5 
-39366 -152069 118375 12 
-39348 -152115 131394 7 
-39454 -151925 32247 17 
-39373 -152052 183046 20 
-39320 -151974 102107 15 
-39207 -152048 212398 6 
59720 254289 21064 2 
59658 254368 98751 6 
59721 254335 17747 7 
59705 254387 191261 18 
59785 254473 25958 20 
99644 264713 179660 5 
99540 264707 176348 12 
99628 264728 3435 17 
99632 264693 103881 18 
99544 264866 87738 14 
99677 264757 192684 2 
99689 264778 111678 3 
99666 264901 22893 19 
142672 234352 95312 5 
142650 234331 192499 7 
142787 234203 14303 6 
201551 -513679 56213 12 
201492 -513604 120892 20 
201703 -513548 247578 0 
201682 -513649 36635 21 
151527 -436268 223885 17 
151736 -436347 69503 0 
151680 -436413 236851 18 
151555 -436368 61825 23 
151682 -436347 202009 20 
151651 -436399 240026 24 
-60182 486766 183358 3 
-60359 486723 3041 18 
-60381 486608 96936 20 
26586 13875 212376 0 
26551 13872 196042 5 
26549 13747 90876 8 
26550 13827 13041 13 
26709 13752 191236 14 
26601 13874 207378 18 
26612 13735 42074 20 
37458 93818 34149 0 
37474 93829 90899 9 
37363 93823 123101 20 
37448 93861 101983 12 
37435 94025 106905 22 
75467 392528 189499 3 
75484 392539 184756 24 
75503 392534 176471 6 
91070 -435392 53321 5 
90902 -435442 45667 10 
90945 -435421 40219 16 
91048 -435406 150508 7 
90900 -435223 223733 17 
91023 -435425 236699 18 
91065 -435360 215259 11 
90931 -435295 117912 21 
90992 -435279 61674 23 
90944 -435206 239874 24 
90895 -435374 142678 22 
91093 -435447 231512 6 
114046 -244640 16633 3 
114243 -244413 223797 18 
114154 -244668 48772 23 
114106 -244473 226972 24 
114083 -244499 129776 22 
114029 -244637 207654 14 
114010 -244584 113770 9 
114004 -244473 29459 13 
125227 417267 179583 7 
125164 417301 188120 20 
125209 417278 9920 24 
125230 417315 1387 6 
125290 417227 182900 2 
148118 223251 1338 4 
166582 -430055 244351 3 
166600 -430015 53132 5 
166694 -430176 231323 6 
166712 -429936 150319 7 
166717 -429991 39382 9 
166699 -430054 217576 10 
166689 -430102 215070 11 
166612 -430068 120386 8 
166668 -430134 49842 12 
166599 -430106 42551 13 
166625 -430141 220746 14 
173886 508680 95293 3 
173790 508657 181762 20 
178046 173003 104935 6 
178063 172923 198968 2 
178030 172950 23931 7 
178139 172836 117962 3 
178113 172910 4503 4 
178170 172831 204453 20 
178199 172962 182631 12 
252660 -314536 107699 3 
252501 -314498 204837 9 
252508 -314568 123831 10 
252538 -314578 39520 14 
252733 -314532 120895 11 
252680 -314585 26857 15 
252717 -314388 205055 16 
252538 -314447 42697 17 
252527 -314632 220843 22 
252632 -314598 139838 23 
252582 -314470 58839 24 
-50081 -232582 204074 10 
-50159 -232705 29049 13 
-50188 -232682 122943 17 
-50030 -232618 223387 18 
58785 350976 19474 20 
214705 272384 192397 2 
214701 272432 176060 12 
214705 272346 553 14 
214722 272378 111400 3 
214720 272515 14206 1 
67085 244073 24355 0 
111018 -442532 153776 2 
111037 -442582 29585 3 
110985 -442585 207727 8 
111048 -442446 237938 7 
111056 -442526 126723 9 
110978 -442574 137439 12 
111029 -442453 129892 13 
111188 -442556 48887 14 
111010 -442602 65029 18 
111052 -442493 121171 15 
120695 83673 24078 6 
120936 83675 105086 5 
120804 83650 202274 7 
120808 83802 7825 11 
120743 83653 207625 19 
127810 72835 205574 2 
127978 72637 124568 3 
127915 72653 11109 4 
127865 72614 189237 12 
127855 72621 172969 15 
128007 72654 91966 16 
113146 -415264 68286 19 
113347 -415323 127725 11 
162838 213073 199075 0 
162661 213088 87966 10 
162819 213153 107280 18 
-57504 492268 5157 2 
-57409 492197 174768 18 
-57318 492260 177944 24 
-52876 96496 209260 3 
-53058 96405 18041 5 
-52889 96354 196232 6 
-52938 96477 115228 7 
-52909 96586 179979 11 
243242 349479 3739 22 
243356 349471 181935 23 
243286 349372 100935 24 
64014 254464 98740 6 
64074 254303 21053 2 
64235 254405 17736 7 
64001 254287 191272 18 
64094 254360 25969 20 
64181 254275 4716 12 
151790 -349818 66188 3 
151872 -349795 36907 11 
151967 -349808 53160 6 
151728 -349919 134169 5 
24464 24043 14607 4 
24459 23900 38904 19 
38914 341297 184729 18 
38912 341297 187904 24 
38781 341296 90708 22 
38771 341203 9703 23 
125474 -447472 72734 3 
125468 -447355 140715 5 
125217 -447295 59707 6 
125461 -447439 43453 11 
142884 312916 95303 6 
143008 312943 176311 5 
143073 312940 14298 7 
158296 -520356 207903 3 
158402 -520421 45841 9 
158400 -520258 224035 10 
158246 -520416 220730 13 
158224 -520283 139725 14 
158360 -520370 142902 17 
158326 -520432 155868 18 
158292 -520266 61847 22 
158381 -520407 240042 23 
176816 254556 10053 22 
176785 254510 188248 23 
176791 254564 107249 24 
176665 254485 91107 17 
199341 -554790 247515 2 
199444 -554861 166509 3 
199591 -473178 150324 1 
199543 -473137 247509 3 
199494 -473077 134050 4 
199672 -473013 69314 2 
199580 -473236 220898 10 
199501 -473197 52978 12 
199537 -473168 217593 13 
199535 -473177 36710 15 
199586 -473151 214907 16 
278990 59890 20451 5 
278929 59873 198643 6 
278938 59982 117639 7 
279020 59901 182390 11 
278972 59865 7349 16 
278928 60082 179069 16 
278995 59992 104323 17 
278948 59925 117289 18 
125470 -221475 144014 3 
125495 -221494 211995 5 
125604 -221453 130986 6 
125402 -221477 55357 19 
125476 -221512 49982 7 
125463 -221477 114733 11 
125596 -221335 17386 21 
203761 259375 87999 14 
203806 259565 23153 19 
54877 242381 226 10 
54958 242260 178283 17 
54874 242257 3386 14 
55093 242405 113425 20 
54917 242465 16224 23 
54899 242395 97228 22 
54880 242358 194424 24 
173282 400298 95223 7 
200917 416048 91109 23 
200937 416213 6934 18 
252226 -427256 244137 3 
252396 -427097 52918 5 
252299 -427140 231109 6 
252300 -427045 150105 7 
252202 -427139 136656 17 
252370 -427169 214856 11 
252428 -427155 39815 16 
252422 -427126 211535 16 
252259 -427243 117509 21 
252226 -427108 55602 22 
252257 -427179 233797 23 
252400 -427194 152798 24 
252224 -427052 33372 15 
252307 -427016 49634 12 
-41845 525028 89358 2 
-41811 524955 3023 24 
157787 -412063 237899 2 
157671 -412069 43434 4 
157854 -411948 156893 3 
19273 -226739 228594 0 
19313 -226734 144279 3 
19224 -226875 188116 3 
19413 -226848 212260 5 
19285 -226822 131252 6 
19210 -226874 50248 7 
19229 -226885 107058 8 
19255 -226879 114999 11 
19307 -226882 101899 20 
19403 -226915 17651 21 
19167 -226878 58255 20 
34483 -37983 94136 8 
34504 -37863 13132 9 
34536 -37897 191326 10 
34490 -37922 45334 20 
77939 482707 92299 2 
77857 482736 97282 20 
77877 482678 178282 24 
77907 482785 98 23 
41394 174727 115139 0 
41596 174595 204111 20 
189757 398022 11019 2 
189743 398025 189217 3 
189660 398008 176186 6 
258505 370682 185807 2 
258575 370816 104813 3 
258499 370753 91774 6 
193029 366449 185971 2 
192824 366268 104971 3 
192852 366287 91938 6 
221211 319015 172804 12 
221185 318860 178644 22 
221283 318952 189140 2 
221272 319026 16640 24 
221164 318922 97639 23 
221154 319077 108149 3 
208523 412933 188329 20 
208639 413048 101686 3 
208473 413048 10128 24 
-53412 67995 206027 2 
-53481 67812 11562 4 
-53498 67882 87436 8 
-53546 67929 189691 12 
-53603 67907 6431 9 
-53456 67886 173423 15 
-53462 67997 187795 14 
-53636 67773 184625 10 
-53583 67788 38633 20 
-53583 67778 22437 22 
-53532 67900 200633 23 
-52813 65377 9602 13 
-52852 65270 203940 18 
-52854 65233 119635 24 
-52702 65242 125019 3 
-52832 65217 92418 16 
-46988 -194255 50491 2 
-46969 -194397 228685 3 
-46836 -194413 37466 5 
-47014 -194450 191132 8 
-46782 -194413 199404 11 
-47007 -194463 142330 20 
59106 -4326 299 3 
59033 -4226 178437 8 
59028 -4326 97433 9 
59057 -4318 129635 20 
59004 -4313 113439 22 
58977 -4250 32434 23 
58994 -4254 210635 24 
59171 -4193 173101 20 
67588 48889 20980 5 
67517 48755 199171 6 
67560 48830 118167 7 
67540 48919 94214 9 
67496 48750 13208 10 
67603 48752 182918 11 
67540 48746 191275 17 
67484 48769 110220 22 
67703 48891 37313 0 
67538 48817 29215 23 
67662 48759 7877 16 
165338 -532926 49028 13 
165408 -532914 243365 18 
165430 -532968 162377 19 
165325 -532827 227222 14 
165355 -532965 208457 20 
165342 -532901 68340 23 
166796 154190 502 9 
166792 154176 178696 10 
166867 154217 94387 14 
166872 154163 181866 14 
166852 154122 97563 17 
166772 154111 3671 13 
166754 154166 198009 18 
166801 154192 32704 20 
166906 154206 16511 22 
166787 154189 194703 23 
166798 154122 113704 24 
190732 -563745 78200 19 
190743 -563628 124154 20 
105449 -326717 64951 20 
105375 -326622 113753 8 
71235 416978 1522 6 
71122 417145 179718 7 
71261 417046 183035 2 
93985 -290873 19823 3 
94017 -290802 221785 6 
94031 -290869 205532 11 
94108 -290836 226987 18 
94046 -290797 230162 24 
94005 -290819 32649 13 
121778 387936 14498 0 
122626 -225523 101647 20 
122664 -225541 42318 22 
122646 -225467 220513 23 
122723 -225453 139514 24 
122858 -225342 228335 0 
132427 -433632 155814 19 
132380 -433576 40115 16 
132579 -433627 117808 21 
136628 82286 121381 0 
-51322 106404 181399 10 
-51327 106270 6366 13 
-51324 106261 184561 14 
-51080 106393 206090 0 
-51340 106375 200704 18 
-51077 106320 203879 24 
-51333 106431 25678 23 
-51227 106263 119715 19 
51548 -374386 116859 8 
51556 -374402 35854 9 
51637 -374290 238233 0 
51588 -374310 214048 10 
51516 -374408 197916 3 
51645 -374269 217218 14 
129063 185039 3642 10 
129085 185027 19649 23 
183807 -572283 130149 8 
183717 -572427 81347 20 
195659 343857 17553 0 
195889 343797 1219 5 
-9329 130364 34191 3 
-9392 130518 102172 5 
-9422 130358 1590 16 
-9312 130593 4910 11 
-9211 130370 21163 6 
-9414 130590 98860 12 
57626 364916 186310 2 
57552 364996 182992 7 
63357 -370191 221870 5 
63482 -370322 124608 11 
126007 -339331 46754 5 
125989 -339106 224945 6 
126077 -339296 63087 0 
134887 -428026 120307 8 
134819 -428018 39302 9 
134837 -428006 220666 14 
134744 -428230 217496 10 
134724 -428065 42471 13 
134705 -428192 201364 3 
134766 -428127 211829 16 
134951 -428023 33656 15 
162383 415447 188213 20 
283458 338676 101505 2 
283305 338763 7472 6 
283434 338608 185668 7 
283358 338760 185340 18 
283249 338768 104351 19 
189748 -506535 49834 4 
204209 385910 98463 2 
204302 386008 179472 1 
204164 385830 17461 3 
5063 359577 3144 22 
5043 359695 97164 18 
5037 359440 181339 23 
5030 359628 100340 24 
5125 359470 92407 6 
5284 359466 105434 3 
83189 408074 94120 18 
83190 408002 178294 23 
83161 408015 97295 24 
83323 407985 101999 3 
130047 27720 3655 8 
130100 27854 214053 20 
130269 27784 116852 23 
130066 27864 197856 22 
130162 27709 35852 24 
139709 -265801 20590 21 
139592 -265702 233516 20 
157071 26207 33703 7 
157172 26129 114707 6 
157082 26120 3723 8 
157057 26155 181918 9 
157099 26279 100912 10 
157175 26164 192404 12 
157113 26278 176136 15 
157127 26203 214120 20 
157159 26275 1107 21 
157073 26337 197924 22 
157066 26175 116919 23 
157215 26186 95133 16 
157230 26191 35920 24 
157270 26145 208740 2 
157275 26237 14275 4 
157298 26199 127734 3 
81096 31751 27417 6 
81284 31714 124759 0 
81183 31672 108435 5 
81200 31649 173017 21 
81316 31736 32561 18 
99487 -335116 230241 18 
99519 -335236 149252 19 
99437 -335218 129794 17 
105420 490688 175175 18 
105350 490641 182945 3 
105294 490858 94187 19 
114979 -279682 110537 8 
114903 -279610 210896 14 
114761 -279666 61734 20 
114872 -279506 134254 6 
156301 -256159 127678 5 
156213 -256380 230394 19 
156349 -256187 30417 11 
163058 295782 20875 0 
162942 295758 4541 5 
163057 295705 88709 12 
167921 -339301 149423 19 
167793 -339354 230411 18 
168055 -339420 195497 20 
106853 -276936 191575 3 
106775 -276952 53269 7 
106818 -276859 29512 9 
106796 -277006 207706 10 
106810 -277001 40250 12 
106783 -276839 23982 15 
106787 -277022 202179 16 
106833 -276869 126573 17 
106865 -276907 121321 4 
106885 -276807 104941 20 
106753 -276820 142714 24 
184500 -483877 72661 0 
184649 -484027 56327 5 
184459 -483984 234519 6 
184423 -483862 153515 7 
184517 -483995 124228 15 
184531 -483986 43225 16 
184508 -483990 205174 20 
184523 -483932 120918 21 
184612 -483908 140495 12 
201249 351729 192436 3 
201327 351606 14230 2 
201405 351547 179397 6 
201469 351656 98392 7 
201341 351664 97655 18 
201462 351579 181830 23 
201240 351644 3634 22 
201247 351548 100830 24 
73341 246197 8005 5 
176177 541398 179527 3 
176216 541214 6808 20 
192704 223515 17501 1 
52167 -360368 110438 3 
52149 -360354 29380 8 
52198 -360402 207576 9 
52049 -360286 239778 20 
52046 -360223 223581 22 
52027 -360252 61577 24 
52168 -360272 24057 20 
91422 201673 24225 2 
91207 201798 108388 7 
91190 201759 7889 12 
91197 201673 175267 10 
91383 201646 88960 4 
104745 -372047 111410 20 
104849 -371891 238100 0 
132658 65317 208871 0 
132656 65268 192537 5 
132779 65354 111528 6 
141147 85109 105036 5 
141154 85124 24027 6 
141212 85147 202223 7 
141265 85103 7774 11 
147750 54540 179397 16 
157607 407371 88786 6 
157674 407287 186128 0 
157691 407499 7782 7 
157590 407389 13318 19 
180836 307163 87878 17 
180955 307128 100844 18 
228860 -433134 69310 0 
228901 -433244 120542 8 
229059 -433071 39538 9 
120668 276667 108461 0 
163415 371113 175260 22 
163385 371139 94255 23 
163556 371109 4531 6 
163501 371195 182727 7 
163367 371264 13255 24 
240018 -320693 26610 8 
240069 -320779 234522 0 
240056 -320829 124228 4 
239909 -320817 43157 12 
50190 326563 178217 22 
50273 326708 16213 24 
94202 461701 179738 2 
94096 461733 98732 3 
93987 461915 184810 20 
93978 461883 87601 23 
94217 461809 6606 24 
184135 53946 37022 0 
184313 53989 20688 5 
184290 54070 198881 6 
184230 54093 7588 16 
184244 53933 117875 7 
184150 53975 120227 24 
184204 54119 88032 8 
184271 54113 182626 11 
-10748 -251262 229976 19 
191629 570035 175402 19 
238645 386689 98377 2 
238637 386660 17378 3 
238521 386700 185163 24 
238607 386827 179387 1 
24618 -21348 128141 0 
24634 -21333 6631 8 
24662 -21266 184827 9 
24640 -21269 22687 17 
24785 -21287 1445 20 
24577 -21299 217029 20 
24675 -21358 119828 23 
24583 -21363 38829 24 
65608 15632 9969 9 
65772 15622 107030 17 
65722 15629 204171 23 
65684 15529 25975 22 
65665 15617 123171 24 
65615 15496 188163 10 
65653 15749 98688 11 
103183 394294 11236 2 
103025 394315 189430 3 
102937 394267 100661 19 
103163 394291 176402 6 
183362 -271154 204593 13 
183334 -271053 139730 18 
183400 -271202 39284 17 
276470 50128 120962 2 
276514 50220 185697 4 
276553 50132 88261 8 
276618 50155 7257 9 
276481 50216 185451 10 
276586 50192 104625 12 
276439 50125 10426 13 
276517 50158 188620 14 
276675 50303 205124 7 
276450 50227 88358 15 
28542 157999 162 9 
28623 157836 178351 10 
28610 157862 3326 13 
28505 157915 181520 14 
28572 157927 97217 17 
28744 157941 32359 20 
28613 157885 197663 18 
28737 157897 194358 23 
28513 157915 113358 24 
160355 -385466 152644 19 
277385 68568 33480 2 
277425 68600 98215 4 
277345 68713 783 8 
277337 68769 178979 9 
277475 68674 30162 7 
277560 68706 111166 6 
277373 68717 211181 20 
277439 68748 17143 12 
277446 68660 875 15 
277581 68563 97973 10 
277371 68642 194985 22 
277427 68670 113980 23 
277353 68770 32980 24 
277352 68566 182148 13 
-73920 -232096 228827 0 
-73927 -232079 131485 6 
-73819 -231996 212493 5 
-73749 -232104 50480 7 
-73857 -231926 204015 10 
-73932 -232086 115232 11 
-73901 -231962 28990 13 
-73919 -232053 122885 17 
-73793 -232048 223327 18 
89686 -292196 59938 0 
89608 -292354 140792 7 
89591 -292336 111505 15 
89609 -292385 30502 16 
89702 -292446 108195 21 
89737 -292264 43604 5 
89740 -292378 192449 20 
147231 55344 120135 24 
147152 55328 10102 13 
147032 55321 204439 18 
182898 74432 189100 12 
182851 74397 172832 15 
182777 74468 91829 16 
182810 74360 194748 22 
187092 -442997 72580 3 
204456 297156 188383 18 
204557 297154 23079 20 
204535 297123 20771 0 
217872 -414268 224724 5 
217750 -414457 33034 8 
217908 -414444 127462 11 
217754 -414481 214399 13 
223622 315387 95101 6 
223715 315452 192443 0 
223797 315344 176109 5 
223719 315301 14097 7 
223798 315359 511 17 
223601 315518 194846 20 
-40111 481368 181303 19 
-2904 -209283 100580 3 
-3006 -209311 19522 8 
-2948 -209217 113407 13 
-2913 -209353 32402 14 
-3002 -209308 35578 17 
-2855 -209307 229920 20 
-2902 -209271 213724 22 
-3007 -209247 132719 23 
-3049 -209313 51719 24 
95927 -374962 116970 8 
95910 -374891 198027 3 
95887 -375003 35965 9 
95913 -375007 214159 10 
96026 -375097 217329 14 
96003 -375074 149167 24 
95925 -375085 230166 23 
176954 434466 181769 24 
213768 536474 4548 0 
213779 536369 88719 2 
47038 -8844 205785 1 
46809 -8880 16396 10 
46879 -8881 213921 19 
111898 183388 98629 5 
112062 183164 1367 11 
111938 183237 201123 19 
114643 -304289 147356 0 
221976 -441467 45994 10 
222014 -441638 237027 18 
222006 -441497 143006 22 
222090 -441572 240202 24 
221978 -441572 62001 23 
95980 355325 189523 0 
95984 355172 173189 5 
95934 355241 3371 22 
95897 355280 97392 18 
95956 355202 181566 23 
95911 355214 100567 24 
151591 507904 95349 3 
151605 507943 87811 18 
40821 18856 114998 6 
40946 18861 128025 3 
40821 18779 95424 16 
40946 18813 1397 21 
41054 18816 33993 7 
40992 18988 192700 12 
119873 -251995 140794 2 
119868 -251841 59788 3 
119807 -252007 194790 8 
119913 -251838 205529 4 
119814 -251998 32779 10 
119852 -251895 124457 12 
119828 -251844 116954 13 
119837 -251887 210845 17 
119856 -251957 108189 15 
119917 -251817 27191 16 
121561 36524 11063 11 
121546 36444 210867 19 
121686 36441 40343 3 
157694 -259106 144008 0 
157801 -259063 17316 20 
157757 -259222 192265 21 
-31121 65316 124965 3 
-16542 403865 8217 7 
-16482 403886 89221 6 
-16381 403983 181351 18 
-16472 403826 186564 0 
-16500 403870 16046 20 
25419 150987 27630 2 
25459 151104 205824 3 
25437 151097 111792 7 
25471 150977 11293 12 
25508 151009 192796 6 
25622 151016 173222 16 
50862 49385 191233 17 
50768 49392 94172 9 
50855 49396 110178 22 
50877 49386 207374 24 
50756 49416 13166 10 
50779 49405 29173 23 
59479 382561 98825 2 
59438 382574 103716 20 
59445 382565 6533 23 
64562 185866 111772 2 
64746 185802 30766 3 
64664 185820 176507 4 
64699 185791 17738 6 
64773 185896 192781 1 
64783 185943 195934 7 
64762 185820 95435 12 
64678 185775 201005 19 
135722 351800 98557 7 
135896 351984 11105 7 
142298 295517 20927 0 
142299 295473 4593 5 
149673 -355699 123509 13 
155019 -447820 159059 20 
53535 64843 209069 0 
53401 64980 192735 5 
53343 64901 87703 8 
53406 64871 95474 11 
53530 64911 111726 6 
53493 64958 30722 7 
53411 64986 6699 9 
78845 309012 176472 5 
78705 308958 14459 7 
78665 308925 103764 24 
152085 26211 127747 3 
151939 26293 3710 8 
151978 26225 181905 9 
151928 26449 100899 10 
152021 26207 33716 7 
152011 26194 176149 15 
152003 26207 1120 21 
194486 628835 1281 3 
-38956 488393 183305 3 
110435 46323 121378 2 
110266 46437 175326 8 
110364 46413 94321 9 
110283 46418 13315 10 
110413 46383 105041 12 
110294 46383 88773 15 
110304 46340 110327 22 
110261 46353 191381 17 
110347 46363 29322 23 
110310 46284 207523 24 
172277 -383061 49878 5 
172269 -383093 147065 7 
172200 -383033 241097 3 
172384 -382930 228069 6 
172200 -382984 198717 20 
172319 -383078 211816 11 
172341 -383062 117778 15 
172261 -383061 114469 21 
172372 -383110 36775 16 
172442 -383067 66211 0 
159136 -269997 231485 0 
159010 -270073 147170 3 
159094 -270221 215151 5 
159073 -269994 117889 11 
186414 -417368 211151 9 
210537 -268451 231356 0 
210516 -268421 23296 8 
210606 -268392 215022 5 
210551 -268258 117761 11 
210604 -268244 147045 3 
210565 -268307 233694 20 
105830 487303 8059 0 
11812 158326 122 9 
11776 158375 178309 10 
11915 158365 3284 13 
11958 158293 181479 14 
11860 158497 97175 17 
12006 158301 32317 20 
11760 158394 197621 18 
11849 158409 194316 23 
11759 158303 113316 24 
175705 155236 27254 2 
175642 155366 205449 3 
175575 155234 192421 6 
175616 155275 111417 7 
175590 155358 10918 12 
175587 155275 172847 16 
175657 155322 91989 4 
256167 61419 211736 3 
256187 61438 104266 17 
256126 61377 117232 18 
46342 48265 37367 0 
46190 48293 21033 5 
46157 48324 199225 6 
46152 48325 175165 8 
46273 48247 118220 7 
54126 145917 14533 5 
54108 145828 176472 11 
69798 404338 186348 0 
69756 404303 74 22 
69914 404416 89005 6 
69964 404321 8001 7 
156547 -566728 227271 10 
156480 -566876 65082 22 
156508 -566758 223966 13 
156485 -566656 142960 14 
156502 -566688 243278 23 
177978 -584290 241015 6 
177989 -584264 160011 7 
177893 -584320 55604 10 
178138 -584331 228063 4 
178108 -584328 146992 12 
178113 -584189 163328 2 
177964 -584306 152616 22 
177980 -584330 71611 23 
178091 -584317 214894 21 
178010 -584231 249812 24 
202843 -577979 79095 0 
202714 -578078 49192 9 
202764 -577961 224700 11 
202677 -577830 130662 15 
202776 -577902 49659 16 
218093 413787 101662 3 
81408 250031 199204 3 
81450 250079 110327 19 
-11044 -217072 30896 4 
-11174 -217113 116692 10 
-11104 -217116 200867 13 
-11037 -216930 136004 18 
-11110 -217148 119861 14 
-11141 -217103 55015 19 
-10984 -217080 209024 12 
105621 -368541 124503 11 
105676 -368690 146016 18 
105828 -368601 221764 5 
123978 209698 20827 7 
142230 398824 16443 20 
142294 398861 95300 7 
152850 420688 98667 0 
190052 -467790 244367 0 
189949 -467833 228034 5 
189971 -467871 147025 6 
189942 -467859 117677 20 
103945 -274684 45511 22 
103982 -274696 223706 23 
28763 -15063 87700 3 
28832 -15093 19521 14 
28804 -15126 100526 13 
28752 -15192 200843 22 
28739 -15041 35679 18 
30613 -57804 128057 2 
30839 -57883 209066 1 
30696 -57855 47051 3 
30630 -57854 192792 4 
30773 -57744 34023 6 
30675 -57849 212219 7 
30700 -57687 111720 12 
30701 -57889 95452 15 
30653 -57708 25943 17 
30636 -57776 179623 21 
30765 -57892 14449 16 
30704 -57841 38909 18 
30777 -57851 217120 19 
117430 227309 111709 0 
-260 -242385 16347 3 
-159 -242397 231808 3 
-190 -242276 40589 5 
-183 -242406 194489 8 
-297 -242417 113486 9 
-100 -242403 218780 6 
-263 -242299 202528 11 
-292 -242297 207368 14 
-331 -242422 199207 16 
-321 -242280 145687 20 
-301 -242219 105180 21 
-143 -242299 137776 7 
-168 -242325 48486 23 
-290 -242409 226686 24 
-319 -242339 129490 22 
97080 221521 1466 4 
97003 221331 201011 20 
97093 221354 184814 22 
97084 221386 103809 23 
97167 221319 22810 24 
824 66239 124886 3 
858 66085 6568 9 
797 66094 187931 14 
750 66075 200769 23 
826 66037 92284 16 
875 66288 87572 8 
61672 267422 87643 14 
61603 267314 3340 17 
61504 267270 103786 18 
61630 267277 22797 19 
163874 529890 7838 3 
163873 529826 173006 7 
168615 -340757 147152 2 
168597 -340732 211887 4 
168660 -340816 143834 7 
168679 -340744 130815 12 
168574 -340860 33545 16 
168584 -340690 198718 21 
168647 -340721 114547 15 
188113 -325340 211150 10 
188096 -325530 207845 13 
188252 -325515 227157 23 
188153 -325449 146157 24 
188119 -325516 126839 14 
188066 -325524 48961 22 
188084 -325287 124364 4 
198072 225024 1213 4 
-136599 -248952 219122 6 
-136446 -249088 57264 0 
-136562 -248937 119618 10 
33196 269130 87572 14 
33024 269140 3268 17 
33040 269179 103714 18 
59597 -375121 68076 20 
59689 -375206 51880 22 
59514 -375209 230075 23 
59660 -375051 197937 3 
59684 -375081 116879 8 
59562 -375050 35874 9 
113587 391134 184851 24 
156089 -503099 52239 14 
155857 -503174 136549 10 
155854 -502941 133244 13 
155992 -503015 233561 22 
155965 -503035 152556 23 
155856 -503067 55415 17 
156042 -503153 71557 24 
155845 -503138 68381 18 
-64961 78470 178123 9 
-64978 78317 97117 10 
-64866 78278 8289 11 
-64749 78392 100287 14 
-64901 78319 181292 13 
-64882 78417 15984 17 
-30523 -172151 27705 4 
-30290 -172225 222169 2 
-30356 -172292 218852 7 
-30518 -172240 205833 12 
-30473 -172198 189565 15 
-30520 -172230 108563 16 
186213 343199 17577 0 
186231 343327 1243 5 
186217 343194 104109 19 
113735 109698 95384 4 
113950 109601 3610 9 
113918 109652 178499 13 
113889 109569 35812 20 
113819 109752 100670 17 
113827 109551 19616 22 
113871 109578 197811 23 
113750 109606 116811 24 
113739 109643 97493 14 
212509 -390492 150282 2 
212551 -390424 215017 4 
212575 -390401 133945 12 
212400 -390563 39425 13 
212485 -390583 233763 18 
54289 331865 183087 1 
54458 331815 102077 2 
54195 331788 21072 3 
54386 331837 186240 7 
61028 239056 92204 12 
61086 239032 105223 7 
61021 239076 19544 18 
61172 239123 186227 6 
61290 239155 173275 4 
96889 -21741 212131 2 
96877 -21784 17666 4 
96851 -21533 37094 7 
96991 -21724 195794 12 
96915 -21727 4497 21 
100042 -368988 126690 10 
100179 -368881 221778 5 
100055 -368846 124517 11 
100207 -368960 210865 13 
100041 -368798 133036 17 
137272 282712 13191 23 
137423 282876 16495 18 
137326 282741 191390 24 
-50418 -207662 19404 8 
-50472 -207846 32283 14 
-50318 -207775 213605 22 
-50409 -207797 229801 20 
-47346 -180079 141206 3 
-47337 -180211 22647 9 
-47453 -180241 103651 8 
-47275 -180121 111925 11 
-47367 -180200 54849 20 
-47418 -180186 216848 23 
-47433 -180177 135848 24 
-14650 -252003 116618 13 
-14662 -252064 35612 14 
-14686 -252213 119923 10 
-14610 -252080 51755 18 
-14673 -252151 135930 23 
-14695 -252134 54930 24 
78755 295629 107080 19 
86266 142340 87781 9 
88389 404662 88959 6 
88439 404722 186301 0 
88365 404652 7955 7 
-47210 -237949 118471 4 
-12136 51195 34204 2 
-12057 51189 98939 4 
-12081 51083 175020 8 
-11897 51124 212397 3 
27874 19110 209064 2 
27805 18868 128058 3 
27752 18882 192732 12 
27870 18987 176459 15 
27909 18851 115030 6 
201615 281924 10916 6 
201600 281857 189112 7 
201745 281962 108258 0 
201671 281924 175410 17 
201743 281883 91924 5 
201611 281882 16656 18 
201644 282075 23957 3 
201632 282077 13351 23 
201592 281920 110551 20 
204755 379959 87883 22 
47960 198357 189500 6 
47989 198366 147 13 
47905 198369 197647 24 
48174 198346 202527 3 
48154 198414 11308 5 
83535 -364642 140811 6 
83778 -364497 153838 3 
89102 308423 6594 22 
89049 308473 184789 23 
88960 308483 103789 24 
104854 367774 182874 7 
104729 367823 191309 20 
104838 367936 4679 6 
121557 -291008 59860 0 
121312 -291101 43526 5 
121394 -290974 221717 6 
121499 -291109 140713 7 
121464 -291119 32718 13 
121456 -291014 111426 15 
121323 -291060 30424 16 
121386 -291071 227055 18 
121445 -291096 192372 20 
121422 -291105 108117 21 
121298 -291016 230230 24 
-45462 121478 113238 18 
63892 347068 14574 2 
63771 346881 192768 3 
63894 347004 179740 6 
82130 347856 14528 2 
82128 347987 192722 3 
82336 347972 179694 6 
83883 170715 21013 1 
113740 -361044 234769 2 
113763 -361055 110592 3 
113846 -361024 40304 4 
113747 -361062 231463 7 
113823 -361113 29534 8 
113681 -360991 207730 9 
113837 -361012 59731 7 
113737 -361086 121162 16 
113931 -361065 218432 12 
113848 -361067 202164 15 
113674 -361034 239932 20 
113735 -361059 27135 21 
113752 -361041 223736 22 
140350 490031 175263 18 
140432 490030 7971 0 
140333 489987 94274 19 
96154 253273 191352 18 
96121 253240 26048 20 
112792 -240178 142805 19 
112681 -239974 204486 10 
165299 281875 11007 6 
165419 282080 24044 3 
165441 281896 189202 7 
196406 76974 205403 2 
196432 76952 124397 3 
196443 76967 10938 4 
117101 137321 20847 6 
117278 137419 114880 2 
117105 137304 199043 7 
117178 137281 98544 12 
117185 137242 1273 16 
117320 137427 33874 3 
117303 137403 179615 4 
207152 475396 176138 7 
207238 475435 95284 0 
215803 -312995 107607 3 
215710 -312866 36809 4 
215651 -312811 204745 9 
215661 -313005 123739 10 
215697 -313038 39428 14 
215682 -312947 42605 17 
215760 -312877 139746 23 
215672 -312974 220750 22 
215661 -312820 58746 24 
227652 -357350 234485 2 
227601 -357167 40020 4 
227593 -357211 59447 7 
227399 -357393 218148 12 
227534 -357282 231189 7 
227616 -357233 123703 13 
227562 -357329 237052 19 
227406 -357273 58840 18 
227411 -357369 201881 15 
36229 -319510 231723 2 
36090 -319703 150717 3 
36106 -319538 37258 4 
36128 -319540 137690 6 
36071 -319472 210770 10 
36088 -319697 207465 13 
36117 -319700 126459 14 
36250 -319556 56685 7 
36141 -319558 199119 15 
36206 -319708 215386 12 
139883 -11250 43538 3 
139723 -11239 30511 6 
139846 -11293 111519 5 
139728 -11260 208707 7 
139780 -11289 16629 10 
139798 -11341 14258 11 
139696 -11192 179420 15 
139717 -11087 10970 16 
139698 -11252 98417 16 
139824 -11234 214153 19 
181218 -374535 30276 15 
181400 -374683 62880 2 
181397 -374559 127615 4 
181231 -374524 230380 23 
181422 -374681 46543 12 
181195 -374644 214372 10 
222089 305862 98428 1 
221938 305771 182585 6 
221995 305774 101581 7 
222041 305955 1082 12 
222177 305871 17418 2 
222024 305808 87981 17 
221901 305813 100947 18 
252512 -331834 62771 0 
252525 -331769 195179 3 
252448 -331682 224629 6 
252588 -331692 46437 5 
252630 -331834 114121 8 
252650 -331674 208376 11 
252539 -331818 33117 9 
252476 -331662 65319 20 
252557 -331617 237670 3 
264594 -357015 234392 2 
264640 -357045 56201 1 
264513 -357154 153386 3 
264520 -357055 39927 4 
264558 -357100 140359 6 
264504 -357160 59355 7 
264439 -357134 218056 12 
264521 -357168 201788 15 
264495 -357029 231100 7 
264493 -357129 120785 16 
52165 249428 199277 3 
52114 249266 175099 14 
151646 505535 6822 19 
177307 -570008 211191 3 
204299 449796 7743 2 
204347 449849 185937 3 
103517 510378 176475 2 
103385 510431 87690 18 
103576 510369 181586 20 
108736 -270735 147296 3 
108591 -270654 215277 5 
108661 -270730 118015 11 
142979 193347 375 13 
142894 193215 197884 24 
139568 -401612 240072 19 
218183 442639 11017 0 
218230 442599 13394 20 
42146 364405 186348 2 
42223 364409 16269 19 
42274 364350 183030 7 
224399 -442215 72487 3 
99727 455789 90921 18 
99766 455673 175096 23 
99700 455686 94096 24 
159134 -578397 49083 9 
159126 -578345 224809 11 
159011 -578471 52252 13 
159193 -578479 230447 14 
182043 254245 198960 3 
182123 254327 91121 17 
182039 254322 10066 22 
182156 254444 188262 23 
