390
-124242 -264248 430460 0
-122275 -262847 127959 0
-89438 -252017 559671 0
-86629 -223536 471090 0
-86319 628509 198168 0
-85416 -217742 471021 0
-75905 -220377 38950 0
-73849 416298 515230 0
-68664 445374 426598 0
-68344 481571 337990 0
-68015 81546 105366 0
-66862 66295 408796 0
-66740 547904 592707 0
-65681 543455 160751 0
-61861 -233341 342377 0
-61058 99428 320231 0
-59982 -246852 127419 0
-56028 417914 83077 0
-55421 494825 120894 0
-54544 548616 160603 0
-54011 531570 32291 0
-52982 464576 209530 0
-52509 161142 143073 0
-51140 115642 16635 0
-50479 -207916 253897 0
-49469 -239876 342535 0
-48942 115685 16555 0
-45561 83442 105154 0
-45131 -167684 165290 0
-42044 483249 337727 0
-41956 449685 426396 0
-41716 517046 249162 0
-41569 -148470 293415 0
-40966 -184531 382026 0
-37650 -238344 342625 0
-37288 -174062 165412 0
-34747 -244338 559240 0
-34598 -214714 38603 0
-32071 450097 426257 0
-31976 516322 249026 0
-31378 53787 193636 0
-30556 -170989 597414 0
-26637 87107 537002 0
-26061 487663 121180 0
-25698 92763 320561 0
-24050 -217847 470559 0
-21398 -271148 431339 0
-18513 -239836 342769 0
-18187 -248590 127098 0
-15070 -206346 254162 0
-14450 88451 104903 0
-12405 382838 171320 0
-10877 382111 603362 0
-7901 -247588 558974 0
-5405 -241926 342894 0
-4964 56797 409329 0
-3066 -209368 254313 0
-2572 -208842 38360 0
-1825 -181064 165707 0
-424 -274296 215573 0
-377 -242433 126963 0
2098 419530 298616 0
4109 90831 320800 0
9713 -242471 126823 0
11052 84031 320894 0
11515 -246676 343025 0
11743 158269 143623 0
11881 -9111 154700 0
12309 421205 82493 0
13245 -16237 154774 0
13861 -211175 38172 0
15384 -274757 215390 0
16079 95700 536615 0
16838 53260 193286 0
21641 51526 409587 0
21960 95393 104565 0
22122 154024 575711 0
23186 -41765 27030 0
28726 -15210 154891 0
28912 161424 359325 0
29769 -313643 88391 0
32290 381716 387490 0
32783 285342 221340 0
35736 345965 44172 0
36311 79985 321116 0
42111 159722 359162 0
43526 -48421 243586 0
45526 -281781 431911 0
47929 -19967 155076 0
49830 294213 436634 0
50154 410437 299074 0
51480 118859 232577 0
51970 111900 232644 0
52280 -38141 26794 0
53193 182381 55361 0
55360 -34624 458741 0
55506 144947 144016 0
57503 133258 15651 0
58929 299928 4589 0
58958 -4338 370127 0
60287 232001 181787 0
60873 364709 259309 0
61004 324981 347971 0
61018 -386719 265889 0
61753 -21308 587126 0
62504 -35448 26714 0
63988 83327 321299 0
65400 310901 133004 0
69617 198052 270368 0
70294 377834 387841 0
70420 33694 281389 0
70548 427019 82018 0
72180 413784 299242 0
72310 249 370003 0
72395 341191 476490 0
72522 14482 66603 0
74005 8665 498659 0
74303 278131 221718 0
75319 -333756 392146 0
75823 240690 310390 0
76032 199637 270256 0
79390 -318319 88831 0
79778 413478 299316 0
80251 345806 44515 0
82465 -368897 480663 0
83658 401964 602544 0
83698 -385870 266125 0
84594 -398684 569321 0
86581 269273 92962 0
86963 -399316 569240 0
86966 -353641 177496 0
87552 -323987 88929 0
87627 298219 4315 0
88211 261776 524984 0
88540 235348 181566 0
88569 314893 565202 0
89039 77018 321526 0
89098 -323134 520899 0
90600 343313 44657 0
90761 306468 565281 0
90811 276393 221866 0
90884 -20567 155375 0
90959 -20902 587411 0
91028 112807 232940 0
91217 -366208 48644 0
91719 133948 15385 0
91932 -28815 26428 0
93144 435528 513802 0
94178 401519 170441 0
96412 -389563 266221 0
97670 232457 181485 0
98854 -362688 48523 0
99515 264655 92893 0
99590 -287544 373 0
100282 400295 602359 0
100310 -400852 137160 0
101228 38550 281156 0
101608 -330446 391884 0
103881 510310 33640 0
103991 398982 170378 0
104508 307210 133363 0
104736 -357526 177693 0
104757 69169 192520 0
104969 438393 81711 0
105573 165201 358625 0
106602 -266299 214644 0
107307 -293795 494 0
107665 298172 436164 0
108373 -300580 303275 0
109252 406618 170280 0
110446 174050 55858 0
111993 175210 55919 0
113851 137805 15176 0
113981 927 369624 0
115404 273030 222063 0
116667 108427 103755 0
117709 472499 122374 0
117827 72169 192420 0
118174 -228257 125896 0
119167 -256485 343925 0
119341 270034 92662 0
120221 302563 4068 0
121492 36433 280952 0
121560 338472 44892 0
122499 -293630 609 0
122799 -322561 89196 0
122891 471565 122476 0
125237 204357 269874 0
125257 335013 347384 0
125384 -221568 255362 0
126010 500617 33871 0
126207 -258578 214457 0
126510 68711 192286 0
129222 373443 258778 0
130605 168691 56091 0
131237 475100 554489 0
132150 307179 3951 0
132309 236463 181218 0
134674 -428245 355134 0
135769 441955 81458 0
136420 -230827 255510 0
137163 -397022 266541 0
138113 -427205 355231 0
138689 403150 170074 0
139492 -395600 136823 0
139735 372279 258635 0
140477 172177 56147 0
141704 399791 299810 0
143513 -330224 89399 0
143689 310987 435837 0
143955 144177 446956 0
144059 234971 310907 0
144307 176276 358314 0
144566 304660 133685 0
145692 -262071 344189 0
146886 135445 144777 0
147347 -428490 355294 0
149859 140045 576802 0
150076 243958 181032 0
150171 169682 56230 0
150218 437384 81374 0
150245 338878 45130 0
150253 -423376 225355 0
150530 436646 211270 0
151078 205043 269615 0
151717 -465105 11895 0
152489 -262155 344240 0
152520 -424000 225327 0
152854 405914 601920 0
153222 307929 3780 0
153649 273990 92392 0
153650 32392 410681 0
153678 478145 424692 0
153844 -498077 100529 0
154308 303410 565764 0
155903 138601 144909 0
156198 -256435 214230 0
156566 542224 247457 0
156908 598965 200247 0
157057 365911 388556 0
157442 341574 347127 0
157790 141728 14843 0
157991 140758 446787 0
158495 368920 388631 0
158767 -264720 344297 0
158883 -596607 366418 0
160475 41583 280656 0
161010 529362 377545 0
161468 279247 524304 0
161705 311264 3711 0
162412 -365232 178141 0
163263 -562625 277840 0
163486 113060 103355 0
164932 104103 233547 0
164941 300170 133894 0
165311 579162 590759 0
166091 236833 311137 0
166545 142653 14714 0
166638 -356805 47944 0
166891 342791 347052 0
167203 413469 169799 0
167259 -332471 89579 0
168075 201242 399727 0
168458 247178 180892 0
168679 442880 81157 0
169043 398983 300090 0
169065 -589507 236274 0
169124 -235005 255757 0
169350 65365 322200 0
170447 -452755 313790 0
170962 309145 3626 0
172187 -383114 136511 0
173023 632501 111770 0
174163 277516 92204 0
175082 563714 289018 0
175748 639452 413430 0
175794 177659 358076 0
176005 167222 56418 0
176131 240487 180804 0
176316 463415 122881 0
176352 307131 435587 0
176700 -252145 214011 0
178066 544723 247230 0
178418 113275 535227 0
178970 -535186 189359 0
179409 46035 280450 0
179783 -267033 344460 0
180358 165987 488448 0
180423 512263 335858 0
180600 364580 388798 0
181093 442493 513091 0
181306 -567781 278040 0
181367 462101 554933 0
181490 -468434 444150 0
181731 74364 191879 0
181768 -501826 532767 0
182044 408101 169720 0
182509 -530521 189449 0
182644 -462871 12193 0
182688 180272 357960 0
183485 312070 3531 0
183835 342250 346930 0
184116 563976 289150 0
184382 96286 233757 0
184518 -318870 391200 0
184549 -414613 225021 0
184679 65602 322379 0
185047 200189 399919 0
185108 -234497 255913 0
185234 512500 335818 0
185568 349597 346873 0
186077 -634338 23266 0
187376 495434 34354 0
187847 267154 222666 0
188157 578935 158580 0
188575 -433714 355606 0
188880 -434652 355662 0
188996 -584816 236060 0
189187 633183 543908 0
191567 164736 56578 0
192782 226374 311345 0
192910 98405 233822 0
193031 327217 45488 0
193880 579003 590480 0
194875 83960 191702 0
194967 -531165 189543 0
195305 491959 466439 0
196057 481742 424307 0
196299 134124 145215 0
196671 295095 134135 0
197818 281258 92031 0
199091 -405177 267072 0
199224 -549211 579357 0
199976 397973 300314 0
200221 276757 523986 0
200573 577316 158423 0
200640 497049 34517 0
201403 -447117 313493 0
201511 -483745 402107 0
201662 110175 103091 0
202491 -516338 58714 0
204274 447044 512853 0
204923 284720 91971 0
204949 316983 3369 0
205142 -266470 344685 0
205279 415707 601459 0
205498 315442 435304 0
205718 -548114 147302 0
206141 328409 45645 0
207742 426424 211766 0
207753 510455 335606 0
208144 311816 3281 0
209231 -338945 89938 0
209661 415116 169486 0
209877 496191 466582 0
210490 563051 289350 0
211954 -306840 1333 0
212232 324728 477643 0
212825 527469 377956 0
213907 -647933 413078 0
214744 384418 258030 0
215594 -313053 390920 0
215813 346759 346625 0
217175 258336 222951 0
217883 413772 169352 0
217925 279295 91817 0
219580 -273364 344813 0
221470 327676 45751 0
224172 -437595 355919 0
226479 445593 80730 0
227725 358452 389160 0
227946 456277 123324 0
228057 -348705 47457 0
229909 381451 257915 0
230687 -438783 355996 0
237076 352839 346441 0
242278 -403558 267458 0
242487 388119 257757 0
245985 222617 268804 0
251515 -312183 390648 0
253460 -343069 47201 0
265025 -281177 345181 0
266671 -275179 301904 0
266734 -274227 345240 0
268648 -308799 1826 0
270310 -308256 390442 0
278190 50970 323130 0
278432 358128 346065 0
282300 352733 389637 0
283985 -271351 301710 0
