3408
-16054 -201854 34965 5 
-16086 -201851 28256 10 
-16232 -201839 113650 1 
-16230 -201753 120196 2 
-16128 -201906 19621 12 
-16013 -201832 130468 16 
-16174 -201839 103709 23 
-16063 -201882 16253 33 
-16197 -201809 130467 16 
-16143 -201834 102448 33 
-16215 -201841 132358 37 
134446 -240615 132474 18 
134572 -240622 29968 22 
134441 -240562 23995 21 
134619 -240567 17033 19 
-42189 442131 9279 15 
-42086 441941 89399 14 
-25653 119771 13380 25 
-25579 119838 90062 29 
-25524 119826 16355 0 
-25714 119832 23600 37 
64159 355065 6667 18 
64315 354960 9591 39 
94057 -3207 101114 10 
93970 -3236 107789 25 
140532 -14845 22881 5 
140553 -14896 119853 34 
140702 -15009 33253 14 
140615 -14874 119244 14 
140661 -14954 7113 12 
140630 -15067 104180 26 
140739 -15047 120852 39 
236101 388247 92179 37 
236044 388153 4370 16 
56802 378374 7410 37 
84525 -292154 53020 11 
84383 -292315 40601 5 
84390 -292174 51515 38 
200904 -520848 132769 9 
-34484 -162401 22918 6 
-34611 -162258 50377 28 
-34660 -162381 130836 39 
-34509 -162244 40570 27 
-5823 66634 7979 9 
-5842 66698 103386 25 
1648 -210276 132187 14 
1587 -210293 133931 39 
1691 -210406 38276 0 
1703 -210399 135516 7 
1478 -210420 38278 0 
1453 -210429 40716 36 
1713 -210390 46196 14 
1681 -210406 40714 36 
16901 53338 17603 25 
59233 142081 111915 7 
59154 142261 10957 2 
68194 -387455 39491 1 
68413 -387428 28263 3 
68255 -387588 124196 9 
68202 -387509 30733 32 
68367 -387524 37474 6 
68410 -387424 144155 14 
68249 -387389 123757 29 
108241 220115 105011 39 
242514 -307940 120259 4 
83021 143580 111829 7 
146267 254580 98789 27 
146285 254575 101388 38 
146474 254381 14799 14 
179157 -394256 39916 1 
179173 -394243 31146 32 
179289 -394173 38005 29 
186569 -247383 37438 5 
186548 -247152 30184 22 
287475 347225 7439 18 
287456 347150 9248 34 
287657 347150 89873 36 
27949 -43218 91693 3 
27918 -43175 34814 38 
28105 -43087 14973 6 
28010 -43080 101195 29 
27985 -43250 108251 35 
28159 -43197 111099 5 
83926 -366750 48650 0 
84032 -366671 131634 2 
83826 -366753 132287 25 
91865 -379008 57803 37 
104832 -357323 143232 39 
104796 -357509 144787 31 
104831 -357248 57255 39 
135283 309750 96601 18 
194551 227349 87870 26 
198380 357133 102306 28 
198530 357040 97376 7 
198470 357208 9266 39 
170833 60471 8355 9 
205112 251920 16632 11 
70321 175803 108288 39 
70473 175937 28055 28 
70537 175838 101882 36 
77501 250786 99176 27 
77387 250932 15135 14 
83268 164740 89918 10 
83277 164820 105390 18 
83398 164805 2868 22 
102230 -399876 40589 22 
102281 -399764 117575 23 
121846 304142 87430 5 
121680 304175 4020 0 
121937 304187 4018 0 
121809 304177 4019 0 
153552 46857 104951 5 
153419 46820 103732 2 
153461 46681 11863 10 
153498 46768 18034 25 
153513 46747 36560 28 
153453 46697 115218 38 
153671 46721 113552 27 
212353 406991 4811 38 
212232 407135 6044 39 
-15855 -143169 117063 5 
-16081 -143089 12173 3 
-16072 -143280 105870 8 
-16027 -143074 18639 8 
-16025 -143225 116045 20 
-15930 -143134 130901 7 
-15947 -143167 123140 36 
64015 -351687 63223 28 
64006 -351698 50505 36 
149576 182126 8347 2 
149475 182197 18061 16 
155922 -269247 125471 5 
156090 -269142 49858 37 
51143 261692 107723 15 
50992 261570 101967 39 
50931 261616 89484 2 
50915 261639 16005 11 
272090 56721 8571 9 
45903 -370948 48975 0 
45793 -370958 48976 0 
45702 -370868 39562 10 
45701 -370950 126149 10 
45717 -370928 46312 25 
45765 -370988 41442 26 
45784 -370896 54924 27 
45714 -370945 143479 34 
45834 -370870 58131 11 
119957 419275 92984 7 
144561 -461882 131947 10 
144495 -462053 133794 26 
144537 -461938 122556 32 
133615 375975 92111 18 
133613 375935 14664 28 
128695 -4773 32266 38 
134684 188494 19662 34 
134838 188461 22747 7 
134667 188455 92830 35 
134812 188515 101372 36 
135878 300864 18695 15 
152837 446314 90176 11 
152960 446047 2484 14 
152868 446207 88475 14 
156236 -414913 42593 10 
156079 -414856 134595 2 
156137 -414894 122185 21 
168678 113832 13993 25 
168618 113996 24853 37 
214274 -297612 22267 3 
214399 -297695 32927 4 
214359 -297629 34339 10 
214312 -297644 120925 10 
214306 -297545 22957 33 
214421 -297570 109152 33 
214327 -297607 51792 38 
214277 -297447 128860 24 
214219 -297630 137234 18 
286633 356165 7993 14 
286524 356296 15024 15 
286472 356295 8891 37 
286421 356149 7994 14 
122336 -301372 117837 29 
122408 -301327 119960 4 
204050 489884 823 11 
204133 489976 93500 28 
-39703 -231393 131871 18 
-39624 -231375 113895 6 
-39738 -231288 29146 1 
-39705 -231180 23302 21 
-39547 -231407 24983 8 
47410 -13047 33248 34 
47345 -12814 103943 26 
47516 -12943 108123 5 
47360 -13037 124700 30 
58328 309693 87235 25 
115587 495126 463 11 
160986 -387300 58249 37 
193808 -537276 69269 11 
193795 -537289 155749 39 
193849 -537270 55982 20 
193986 -537263 142686 20 
196900 -421210 120801 17 
196884 -421254 60045 38 
197079 -421107 123538 8 
197059 -421232 115487 19 
196946 -421255 115488 19 
145702 -261981 54903 30 
145806 -261996 54904 30 
-56209 96363 32340 15 
-56262 96367 93708 22 
-56199 96301 20602 36 
-56196 96299 112008 38 
3380 -183616 101162 3 
3501 -183603 104559 12 
3480 -183548 138113 28 
3365 -183646 119768 25 
3377 -183546 136082 30 
3558 -183450 119951 5 
84619 -422643 149253 7 
84526 -422754 44830 26 
84491 -422720 118079 33 
84554 -422805 146719 34 
112986 305530 12659 39 
226315 -419489 123397 8 
226328 -419459 42744 10 
226358 -419390 115264 19 
226183 -419467 122464 21 
-18480 58485 25667 27 
-18405 58483 7666 6 
-18361 58661 27865 14 
127490 355774 9435 39 
145783 283996 102252 7 
170961 117332 18799 36 
-64694 -240815 122897 2 
-64540 -240820 22128 17 
-64608 -240806 108861 17 
-64644 -240906 123642 25 
-64696 -240847 20639 32 
-64613 -240865 107325 32 
-26833 138144 4368 1 
-26799 138153 97732 2 
-26813 138122 2407 9 
-26811 138208 3249 4 
-26631 138175 112225 7 
-26753 138078 93887 26 
-26723 138126 107177 27 
-26833 138070 90500 4 
133888 219024 106967 7 
133833 218825 111312 28 
133911 218957 5996 20 
133931 218996 92700 20 
196233 297613 86994 2 
196172 297621 1815 25 
-3952 -252215 116413 4 
-3936 -252155 105555 33 
-4037 -252300 117661 10 
-3986 -252236 19360 33 
-4021 -252345 46791 18 
-3937 -252254 48824 37 
-4034 -252194 37978 25 
-4043 -252331 111221 21 
94615 -368646 54644 27 
94785 -368628 54643 27 
94600 -368791 143353 34 
143272 -414629 134567 2 
143334 -414649 122134 21 
143499 -414589 42565 10 
-73578 -197690 120072 2 
-73740 -197602 113430 1 
-73758 -197744 25745 4 
-73641 -197599 113007 4 
-73559 -197617 28132 10 
-73526 -197632 103510 23 
-73737 -197752 130153 16 
-73722 -197711 16116 33 
-73639 -197699 102311 33 
-73590 -197636 129662 27 
-73720 -197727 131987 37 
-39696 -159513 24181 1 
-39610 -159547 25412 10 
-39721 -159624 111998 10 
-39746 -159624 103543 17 
-39624 -159672 15879 32 
-39547 -159669 116043 35 
-39619 -159576 102600 32 
-39741 -159666 113590 26 
-39730 -159682 116044 35 
105190 -261526 111656 21 
105236 -261710 137397 11 
105191 -261738 120537 26 
105200 -261734 49800 34 
105194 -261744 49528 37 
105293 -261621 136862 39 
110807 -376882 115063 33 
110689 -376953 57097 38 
124997 -358528 48299 0 
124886 -358538 48300 0 
125350 383454 93173 34 
128251 180390 95637 25 
128359 180206 96212 5 
141584 -234770 104677 3 
141705 -234837 50794 7 
141575 -234811 27636 9 
141596 -234988 111343 8 
141811 -234974 111342 8 
147534 -338530 36988 10 
147508 -338477 42455 20 
147475 -338557 115171 17 
147528 -338617 116988 21 
147612 -338473 129159 20 
147668 -338532 49841 36 
190298 -304958 120129 4 
201487 -510990 69293 7 
201555 -510908 129747 8 
201517 -510959 40357 12 
201606 -511136 66253 34 
201642 -511122 54996 5 
201492 -510916 143364 24 
221421 -433089 32209 33 
221213 -432953 146227 18 
221232 -433141 32779 23 
221325 -433166 136809 25 
221430 -433007 141827 36 
221283 -433204 154947 28 
221421 -433108 47900 35 
249187 235079 102872 34 
249116 235046 91925 25 
249221 235119 3307 35 
249056 235121 3308 35 
-69405 103472 13484 2 
-69247 103544 14560 5 
-69311 103661 5080 9 
-69394 103507 6364 4 
-69456 103509 16147 24 
-69254 103532 4990 29 
162338 -418188 120656 17 
162424 -418108 146519 34 
138114 -416101 120555 17 
138232 -416222 67364 28 
179085 -538924 152780 16 
193299 -440134 137115 5 
193245 -440356 129349 1 
193186 -440359 122325 12 
193198 -440224 145776 16 
193225 -440255 64644 7 
193276 -440361 149382 39 
193426 -440333 127690 6 
193177 -440219 138479 24 
221616 -344115 25462 3 
221825 -344136 47472 0 
221660 -344006 121760 9 
221670 -344126 123748 10 
221676 -343968 115482 17 
221677 -344113 117283 21 
221680 -343957 113501 23 
221720 -344123 26053 33 
221672 -344026 112248 33 
221619 -343927 36177 4 
-34121 -245545 112188 8 
12004 73203 2854 21 
17178 61925 9502 1 
17027 61915 16476 2 
16967 61866 90651 21 
17092 62035 27697 14 
17143 61916 7458 6 
17088 61882 25464 27 
17011 61910 28812 39 
16967 61910 7459 6 
52681 -25941 4103 33 
52633 -26029 22163 2 
146130 166881 114060 15 
146110 166894 5514 26 
-118081 -246198 28876 4 
-118055 -246428 30829 10 
-117898 -246404 22895 12 
-117916 -246380 48089 37 
-118056 -246282 46396 18 
-118091 -246241 110766 21 
-118167 -246273 37618 25 
-118094 -246377 19089 33 
-118007 -246302 105284 33 
-50626 77751 3723 13 
-50590 77886 102481 5 
-50624 77773 87230 17 
-50443 77878 2605 21 
-50361 77819 113665 34 
-50584 77774 11593 26 
-12953 127875 87163 8 
-12931 128059 97781 20 
-12958 127979 99275 25 
-12861 127908 110228 34 
39313 -16155 14553 1 
136607 420861 92921 7 
136521 420903 90312 38 
161005 491450 648 11 
195597 311232 3388 0 
282874 -273018 139180 7 
282821 -272883 24991 12 
282792 -273050 136997 14 
282885 -273029 135031 27 
282880 -272942 58088 28 
282741 -272992 112363 21 
282895 -272983 131054 36 
282728 -272964 138118 11 
-17625 -138473 101573 12 
-17605 -138338 118274 24 
-17472 -138510 29346 20 
-17571 -138518 107079 29 
45652 117532 111533 39 
45876 117503 25557 39 
45765 117677 24061 37 
171776 82446 94654 22 
171829 82421 97681 26 
199605 500761 5376 15 
-34457 84196 26391 38 
27595 -57684 103887 1 
27595 -57617 94891 23 
27503 -57528 111668 25 
27687 -57623 16340 9 
37163 155993 107622 37 
85715 286132 99570 37 
90698 215222 104031 38 
90643 215070 102723 16 
90755 215125 19078 39 
90697 215260 6149 20 
100222 -380483 57857 37 
100390 -380508 57858 37 
112434 337463 10987 11 
112390 337440 91264 36 
112392 337661 9699 34 
112627 337451 91262 36 
122768 372239 7835 37 
157282 548365 2194 15 
269429 -348033 131078 5 
269422 -348134 117473 21 
269480 -348101 116076 12 
269432 -348006 56851 39 
269300 -348068 118481 13 
269303 -348134 115681 17 
269329 -348067 142826 39 
269297 -348130 113665 23 
269548 -348042 53644 27 
56070 285843 11123 18 
56079 285869 99379 37 
199187 437676 87854 18 
199335 437668 89640 34 
199181 437702 8262 30 
220264 329857 13081 7 
220228 329859 11425 11 
163319 50697 116560 11 
163284 50732 94918 29 
170238 136911 89203 29 
64697 408902 91073 37 
91913 -374564 46458 25 
91963 -374336 39663 10 
91990 -374346 126248 10 
175579 174327 95365 2 
175593 174283 87773 4 
175592 174374 9927 25 
175563 174469 21780 11 
-85223 -227791 28972 1 
-85152 -227694 35891 2 
-85153 -227759 104122 3 
-85052 -227718 27153 9 
-85158 -227675 45107 16 
-85177 -227622 131714 18 
-85015 -227724 23121 21 
-85092 -227697 29057 22 
-85074 -227763 123084 5 
-85147 -227697 133796 34 
-42263 -151698 23857 22 
-42191 -151669 13930 23 
-42350 -151673 22591 4 
-42417 -151769 21717 9 
47017 -42196 14862 6 
47131 -42159 111056 5 
47080 -42207 108142 35 
47177 -41972 101111 29 
62064 218183 107226 7 
62206 218127 105124 39 
62070 218158 493 10 
62037 218071 102567 16 
62150 218315 4381 35 
80862 237233 15926 37 
80882 237360 23628 28 
164072 87994 100950 2 
164128 88051 119995 28 
164130 87891 112478 38 
164025 88016 31527 30 
172655 -467624 128982 29 
177277 -269198 49993 37 
177215 -269104 37787 20 
177264 -269104 124491 20 
177320 -269114 29258 6 
-25920 60976 28918 39 
-25985 61061 115790 11 
-25865 61201 121075 15 
70914 320485 13620 7 
-31342 -262333 108141 23 
-31258 -262213 137196 39 
-31389 -262323 18300 19 
-31153 -262261 18298 19 
40379 107548 32550 28 
40446 107570 14311 5 
40542 107754 27766 7 
40548 107572 19834 36 
40596 107630 90689 6 
40627 107600 4508 29 
48875 405438 3065 27 
50525 -30147 109120 2 
50602 -30283 35098 39 
65359 146349 106651 27 
74127 8728 86746 19 
118712 265782 2670 2 
118540 265804 101801 39 
118580 265790 8929 36 
118609 265917 92708 0 
118484 265914 92709 0 
122130 25485 97363 4 
122242 25532 1190 33 
122173 25348 31738 39 
122253 25369 124530 28 
122130 25538 87384 33 
122303 25535 19990 5 
205443 297231 1181 20 
145832 -237501 142023 28 
146066 -237610 16945 19 
145930 -237621 16946 19 
153644 -276381 39213 2 
153643 -276295 35137 26 
153599 -276122 105937 19 
153668 -276131 108789 23 
153741 -276248 139646 7 
162110 -396829 38081 29 
540 405874 3083 16 
354 405893 3082 16 
545 405850 92538 39 
162768 -373221 150752 28 
22748 107315 14351 5 
22800 107425 27830 7 
22855 107420 4586 29 
22869 107542 30226 30 
22899 107284 90793 6 
64937 273899 88380 20 
64783 273936 16248 31 
64940 274009 2527 5 
97531 285748 99923 34 
97674 285570 13077 34 
97482 285710 99646 37 
97626 285687 99647 37 
100106 300916 86786 2 
100129 300776 1512 25 
100119 300765 4204 0 
100304 300758 10177 27 
100337 300768 4202 0 
123167 67434 93917 9 
123268 67499 87957 17 
123261 67567 3297 21 
123188 67569 12035 26 
145523 200789 8209 5 
155441 376883 91325 27 
155580 376944 14591 28 
213067 243775 5124 5 
212956 243561 16120 34 
212889 243767 23195 28 
103686 -333454 41167 35 
108208 -315077 55594 7 
108112 -315079 34678 1 
107989 -315056 29053 21 
108001 -315159 121277 22 
108135 -315030 53133 34 
108078 -315146 54063 39 
113437 43218 98363 10 
113376 43355 114463 18 
113437 43235 95136 29 
113631 43254 113781 27 
113522 43388 36696 28 
-63413 449635 86945 18 
-63262 449394 3535 39 
234704 205096 8008 5 
35680 51117 103477 2 
35629 51157 114967 38 
35662 51307 5929 8 
39171 66068 30126 31 
39232 66056 15456 20 
39284 66113 102160 20 
133143 -368858 131740 2 
133058 -368867 132442 25 
216007 271617 100460 14 
216033 271706 101562 39 
-104228 -257469 51700 7 
-26263 -179178 135813 30 
21868 125145 15950 0 
21664 125166 99384 25 
21768 125013 89854 29 
21762 125121 15951 0 
96271 169826 3360 10 
96357 169838 88963 22 
96501 169845 107169 14 
96267 170031 5387 26 
96286 169819 107170 14 
152761 -260304 136750 39 
152748 -260236 38474 25 
152839 -260325 49677 34 
12686 130884 5973 10 
12694 130984 92559 10 
66248 261458 93117 0 
66288 261392 9344 36 
66180 261483 89517 2 
66185 261563 16067 11 
66243 261381 101170 14 
70866 353007 95006 14 
89430 378133 91958 18 
99065 -28969 22264 2 
99152 -29059 26366 0 
98997 -29072 118898 18 
99112 -29031 18552 26 
99141 -29028 4213 33 
99150 -28908 34979 39 
131238 215523 642 10 
131248 215539 15868 18 
131363 215620 110808 15 
131282 215753 2187 26 
131281 215536 18979 39 
131222 215576 92463 2 
135491 -260407 49722 34 
135386 -260350 136791 39 
135560 -260396 47004 27 
147166 243098 5274 5 
146995 243085 91603 25 
147115 243141 16290 34 
146949 243134 15725 38 
180131 53070 10127 1 
180129 53083 91301 21 
180382 53055 10128 1 
184904 -630898 55477 4 
184934 -630880 56620 10 
185018 -630943 46107 23 
184869 -630916 143206 10 
184924 -630787 50013 21 
184867 -630914 44436 33 
184980 -630687 157808 27 
187326 139386 11234 2 
187311 139384 89128 29 
187250 139305 22867 34 
187347 139300 109712 34 
187420 139419 97075 20 
210516 267521 107318 15 
1598 122698 16123 0 
1667 122578 89942 29 
1424 122761 8436 26 
1448 122583 89943 29 
96527 85565 94220 1 
96508 85564 94041 4 
96460 85781 8947 10 
96590 85750 95533 10 
96627 85678 24854 16 
96580 85780 24718 18 
96649 85636 120224 28 
96634 85654 26444 34 
96462 85708 8300 22 
96549 85686 94349 22 
136297 297483 98602 38 
152351 308822 96660 18 
152569 308943 12558 39 
211809 -276230 41470 24 
211960 -276043 139436 7 
211898 -276236 25157 12 
212013 -276270 58328 28 
211898 -276235 50229 37 
66226 131583 89659 29 
66293 131509 15570 0 
66132 131633 4724 1 
66329 131710 86793 8 
201235 97541 5657 9 
201194 97720 110409 16 
203190 563294 87601 15 
-19296 -246169 142583 28 
-19120 -246263 127070 0 
-16830 -170602 44817 39 
-16711 -170458 130279 34 
-16597 -170461 46687 7 
-16746 -170417 43434 34 
58428 -26561 13642 9 
58408 -26635 18449 26 
58341 -26643 31767 16 
58363 -26635 118757 18 
97234 356782 94881 14 
111375 329149 96547 34 
199880 420368 97908 28 
199807 420324 2203 27 
199989 420342 2202 27 
208758 310346 12420 39 
-73945 -214174 112840 9 
-74102 -214172 132546 14 
-74114 -214176 18304 23 
-73948 -214212 46555 14 
-74118 -214178 41316 36 
-73985 -214064 120814 20 
-73927 -214004 135789 7 
-61222 -231435 29164 22 
-61237 -231399 45240 16 
26146 -53495 16298 4 
25962 -53509 103560 4 
26073 -53492 102000 9 
25942 -53495 36977 11 
26019 -53507 7118 33 
26012 -53446 93313 33 
25965 -53505 26212 24 
208833 312204 3275 0 
164850 -424619 148176 11 
165039 -424646 153484 15 
164855 -424740 51002 24 
165004 -424495 123692 8 
164918 -424557 129198 10 
164909 -424588 118270 33 
178939 -351093 47838 0 
178925 -351064 116288 12 
178905 -351109 57073 39 
178886 -351053 131284 5 
178760 -351081 53631 16 
178796 -351060 141977 37 
178938 -351121 143049 39 
195745 -349962 131245 5 
195823 -349872 116249 12 
195760 -349844 46264 24 
195753 -349759 143007 39 
195901 -349919 47693 0 
195942 -349972 57031 39 
-113379 -267456 34459 26 
-113364 -267462 137398 39 
-113259 -267454 50363 34 
-113236 -267469 51422 39 
-113126 -267343 18924 19 
-105867 -247754 48166 37 
-12771 90388 86400 12 
-12905 90415 626 17 
29103 -47355 129239 28 
50181 313984 95420 16 
50216 313985 96307 18 
50132 314106 2033 24 
84268 502018 6049 28 
100853 10046 86542 19 
100750 10159 106423 2 
100718 10022 86543 19 
106199 308860 2245 24 
113887 431595 89860 34 
126836 371946 7861 37 
149928 125513 5045 1 
152138 213653 104162 38 
152259 213770 15940 18 
155674 189302 19608 34 
155841 189293 22671 7 
155803 189361 101205 36 
155835 189293 92709 35 
172894 -402300 46929 20 
172977 -402399 36423 8 
172866 -402375 126924 22 
172855 -402192 117816 23 
173054 -402422 119337 12 
173107 -402408 134228 5 
172979 -402410 133633 20 
173058 -402408 143064 27 
172915 -402383 117844 32 
172932 -402270 60272 39 
172978 -402334 146247 39 
172890 -402421 143065 27 
186476 491925 752 11 
188946 180370 8433 2 
188965 180436 18277 16 
189007 180386 91146 26 
188995 180448 27653 28 
189039 180401 106730 14 
189179 180485 96074 5 
189110 180414 107996 39 
195382 122362 89784 6 
195315 122354 5219 1 
195376 122299 27208 7 
195375 122335 25190 39 
195272 122450 99003 5 
195397 122271 111165 39 
195459 122249 3829 29 
195480 122457 18605 36 
195245 122243 3830 29 
195247 122446 18607 36 
195870 -448650 50525 2 
221467 -363130 143026 34 
221335 -363128 36096 9 
-101551 -240079 107188 32 
-101696 -240136 122816 2 
-101561 -240145 34935 35 
-101654 -240022 108706 17 
-101688 -240188 123525 25 
-60056 -212811 135739 7 
-60054 -212915 34059 20 
-60027 -212936 134083 39 
-59830 -212878 46488 14 
-59892 -212833 132479 14 
-60047 -212894 46489 14 
-59922 -212802 120763 20 
-59910 -212884 41203 36 
-60030 -212910 41204 36 
176786 363020 94504 14 
176574 363000 94505 14 
201665 -483670 34942 3 
201556 -483662 140028 5 
201539 -483713 125341 12 
201619 -483675 132421 22 
201571 -483605 59699 36 
201731 -483710 44273 6 
201684 -483622 153509 7 
201693 -483626 43591 29 
23722 373448 94919 11 
77053 456142 7152 30 
82975 207042 87125 10 
85277 -316577 54119 39 
85373 -316668 55676 7 
85419 -316643 53191 34 
150291 53445 92609 8 
150341 53415 89039 12 
171901 -477109 120634 3 
171980 -477142 149807 14 
171952 -477042 63816 14 
171886 -477039 61609 27 
171776 -477171 149808 14 
171956 -477129 71643 28 
171817 -476946 48341 26 
52649 -23636 41295 28 
52782 -23518 33670 14 
52821 -23620 119660 14 
52644 -23522 121378 11 
52789 -23430 5293 23 
52660 -23464 90299 33 
79258 11767 106377 2 
104202 135053 98015 2 
104173 135183 3567 4 
104330 134940 15245 0 
104137 135024 90827 4 
104200 134917 15246 0 
104310 135057 89492 29 
104258 134933 109926 34 
104080 134990 2686 9 
106452 291818 89615 24 
144477 -449894 148359 38 
256014 -310242 128742 25 
255955 -310129 52752 34 
-39538 -218931 48057 39 
-39373 -218997 107694 12 
-38503 467755 87176 38 
-31872 450106 3458 39 
14811 18319 19276 2 
14761 18228 98872 1 
14728 18229 10786 9 
14780 18215 32002 39 
30475 156702 99038 24 
33726 -20555 23123 5 
33750 -20710 7364 12 
38717 49744 9866 4 
38789 49839 757 23 
38777 49683 1717 32 
38789 49691 88438 32 
38699 49697 11615 10 
52398 -352041 63262 28 
52563 -352058 50596 36 
60513 218964 92310 2 
60388 218846 2007 26 
60352 218802 15622 18 
69376 -297777 119828 4 
69438 -297818 118672 9 
69540 -297760 132747 36 
126592 41763 32134 7 
126473 41738 29704 34 
148050 -363109 133456 24 
147917 -362917 124210 1 
147931 -362999 44811 2 
148002 -363095 127224 26 
147940 -363108 141489 18 
147917 -363038 123255 4 
147952 -363102 28041 23 
157072 -361980 35959 9 
159603 -580657 145824 2 
159723 -580709 69083 27 
159645 -580729 148061 24 
159838 -580747 152602 36 
186894 -521928 123847 3 
186997 -521680 65389 18 
186997 -521814 38284 33 
186887 -521937 124479 33 
186910 -521911 47076 9 
186837 -521847 66777 37 
186985 -521873 66778 37 
191298 -258016 109932 17 
191380 -257976 46685 27 
202200 353020 8393 14 
202064 352986 15238 15 
203907 390384 4195 16 
203909 390371 91971 37 
204078 390356 4196 16 
224070 422414 2064 27 
224089 422283 97826 28 
84956 -290826 21950 3 
123618 -318704 41954 2 
123576 -318732 128476 5 
123549 -318813 113383 12 
123680 -318570 30430 8 
123696 -318787 139938 34 
123651 -318717 32571 29 
169523 202074 8155 5 
169423 202218 18536 38 
79649 429888 89949 34 
162856 35771 9656 29 
162787 35631 116456 34 
162754 35724 29575 38 
162818 35611 117614 39 
162898 35688 111435 36 
162763 35671 111436 36 
195762 510378 5664 28 
208877 503819 87981 7 
93438 279124 102434 7 
212286 198362 319 1 
212218 198372 103388 16 
27210 78058 113640 14 
27006 78034 113641 14 
63019 418960 5518 11 
63002 418844 88408 16 
63016 418907 2178 18 
125212 287704 13006 34 
125068 287712 10846 16 
161663 183610 106438 34 
184313 -483151 34900 3 
9521 70959 93675 9 
9674 70870 1350 12 
9696 70875 114806 39 
34852 182020 106765 34 
34984 182000 23107 7 
35024 182007 17956 27 
34893 182063 95354 25 
119824 256133 90367 5 
119736 256189 101330 38 
119706 256225 15823 39 
119876 256225 18122 7 
133693 -326511 117612 8 
193424 -474204 39720 21 
193461 -474122 150433 37 
193552 -474095 149705 14 
193608 -474148 150434 37 
193417 -474087 136931 35 
193475 -473992 122375 23 
220344 -414866 146369 34 
220561 -414778 148762 7 
6175 88808 7925 22 
6107 88795 705 17 
6315 88833 104698 0 
6041 88839 24359 16 
6205 88814 104699 0 
119038 32366 116569 34 
118944 32340 116507 37 
119071 32428 117721 39 
119074 32456 9848 29 
118979 32399 111783 36 
119102 32406 111782 36 
-83158 -249058 117491 10 
-83220 -249026 30904 10 
-83163 -248995 110905 21 
-83124 -249136 37729 25 
-83157 -249105 48313 37 
-83090 -249145 112423 8 
-83162 -248954 105370 33 
-83009 -249146 142799 28 
-83180 -248950 19172 33 
-83003 -249131 48314 37 
-83200 -248920 46518 18 
-61987 -215738 46891 34 
-61819 -215806 38819 0 
-62056 -215848 38821 0 
-52291 416405 4247 38 
-47983 -153583 117322 2 
-48137 -153459 109839 4 
-48123 -153594 16746 17 
-48133 -153467 127358 18 
-47964 -153445 18105 21 
-47962 -153506 13099 33 
-48099 -153578 99294 33 
-47948 -153540 97571 19 
-48095 -153605 128605 38 
-48000 -153387 21952 29 
-40803 -149982 30377 2 
-40723 -150188 105321 13 
-40724 -149934 48748 15 
41735 372895 94992 11 
64313 -356929 131542 5 
64505 -356766 116556 12 
64306 -356972 143330 39 
64401 -357011 57354 39 
82408 292991 100426 11 
82277 293116 89524 24 
119007 -275673 39138 2 
119071 -275505 35050 26 
151220 361655 94625 14 
203404 68242 28354 39 
203625 68105 16874 5 
222868 192317 22429 7 
222740 192163 19435 34 
222836 192128 100673 36 
268732 -299573 22401 3 
268701 -299659 33063 4 
268673 -299644 34456 10 
268611 -299713 121042 10 
268627 -299636 129057 24 
268737 -299633 31929 29 
268677 -299623 109281 33 
268605 -299618 23974 23 
268626 -299655 23086 33 
268651 -299626 51908 38 
268722 -299509 119728 1 
268876 -299645 29731 8 
268764 -299541 55014 7 
-127623 -260983 29826 9 
-127436 -260912 107808 23 
-127465 -260917 128008 0 
-127581 -260856 40199 24 
-127568 -260940 128009 0 
-127362 -260913 128007 0 
20748 137936 112054 7 
20779 137924 110712 11 
41664 118494 24034 37 
41879 118438 99341 5 
41609 118530 13592 25 
55863 -357402 116577 12 
55866 -357463 57375 39 
55822 -357555 143351 39 
55957 -357327 131561 5 
70107 -311182 34533 1 
70114 -311221 28902 21 
70186 -311226 121120 22 
70238 -311175 42301 25 
70099 -311038 123737 26 
106636 -244501 123267 2 
106431 -244332 29706 1 
106411 -244537 18826 3 
106542 -244510 22816 17 
106491 -244501 46154 16 
106411 -244539 124182 25 
106589 -244512 17247 19 
106473 -244430 21253 32 
106419 -244383 107961 32 
106462 -244538 17248 19 
131211 463167 87538 38 
131111 463144 89033 39 
140187 94155 6887 4 
140281 94132 110072 18 
140185 94094 31290 30 
158290 367761 8064 37 
158316 367880 7459 38 
158454 367749 8065 37 
-10709 63132 9396 1 
-10667 63158 16416 2 
-10714 63055 17359 5 
-10654 63123 116846 7 
-10667 63256 15632 20 
-10681 63125 102336 20 
-10635 63132 90541 21 
-10563 63254 30302 31 
103030 34046 100795 26 
103010 34050 116404 37 
143689 229409 87741 26 
143812 229574 16332 37 
156010 206086 87282 10 
156039 205865 103081 16 
209455 -411425 34092 17 
209536 -411551 59552 34 
124123 -5618 93383 17 
124133 -5775 8464 21 
124063 -5741 2987 3 
124044 -5702 22029 25 
124076 -5706 107884 25 
124058 -5513 101180 10 
124184 -5558 117083 16 
124039 -5775 6621 17 
193955 -543391 75962 28 
193913 -543521 45116 13 
193827 -543472 137639 10 
57366 8660 86874 19 
57230 8612 117777 38 
104767 26230 1148 33 
104575 26224 87343 33 
113042 -438469 155314 28 
135442 103818 110050 16 
135572 103818 31853 15 
150405 28636 116710 37 
179480 -274903 41349 24 
43280 -24818 33715 14 
43377 -24850 119705 14 
44763 -365649 131549 2 
44761 -365495 132164 25 
44823 -365581 56636 34 
44771 -365596 148240 30 
61268 123444 99509 25 
73534 291119 1645 20 
74335 220899 93402 5 
74411 220757 4306 35 
74219 220751 4307 35 
124530 -413259 134527 2 
124525 -413211 122059 21 
124565 -413042 59771 34 
124482 -413171 42524 10 
128948 -258110 116744 4 
129035 -258042 116036 9 
128915 -258123 38398 25 
129093 -258105 54752 30 
128860 -257975 47250 18 
128881 -258062 54750 30 
191371 -570717 51715 22 
191178 -570669 67863 16 
191856 212971 773 10 
191972 212847 104247 38 
191744 212861 92594 2 
191753 213008 2340 26 
205567 -396302 40017 1 
205545 -396434 31244 32 
212155 -306647 30004 8 
212108 -306822 32177 29 
212013 -306597 55228 7 
227923 -380094 136035 0 
228156 -380038 136033 0 
227900 -380105 114418 3 
227997 -380035 46140 5 
228013 -379927 31190 12 
228068 -379946 57408 14 
227908 -380113 126540 10 
228084 -380120 143398 14 
227999 -379875 123055 29 
227925 -379854 59859 7 
227939 -380122 58871 11 
227946 -379983 46887 25 
227898 -380068 41904 26 
228044 -380068 136034 0 
228108 -379963 26212 19 
227964 -379994 26213 19 
227911 -380055 57347 38 
-101356 -239824 114256 6 
-101447 -239791 27868 29 
-101295 -239729 21982 17 
-101346 -239782 20507 32 
-101446 -239705 25284 8 
125445 -404273 134336 5 
125549 -404275 36651 8 
125463 -404235 119449 12 
125493 -404190 47096 20 
125584 -404136 133800 20 
125567 -404250 143336 27 
131358 336930 11064 11 
67133 122963 99528 25 
67134 123001 112750 31 
67186 122947 23845 38 
-39573 78576 102456 5 
-39553 78658 113637 34 
178440 -445417 129795 4 
178414 -372195 150699 28 
-6495 383824 91626 18 
-6473 383805 6665 34 
-6489 383838 7001 37 
-6543 383936 92771 38 
-6321 384041 9220 7 
101316 88839 100814 2 
128498 264977 100875 14 
128520 264912 107526 15 
128481 265059 2691 2 
-9115 -239634 18543 3 
-9134 -239462 53496 30 
38159 -24916 33739 14 
38052 -24935 119730 14 
38133 -24829 41344 28 
78336 -418567 129011 10 
78241 -418671 50678 24 
78345 -418452 67567 28 
78398 -418544 147824 11 
78158 -418511 147823 11 
89143 -327722 128840 2 
89047 -327690 110902 3 
89178 -327831 117826 8 
89051 -327654 138125 16 
128261 266134 101777 39 
128070 266182 8854 36 
158494 -360321 56343 34 
158623 -360293 54278 27 
158451 -360303 54279 27 
199105 -274118 30522 9 
198919 -274123 50147 37 
218933 390575 92073 37 
281451 -282139 39490 2 
281359 -282140 41731 24 
281328 -282168 35461 26 
281327 -282069 50665 37 
6251 128901 110179 34 
45744 71549 87633 17 
45797 71506 1265 12 
45816 71608 2989 21 
45732 71742 11838 26 
45874 71608 114717 39 
89912 -324028 28169 17 
90010 -323939 51600 18 
89880 -324030 38265 26 
89920 -323843 139953 38 
89862 -323996 112717 32 
100064 382528 93236 34 
108127 -344807 141521 37 
110836 273982 19241 30 
138385 -411006 61944 31 
153799 32584 100924 26 
156969 419093 98053 28 
162298 147583 99532 24 
162434 147573 108426 37 
162257 147515 113963 30 
162400 147445 14749 0 
162522 147445 14748 0 
172486 -559451 136244 4 
172485 -559445 144832 25 
172457 -559606 161183 30 
183787 -537709 142722 20 
183912 -537615 56017 20 
183886 -537746 155773 39 
195390 468114 88875 39 
195675 490697 789 11 
203607 -582457 145919 2 
203717 -582356 73964 7 
203718 -582353 48737 8 
203537 -582497 44912 17 
203662 -582471 131406 12 
227959 -420526 148946 31 
230473 -418976 123377 8 
230405 -419074 115233 19 
230540 -419041 115232 19 
-6947 -238154 134220 38 
49206 345675 97915 7 
49163 345579 9118 14 
63033 -395847 39014 4 
63160 -395871 38522 9 
63067 -395760 58190 14 
62983 -395743 34040 21 
62972 -395789 126468 22 
62975 -395889 117436 23 
63008 -395863 117435 32 
62946 -395932 126275 4 
62970 -395830 28755 33 
44222 -357649 131588 5 
44172 -357690 116604 12 
44100 -357744 123812 1 
44148 -357790 141130 18 
44071 -357596 122996 4 
44112 -357628 27682 23 
44218 -357772 133067 24 
44268 -357814 126961 26 
44057 -357795 44586 2 
44175 -357807 57404 39 
44277 -357775 143379 39 
44065 -357554 35718 9 
96726 -9285 32751 37 
97009 -9302 32753 37 
157440 -415810 67299 28 
243797 209880 885 10 
243825 209921 16257 18 
243654 210145 104357 38 
89765 236116 15983 37 
-12786 -262384 137151 39 
17343 47811 93248 8 
17384 47764 98156 10 
17451 47694 89350 12 
17443 47686 114131 18 
17312 47867 115852 37 
100559 254600 18192 7 
100612 254584 15017 14 
167813 -468826 149845 34 
93962 -397272 38588 9 
93917 -397264 126596 22 
93772 -397180 126352 4 
93955 -397331 117550 32 
93946 -397225 28828 33 
93801 -397293 34160 21 
93756 -397138 39090 4 
93778 -397129 27273 19 
93882 -397091 137197 0 
120548 -248897 37587 5 
127725 300216 1599 25 
127703 300227 86845 2 
144384 176321 95297 2 
144484 176521 108111 39 
144378 176415 9828 25 
144524 176312 106941 14 
144338 176369 87695 4 
144344 176340 21653 11 
150451 -403025 134280 5 
150330 -402911 122171 13 
150314 -402933 47009 20 
150322 -402994 133713 20 
150360 -403060 60328 39 
150365 -402932 40789 22 
150360 -403068 143194 27 
150251 -402982 146303 39 
150450 -402891 36531 8 
150423 -403065 119390 12 
163321 -440142 66845 30 
163391 -440040 142288 36 
185244 -234269 133674 37 
185354 -234434 141889 28 
158370 415455 2508 18 
158353 415302 88929 16 
59877 -22471 100412 4 
103017 -354562 131455 5 
103129 -354492 116466 12 
118257 462451 89065 39 
145323 313920 98551 39 
183308 65536 94045 9 
183255 65714 88208 17 
183178 65446 3536 21 
183221 65482 12187 26 
183417 65621 5219 8 
60911 152661 11333 5 
60908 152869 107771 37 
127996 312147 19074 28 
168212 152927 88486 9 
168343 152852 111521 7 
248703 -358986 54013 16 
248709 -358840 142428 37 
152844 402863 94063 31 
-13255 117552 111678 39 
-13180 117617 99464 5 
102712 263872 100997 14 
102702 263740 9055 36 
102810 263748 107591 15 
102587 263928 92841 0 
187951 -231241 50627 7 
187941 -231216 111120 8 
188022 -231264 22178 12 
188009 -231203 16625 19 
187776 -231268 16627 19 
240860 -398715 134075 5 
240805 -398764 40152 1 
240880 -398795 46690 20 
240726 -398663 31375 32 
240856 -398744 133394 20 
240705 -398783 142678 27 
240881 -398761 142677 27 
240715 -398760 146081 39 
240956 -398797 36096 8 
240766 -398820 60105 39 
240725 -398593 58773 37 
240930 -398753 119178 12 
-61397 425731 1748 18 
-61365 425647 90312 34 
-61419 425692 90260 37 
-61225 425710 3499 14 
-61434 425691 3500 14 
-61328 425897 5013 11 
-60393 -242892 22760 12 
-34681 457145 4644 7 
-34878 457185 89413 11 
-34776 457230 89441 39 
-34908 457195 1520 38 
-5207 415237 90622 37 
-5111 415157 4348 38 
-5066 415233 90623 37 
-4984 415314 93432 7 
5360 -253245 115772 9 
5559 -253213 18018 19 
5419 -253322 48884 37 
5556 -253140 46824 18 
5429 -253279 111258 21 
20007 17875 124877 28 
19884 17993 98892 1 
19819 17846 112570 36 
19900 18066 19287 2 
19977 18040 10797 9 
20077 17880 112568 36 
126882 -456341 45323 10 
126990 -456142 63569 39 
126900 -456360 52233 5 
173123 513138 90966 15 
176430 307254 96744 18 
176601 307362 3551 0 
176628 307201 87306 5 
192971 98455 14052 2 
192918 98450 110364 16 
253228 -339654 54638 38 
253311 -339522 143965 7 
253337 -339667 47202 0 
-108060 -247776 48152 37 
783 -198287 113193 4 
175590 -265682 111936 21 
175573 -265695 120716 26 
175587 -265662 55175 30 
175528 -265736 50731 39 
15787 -36275 37213 7 
15559 -36387 17152 10 
15583 -36452 103738 10 
15601 -36348 95425 12 
15559 -36320 33405 18 
15668 -36391 12256 8 
55427 116988 24123 37 
169800 -561305 135408 6 
169690 -561357 135466 9 
169687 -561214 43467 12 
169705 -561195 155959 14 
169774 -561373 137666 22 
169791 -561257 140437 26 
169688 -561159 49416 29 
169725 -561348 158344 31 
169679 -561303 69675 34 
204578 -560613 136324 4 
204658 -560445 43385 12 
204561 -560547 155794 14 
204626 -560412 69803 14 
204521 -560583 144933 25 
204704 -560486 135203 6 
204631 -560429 49263 29 
204520 -560488 69586 34 
165002 281952 11500 18 
164920 281776 100081 37 
-54207 96527 20587 36 
-50930 115829 16572 0 
-50988 115994 99550 5 
-51050 115729 90782 9 
-51035 115914 109031 16 
-51007 115923 90174 29 
-51061 115827 16573 0 
-50868 115717 111770 39 
83958 -385704 60360 7 
83871 -385633 123687 29 
144463 439509 10231 28 
144376 439612 2936 34 
144354 439726 87668 18 
154617 -399757 39242 4 
154631 -399663 126504 4 
154605 -399727 38717 9 
154648 -399921 126848 22 
154601 -399916 34402 21 
154608 -399887 28972 33 
193085 119627 6362 10 
193220 119622 92948 10 
193151 119664 11033 35 
192985 119646 11034 35 
-56196 410575 98776 28 
-56018 410606 93616 7 
50923 433910 3177 34 
50941 433880 10548 28 
96037 -341436 35864 4 
96109 -341704 144533 7 
96066 -341667 121492 9 
96064 -341607 123483 10 
96000 -341586 142628 11 
96157 -341475 120680 6 
96050 -341596 61558 15 
96022 -341665 53179 16 
96000 -341690 129341 20 
96119 -341644 42636 20 
96042 -341604 113066 23 
96125 -341641 45891 24 
96081 -341590 25755 33 
126792 232166 16222 37 
126936 232158 16223 37 
189726 351900 8452 14 
29507 137111 2527 9 
29376 137266 110747 11 
29441 137069 94030 26 
29390 137087 23274 34 
29292 137199 3385 4 
29315 137145 90640 4 
-45344 53581 103302 2 
-45293 53769 9656 4 
-45416 53543 11434 10 
-45415 53632 1404 32 
-45438 53725 88125 32 
-45401 53571 115447 37 
-45410 53589 114794 38 
-45455 53540 471 23 
-29915 73505 113910 14 
48171 -19804 23090 5 
48076 -19817 7330 12 
90971 120957 99233 5 
90973 120895 99603 25 
90868 120896 8663 26 
90892 120848 111422 39 
91065 120862 25446 39 
140578 -456137 63536 39 
140598 -456197 52202 5 
140371 -456043 60504 16 
140557 -456239 45352 10 
144063 142478 86408 8 
143904 142494 11140 2 
144059 142744 14906 0 
144913 340166 9615 34 
144943 340341 91006 36 
166359 -479675 132275 22 
170109 393950 91753 37 
176675 -514310 150449 27 
176678 -514403 153162 34 
187760 -524191 51670 26 
216803 438639 89595 34 
218863 195081 92349 35 
266896 -275070 137072 14 
266680 -275119 30666 9 
266794 -275133 131182 36 
266912 -275118 135122 27 
266921 -275114 131181 36 
33916 63265 27617 14 
34004 63293 28771 39 
34104 63223 7359 6 
34020 63227 25367 27 
33890 63377 103511 25 
33895 63406 120924 15 
60401 -293430 32543 4 
60534 -293412 40655 5 
60341 -293236 34007 10 
60334 -293366 120593 10 
60327 -293285 28447 13 
60363 -293273 136702 18 
60373 -293362 22592 33 
60319 -293263 108786 33 
60392 -293370 136302 27 
60539 -293319 138050 14 
108944 -264160 47156 27 
116675 -382736 46392 5 
116730 -382799 123543 29 
116775 -382845 31450 12 
116660 -382847 57963 37 
116889 -382813 60241 7 
116606 -382844 60242 7 
145010 92657 16950 24 
149197 -380597 149191 30 
149421 -380623 149193 30 
200463 290063 106692 28 
200433 290021 89967 24 
200392 290087 99658 34 
200598 290115 102047 7 
200472 290015 12812 34 
217232 299957 87736 25 
217051 299769 96332 16 
219445 -313539 128259 5 
219476 -313458 113158 12 
219435 -313409 139691 34 
219383 -313322 53792 39 
-69853 -205066 114726 10 
-69862 -205011 47124 11 
-69876 -205087 122932 24 
-69817 -205093 116803 26 
-69781 -205145 45659 38 
20723 163575 22435 39 
20582 163388 19969 18 
69802 408890 91106 37 
91385 349905 97763 7 
91477 349857 8918 14 
91483 349852 102669 28 
117924 72379 116382 7 
117967 72244 1096 12 
117891 72377 15179 20 
117899 72270 114540 39 
117988 72363 6868 6 
118073 72225 27218 14 
117957 72190 101883 20 
117846 72175 24888 27 
118018 72200 24887 27 
117870 72198 27219 14 
126129 -348976 63012 28 
125919 -348757 141645 37 
-37458 88008 95244 10 
-37419 88009 103638 24 
-37369 88130 97150 26 
-23823 82934 104956 0 
-24029 83081 120633 28 
-24054 82962 26752 34 
59932 -374101 130286 35 
60611 -368011 148384 30 
208914 -380152 136198 0 
208805 -380231 46184 5 
208676 -380252 114371 3 
208838 -380195 59924 7 
208711 -380043 36654 6 
208729 -380243 126499 10 
208851 -380097 31235 12 
208742 -380126 58793 11 
208726 -380060 57500 14 
208669 -380019 26361 19 
144746 -469288 129886 9 
144631 -469130 44749 1 
144784 -469176 122203 23 
144628 -469191 39526 21 
144739 -469208 129104 29 
144779 -469201 149904 34 
144827 -469232 150119 37 
144658 -469219 150118 37 
36626 94487 94093 22 
70787 -22845 100440 4 
70896 -22644 33584 14 
70899 -22854 119576 14 
70943 -22745 41233 28 
80494 371997 95150 11 
80505 372031 14841 28 
80734 372048 91752 27 
80552 372026 91753 27 
130858 -32496 109294 2 
130920 -32384 36797 7 
130816 -32460 95155 12 
130789 -32415 32137 16 
130703 -32327 96267 21 
130717 -32346 6877 32 
130739 -32387 93598 32 
130776 -32401 32220 27 
130868 -32267 11702 8 
130958 -32394 32219 27 
130939 -32262 29403 36 
-67 -212360 46731 34 
56 -212367 112686 29 
27401 378002 7220 37 
123337 -302245 51762 14 
123197 -302334 140001 39 
187499 -631612 63825 5 
187440 -631615 134479 12 
187435 -631754 162133 39 
187624 -631713 168241 28 
187500 -631606 140285 29 
189038 474172 89339 31 
220559 424743 92619 7 
200155 -454919 52068 5 
199987 -454881 137495 2 
200073 -454815 60950 18 
200066 -454877 51397 20 
199987 -454789 62917 34 
200023 -454768 63390 39 
33058 21064 20192 5 
88053 -378956 57779 37 
150178 154117 11131 5 
150206 154255 10502 20 
150258 154143 115649 28 
176569 269531 100647 14 
176697 269467 101658 39 
-60315 522661 76 7 
21913 112724 117665 15 
21710 112823 90937 9 
21754 112657 109429 16 
245789 401927 8310 7 
-81964 -258399 127663 0 
-61401 414666 2745 16 
28546 44100 105234 5 
129396 -327520 128927 2 
129398 -327663 146996 15 
129374 -327552 28334 17 
216884 410055 6143 11 
122106 -220494 113258 9 
121981 -220685 133249 37 
121913 -220619 131222 16 
121923 -220631 18982 23 
122111 -220449 33656 35 
127112 338316 95819 38 
127274 338223 91146 36 
178404 258743 17911 7 
178454 258869 90234 5 
178368 258702 14648 14 
178473 258748 98599 27 
178470 258704 15679 39 
5722 50841 6073 8 
5653 50953 103412 2 
5625 50700 9783 4 
5688 50780 11544 10 
5675 50811 117564 31 
5562 50752 642 23 
5601 50718 1594 32 
5778 50882 88315 32 
64024 154377 99164 24 
150954 -366378 143208 34 
151052 -366478 129765 35 
150946 -366427 142846 38 
156975 204217 115 1 
157223 204216 116 1 
239293 -320197 35181 1 
239321 -320084 42834 25 
239262 -320130 29576 21 
-38363 120664 23518 37 
-38307 120889 13340 25 
82918 -411829 134437 2 
82908 -411640 42435 10 
83039 -411843 120324 17 
82840 -411745 121893 21 
92829 -29122 31943 16 
92720 -28927 118876 18 
92713 -29057 96116 21 
92695 -29138 6736 32 
92876 -29098 26420 0 
92902 -29063 93457 32 
92931 -29130 34994 39 
160381 -490759 39309 17 
160346 -490842 55839 24 
160322 -490846 127365 21 
160252 -490801 140705 25 
160282 -490824 151157 38 
160398 -490671 60026 36 
-60372 456196 4737 7 
-60473 456403 89504 39 
102276 168042 21151 14 
102346 168089 22234 39 
123622 164939 90005 10 
175980 -539768 49835 1 
176048 -539705 51015 10 
208023 -276069 139450 7 
208149 -276016 50207 37 
208090 -276095 41456 24 
-59308 106565 109381 18 
110455 216946 15796 18 
110619 217022 6078 20 
110453 216832 2134 26 
110582 216910 111390 28 
110439 216863 92418 2 
122530 158822 89354 1 
122566 159015 20322 18 
122586 159034 12015 24 
130689 397906 91509 37 
174309 116031 32096 28 
174481 116007 103261 0 
186953 87844 101944 5 
186830 87805 100999 2 
186877 87689 113054 34 
186822 87798 26220 34 
186848 87751 112526 38 
186964 87687 112882 14 
68499 293835 89473 24 
68405 293844 100369 11 
68616 293930 4474 0 
-5651 493623 88756 7 
132146 -211049 114219 1 
132279 -211006 135045 7 
132132 -210857 28575 10 
132175 -210799 115162 10 
132233 -210995 107292 12 
132145 -210965 104222 23 
132260 -210964 112106 29 
132211 -211013 102800 33 
132094 -210953 16605 33 
132099 -210933 46391 34 
132189 -210840 46090 38 
132253 -210793 45609 14 
132119 -210978 47635 39 
12022 -25980 22076 2 
12038 -25902 118597 18 
12040 -25921 18331 26 
12043 -26019 6435 32 
11999 -26059 13543 9 
12011 -26043 95794 21 
12082 -25976 119853 14 
12161 -26017 41432 28 
12192 -26005 33862 14 
12009 -25949 93156 32 
11984 -25983 4006 33 
12119 -25840 31531 16 
127375 421186 90293 38 
127938 -324615 38361 26 
128000 -324703 140034 38 
128012 -324720 112859 32 
127910 -324671 35318 22 
127858 -324624 51731 18 
172218 393765 91767 37 
172432 393832 6204 34 
172363 393750 91768 37 
-40483 171678 96594 5 
-40471 171726 235 6 
-40527 171665 3065 10 
-40589 171643 88729 1 
-40583 171595 104962 18 
-40469 171742 2354 22 
-40587 171620 89651 10 
-40483 171791 11402 24 
159706 309201 12540 39 
192309 74992 25377 16 
192361 74887 26866 14 
192314 74909 14917 20 
192350 75036 101621 20 
192341 74958 8698 22 
192507 74976 24462 27 
192372 75038 114357 39 
213896 442264 90424 11 
213849 442375 9996 28 
213878 442444 2757 34 
243693 220904 5746 2 
243623 221060 16976 37 
107021 -404796 47528 2 
107076 -404978 119492 12 
107160 -405031 47161 20 
107038 -404958 33663 17 
107255 -405040 134377 5 
107054 -404955 133865 20 
107022 -404874 38322 29 
107043 -404787 60434 39 
107036 -405042 146409 39 
107194 -405021 36739 8 
107137 -404901 143441 27 
142347 222910 94603 24 
142423 222949 104927 39 
142368 222973 93248 5 
93140 254733 90427 5 
93118 254678 18219 7 
104698 307271 87381 25 
104552 307386 95717 16 
131536 -238678 116016 22 
131764 -238630 142071 28 
171659 -421002 36921 13 
171778 -421035 115680 19 
79521 -340456 123448 10 
79487 -340616 25113 3 
79552 -340683 113009 23 
79470 -340669 142560 11 
79520 -340562 25716 33 
79490 -340646 111910 33 
79611 -340668 141337 37 
203090 371060 95225 39 
203038 370966 92351 18 
-33962 103828 13560 2 
-33932 103871 4835 29 
-33742 103935 14479 5 
-33753 103827 28034 7 
143785 -386476 136754 0 
143605 -386409 58137 37 
143780 -386524 57807 14 
143729 -386489 143798 14 
143656 -386517 26857 19 
143790 -386513 26856 19 
166763 -426207 49211 5 
207612 551728 89095 28 
-40105 168198 19759 18 
-40247 168243 28430 28 
-40078 168293 108560 39 
-40306 168321 107118 37 
44612 370951 7217 38 
44826 370930 91957 27 
44847 370925 14962 28 
176485 378270 91205 27 
176381 378287 93161 38 
176336 378377 14522 28 
-44383 495268 6478 28 
-44203 495273 305 39 
46909 330133 9985 38 
46998 330133 91783 36 
102322 -422149 149189 7 
102402 -422144 146673 34 
126752 -364135 54460 27 
173386 117884 11146 35 
173313 117806 18781 36 
49862 124246 99473 25 
188238 -296622 32863 4 
188415 -296655 120869 10 
188196 -296496 22203 3 
188280 -296525 137145 18 
188176 -296600 34282 10 
188257 -296484 117571 29 
200302 -259996 116922 4 
200421 -260057 116188 9 
200329 -259952 47498 18 
200482 -260062 49555 34 
200407 -260021 136638 39 
276753 -298716 29693 8 
276794 -298637 54985 7 
276805 -298570 31894 29 
276960 -298701 29692 8 
276879 -298767 145972 28 
276748 -298664 139624 39 
-68236 94519 93589 1 
-68100 94359 93629 4 
-68319 94502 100447 2 
-68339 94461 8592 10 
-68262 94346 88984 13 
-68343 94359 23953 16 
-68182 94441 396 17 
-68226 94514 24146 18 
-68261 94512 7616 22 
-68288 94505 20698 36 
-68155 94530 20697 36 
45231 286398 99309 37 
45177 286247 11085 18 
103171 -383452 46423 5 
103178 -383420 31482 12 
121940 -238944 36339 2 
121941 -238872 142104 28 
121881 -238762 115979 22 
234215 310314 87176 5 
234166 310143 9412 27 
234228 310127 12357 39 
142590 281650 99937 37 
156935 -486785 53246 2 
156743 -486615 45711 4 
156842 -486658 44249 9 
156862 -486689 37041 23 
156836 -486780 35134 33 
156829 -486783 121329 33 
156745 -486684 46193 22 
37932 191790 187 4 
38035 191736 17452 16 
106195 443251 2706 14 
106245 443264 88696 14 
106047 443288 87531 18 
108934 280046 102378 7 
115366 310391 96532 18 
149138 396774 8659 7 
149120 396772 91618 37 
160940 -516458 150539 27 
160865 -516415 134191 1 
201981 109048 13946 5 
201890 109012 25068 37 
-68350 -204765 35082 5 
-68309 -204631 19743 12 
-61546 -183600 104711 12 
-61576 -183464 42154 18 
-9733 -160367 22774 6 
-9722 -160370 112063 10 
-9818 -160466 25476 10 
-9738 -160376 16571 12 
-9832 -160312 24295 1 
-9800 -160296 103668 17 
-9848 -160404 113666 26 
-9781 -160360 50293 28 
-9628 -160226 32017 5 
-9653 -160384 40428 27 
-9795 -160412 15990 32 
-9655 -160367 130775 39 
47861 409726 97863 15 
47802 409751 90964 37 
47865 409758 92422 39 
201128 474624 89296 31 
203893 -533128 56153 2 
203906 -533126 38124 3 
204023 -533196 142955 5 
203874 -533166 128371 12 
-43012 -225332 133687 34 
55799 164491 89859 10 
55721 164485 89098 1 
55762 164593 11762 24 
55697 164545 2753 22 
55721 164616 107362 14 
55694 164618 112994 30 
55850 164623 21371 14 
55707 164521 21057 38 
55874 164558 22348 39 
55948 164619 107361 14 
55936 164522 2754 22 
55799 164614 112995 30 
117158 218739 107027 7 
117170 218694 92759 20 
159572 217909 18909 39 
171310 -537737 143044 2 
171233 -537792 126779 23 
171334 -537759 155804 39 
171222 -537739 152737 16 
251762 361756 97184 7 
251822 361643 95846 11 
251852 361630 102125 28 
251828 361820 9130 39 
278184 -311374 128126 5 
278189 -311230 128812 25 
278401 -311231 116916 8 
278390 -311420 113020 12 
278387 -311289 139539 34 
278319 -311158 53648 39 
-4741 496342 212 39 
-4743 496469 6348 28 
45263 6915 88559 3 
45246 6876 13114 4 
45468 6820 14423 10 
45407 6820 108802 24 
45365 6726 86966 19 
45255 6848 116639 16 
45299 6750 13465 22 
45377 6982 90468 23 
45492 6756 86965 19 
66434 303074 86713 2 
66498 303147 1406 25 
66649 303247 87555 5 
66637 303226 12769 39 
79130 373618 7559 37 
104402 323644 13499 7 
131128 396020 8724 7 
137889 376003 91426 27 
137941 376057 14649 28 
177152 -529964 36494 19 
219240 260860 90142 5 
219287 260911 17763 7 
219394 261007 14454 14 
219324 260992 98366 27 
219291 260973 15578 39 
-385 -275380 38880 2 
-357 -275360 110638 12 
-297 -275446 125824 5 
-196 -275340 38412 20 
-390 -275387 23044 23 
-274 -275325 136917 34 
-121 -275464 47780 27 
6314 -249963 29178 4 
6500 -249903 37845 5 
6553 -249956 51282 7 
45562 -1871 2795 3 
45449 -2052 101009 10 
45499 -2040 6293 17 
45473 -2046 93054 17 
45449 -2106 8151 21 
45465 -2105 21781 25 
45487 -2066 107636 25 
45466 -2076 32420 37 
45492 -2054 32088 38 
89333 -3353 2902 3 
89328 -3220 101104 10 
89250 -3428 6476 17 
89291 -3418 8325 21 
89325 -3328 32182 38 
89187 -3363 93237 17 
89193 -3175 107774 25 
159173 -486989 44522 6 
159204 -487023 153663 7 
159191 -487004 46203 22 
159055 -486914 43784 29 
64244 82231 102221 5 
64146 82227 104018 24 
64371 82252 113369 34 
140853 -248424 37541 5 
159306 284773 12988 38 
159339 284871 102206 7 
230843 -438564 31837 3 
230698 -438573 42664 4 
230851 -438659 137030 5 
230803 -438757 41643 9 
230873 -438669 127471 6 
230759 -438753 122237 12 
230931 -438752 64508 7 
230865 -438738 149289 39 
106432 -400903 122033 13 
32300 381776 91761 18 
32474 381789 93410 34 
75419 -333705 114870 17 
75532 -333467 54259 38 
75360 -333742 36832 10 
75369 -333692 116700 21 
188950 -496752 42577 8 
188936 -496710 66601 39 
188821 -496699 140276 2 
188862 -496808 159450 28 
189051 -496754 152576 39 
195681 575777 1271 28 
-66772 -188742 33126 2 
-66802 -188729 15225 3 
-66861 -188672 24429 9 
-66807 -188708 35573 24 
-66857 -188703 33692 25 
79749 255194 15921 39 
170293 165291 90106 10 
170208 165383 5575 26 
222517 451338 2833 39 
29166 97790 6610 4 
29115 97935 16516 24 
60613 308238 19302 28 
60667 308185 98759 39 
94291 198938 8325 5 
107802 -293858 32662 4 
107748 -294065 34109 10 
107926 -294028 53115 11 
107827 -294041 120695 10 
107868 -293997 136866 18 
107783 -293999 22704 33 
107875 -294051 108899 33 
107925 -293856 132443 36 
147669 -443273 122432 12 
147710 -443229 149494 39 
147800 -443189 127957 6 
147809 -443122 64808 7 
147632 -443077 137221 5 
147855 -443283 142411 36 
147632 -443211 127958 6 
205890 -304741 118963 9 
205920 -304779 146213 28 
215181 194733 92370 35 
229281 400049 8370 7 
230178 348290 7241 18 
281748 -282609 51011 14 
281811 -282598 40154 5 
281766 -282437 117135 29 
52319 -37966 17231 10 
52408 -37905 103817 10 
52525 -38111 32667 27 
52424 -38054 30026 36 
148028 153487 88443 9 
148004 153378 106179 27 
148080 153386 28532 15 
198218 469048 3803 7 
-71844 493119 372 39 
-71790 493345 6571 28 
101841 -270893 30315 9 
101704 -270757 110399 12 
101743 -270868 108601 23 
101805 -270742 41058 24 
101838 -270776 136654 34 
101919 -270790 125593 5 
12752 26328 116843 34 
12639 26345 87124 33 
12540 26319 96444 9 
12563 26355 31654 11 
12575 26297 28910 18 
12522 26339 21308 24 
12552 26314 929 33 
12604 26300 117983 39 
12607 26492 97097 4 
44901 143321 10926 2 
54655 78339 113509 14 
156707 23090 93752 13 
156717 23025 1272 33 
156838 23156 97450 4 
156717 23027 87467 33 
166715 -516557 134213 1 
166816 -516583 59019 0 
172601 328992 13253 7 
263887 59578 88773 12 
263957 59635 94476 29 
264023 59488 92062 8 
263861 59389 34817 15 
-39855 -241502 122950 2 
-39861 -241433 22226 17 
-39909 -241376 108965 17 
-39980 -241322 123720 25 
-39931 -241331 20728 32 
-39907 -241451 107417 32 
158931 377186 91306 27 
158799 377132 14580 28 
159289 435082 89743 34 
159900 331365 96422 34 
179108 -508828 143280 24 
184839 285839 100842 11 
184721 285841 11172 16 
184900 285831 11173 16 
186073 -571678 163299 15 
39626 -39041 26875 0 
39614 -39103 32741 27 
39692 -39017 30127 36 
66826 261496 93112 0 
66916 261378 101167 14 
76200 -386213 60388 7 
76328 -386116 123720 29 
151709 -566240 67647 16 
151631 -566420 49764 9 
151746 -566208 154956 18 
151819 -566302 51550 22 
151819 -566474 41508 23 
151853 -566453 60661 24 
151696 -566297 132494 21 
151725 -566357 58911 25 
184775 198390 17100 27 
-34367 -214676 112924 9 
-34562 -214509 18441 23 
-34463 -214616 46820 34 
106270 -383704 123589 29 
106380 -383845 60279 7 
228634 450321 2126 14 
228593 450235 88116 14 
111084 94731 6814 4 
111103 94561 16823 24 
65381 3155 98123 6 
65447 3346 121250 7 
65411 3330 92273 12 
65473 3300 19927 20 
65556 3168 98122 6 
65537 3228 106631 20 
189569 -331024 129057 2 
189525 -330988 111148 3 
189487 -331101 43295 5 
189512 -331125 120134 6 
189647 -330947 28245 12 
269156 -290836 126424 2 
175656 304788 2503 24 
199278 -549147 57934 5 
199471 -549165 147355 0 
199372 -549156 158196 7 
199478 -549185 134548 29 
199379 -549137 69760 39 
199374 -549072 44907 21 
199240 -549198 147357 0 
65356 -32835 37034 7 
65411 -32915 12017 8 
65427 -32970 95308 12 
65315 -32985 120557 38 
65456 -32942 26654 0 
74697 411061 92356 39 
156416 -424003 45012 26 
156380 -423920 129179 10 
156329 -424028 148141 11 
156426 -424038 149200 31 
156274 -424035 50970 24 
156308 -424053 118250 33 
156444 -423790 115797 19 
162029 -273708 30443 9 
162119 -273569 105861 19 
162075 -273508 41284 24 
204228 -390726 28596 3 
204478 -390678 37895 29 
204273 -390668 124486 9 
204243 -390769 58528 37 
58211 99275 104255 0 
58084 99357 13760 2 
58119 99310 5352 9 
58146 99225 109788 18 
58095 53642 117378 31 
58158 53636 5821 8 
77786 -290749 21933 3 
77821 -290691 140288 31 
91319 -398678 40544 22 
91317 -398710 117537 23 
107542 310915 96505 18 
107615 310867 19143 28 
107441 310966 98644 39 
128884 169867 22169 39 
128998 169818 21024 14 
128852 169830 3430 10 
-40378 -245748 112218 8 
-40596 -245763 112219 8 
118142 -341316 25208 3 
118139 -341287 144453 7 
118164 -341403 123529 10 
118085 -341308 112002 33 
118238 -341323 50075 36 
118030 -341280 118007 13 
118114 -341336 50076 36 
118240 -341123 61502 15 
118068 -341380 142717 11 
-6534 103869 13620 2 
-6555 103817 109564 18 
-6582 103767 4715 29 
-6554 103757 32709 28 
-6438 103915 27937 7 
-6415 103745 90964 6 
-6408 103874 20207 36 
202958 -573016 58956 2 
202991 -573030 145889 5 
202905 -572822 125386 19 
180704 -647081 159871 16 
180955 -647097 159541 18 
180780 -647200 76174 39 
180864 -647210 70149 36 
180724 -647073 75099 37 
110682 -335859 36909 10 
110870 -335897 43473 5 
110713 -335945 116841 21 
110682 -335904 115017 17 
110724 -335902 28429 12 
199735 495813 90741 30 
-17026 132905 5909 10 
-17052 133097 92495 10 
102029 154302 88345 9 
186446 -528049 36423 19 
186314 -528077 36424 19 
-84088 -237892 114155 6 
-84179 -237804 18359 3 
-83945 -238028 27792 29 
-84028 -237878 34834 35 
-51794 543345 89975 28 
33613 180508 95057 2 
33739 180550 9479 25 
33600 180508 87419 4 
113268 -439673 68093 15 
116921 -412981 134510 2 
116919 -413026 42508 10 
116929 -413048 122029 21 
117132 -413054 59790 34 
57282 405791 3017 27 
87651 -285507 119014 1 
87739 -285292 126032 2 
87747 -285349 128376 24 
87665 -285463 58749 28 
87831 -285506 106428 19 
118981 353503 6856 18 
130072 185713 413 4 
147669 434269 89773 34 
154263 286476 100718 11 
154250 286413 11005 16 
154219 286501 99777 34 
154448 286466 106848 28 
166694 55750 16800 2 
166919 55674 35063 15 
166717 55675 103930 25 
166720 55787 86412 23 
37332 286895 11058 18 
37259 286859 99258 37 
37428 286849 99259 37 
194949 -511138 137212 26 
195081 -511024 69316 7 
195143 -511055 129778 8 
194955 -511125 66270 34 
195167 -511075 40372 12 
271555 46502 10477 1 
271565 46655 103988 2 
271598 46582 91665 21 
271564 46543 29330 34 
22654 84756 103863 24 
22741 84750 26631 34 
118978 -301563 117851 29 
-55821 468176 87139 38 
-29390 -211947 109419 13 
-29366 -211975 134007 39 
-29293 -211889 135628 7 
-29301 -212001 46343 14 
-29174 -212053 38540 0 
-29153 -212052 132333 14 
-29177 -211801 40959 36 
67559 232472 87548 26 
118266 58647 16695 2 
118112 58815 9889 1 
118247 58760 5532 8 
118153 58617 103777 25 
126816 69060 4279 13 
126809 68985 28543 39 
138228 -426996 49276 5 
138243 -427176 115936 19 
77138 -425555 117225 3 
77042 -425695 124115 8 
76968 -425677 126978 9 
77021 -425700 145141 16 
76983 -425652 145728 18 
76991 -425656 32280 23 
76988 -425618 136354 25 
77024 -425698 31866 33 
7929 -192637 15409 3 
7917 -192599 35853 24 
8029 -192456 33928 25 
7848 -192469 33287 2 
7952 -192572 129196 27 
95109 -386352 37318 6 
94970 -386465 144029 14 
95195 -386438 144028 14 
169495 207792 106048 11 
-4664 -229869 36065 2 
-4808 -229778 24816 8 
-4709 -229886 113691 6 
-4829 -229818 27324 9 
-4743 -229831 24180 13 
-4866 -229834 104318 3 
-4755 -229798 115432 22 
-4775 -229939 27444 29 
-4845 -256808 136949 11 
34834 -340423 43645 5 
34803 -340453 121362 9 
34891 -340235 123355 10 
34961 -340391 28607 12 
34823 -340327 112854 23 
34752 -340485 35711 4 
34749 -340435 52844 16 
34930 -340485 111804 33 
34828 -340432 45661 24 
34841 -340384 25609 33 
34775 -340427 141048 37 
171041 -248786 29954 1 
171005 -248687 123407 2 
171104 -248691 18985 3 
171055 -248671 46507 16 
171042 -248770 23086 17 
171014 -248792 21485 32 
171052 -248725 108201 32 
170993 -248587 124385 25 
233922 377259 93283 38 
116638 -198899 15675 3 
116526 -198878 34664 5 
116724 -198883 19310 12 
116515 -198911 36259 24 
116655 -198812 37294 0 
116665 -198857 131642 14 
116607 -198860 33437 20 
116642 -198732 39802 36 
116501 -198925 137111 30 
116670 -198846 120141 20 
131582 -246593 46291 16 
131614 -246493 29803 1 
131488 -246645 22920 17 
16873 128851 87020 8 
16912 128899 97676 20 
16793 129013 110152 34 
75317 -411322 134420 2 
75296 -411303 42418 10 
75358 -411398 120292 17 
75303 -411375 121863 21 
99212 -302309 140060 39 
99222 -302267 51876 14 
99268 -302341 117935 29 
240660 -340819 144011 7 
240719 -340851 47310 0 
240634 -340869 62624 28 
240553 -340797 37188 10 
240604 -340717 138964 16 
240740 -340643 28802 17 
2052 460321 89350 39 
2112 460157 4511 7 
41866 86466 94011 1 
41878 86526 24555 16 
41967 86544 855 17 
41994 86737 24536 18 
41871 86674 8073 22 
94236 369371 7322 38 
255732 -285185 108134 3 
255774 -285214 117249 29 
255798 -285216 51134 14 
255719 -285051 109134 23 
926 359753 6448 18 
208652 -309097 128593 25 
-24406 478277 94275 28 
168001 -381107 46276 5 
167851 -381228 60063 7 
168030 -381120 31330 12 
168851 -584329 139187 1 
168868 -584188 53793 10 
29041 161599 21498 14 
29159 161558 107488 14 
225961 408324 6009 39 
136764 121747 99132 5 
136700 121743 6240 10 
136663 121646 92827 10 
136822 121610 25334 39 
136821 121574 111309 39 
153470 184530 470 4 
230991 202566 87444 10 
231007 202662 106298 11 
230946 202532 16836 27 
66099 -402227 47439 2 
66159 -402186 33492 17 
66224 -402261 137417 0 
101308 231185 103254 34 
101199 231266 87633 26 
-36456 -248408 29074 4 
-36388 -248266 127217 0 
-36363 -248423 55315 15 
-35497 69607 1456 12 
-35428 69663 114917 39 
41372 125309 15783 0 
78725 308610 87299 25 
111986 12918 99245 1 
112227 12887 86456 19 
111990 12846 86458 19 
146070 304246 3812 0 
145844 304075 95943 16 
145889 304249 87511 25 
145833 304193 3814 0 
145842 304245 9917 27 
188980 190563 19522 34 
189043 190537 22551 7 
189097 190538 100941 36 
192014 365478 100786 15 
192026 365373 95603 11 
192033 365473 8282 37 
243813 344741 90221 36 
243834 344899 9360 34 
-39448 -152059 23869 22 
-39320 -152068 97506 19 
-39207 -152048 97505 19 
-39363 -151920 13940 23 
-39249 -151955 21911 29 
-39440 -152090 97507 19 
-6028 -258834 120255 26 
59720 254289 90503 5 
59721 254335 18339 7 
59705 254387 15970 39 
86074 393093 8887 7 
99551 264712 101848 39 
113390 116134 13819 25 
113595 116257 90263 6 
113527 116258 117432 15 
113474 116215 4189 29 
113432 116288 24497 37 
113601 116217 27502 7 
142715 234200 103147 34 
142610 234454 101114 18 
142573 234241 7233 24 
142687 234415 5742 25 
143519 194741 17336 27 
201513 -513451 153098 34 
201669 -513622 58721 0 
201703 -513548 150306 27 
201561 -513649 58722 0 
151729 -436340 129190 1 
151527 -436268 31643 3 
151597 -436290 41474 9 
151531 -436322 42466 4 
151555 -436277 145548 16 
151680 -436413 155183 28 
151555 -436368 138323 24 
151624 -436382 50734 25 
26549 13747 106263 2 
26550 13827 99429 22 
26733 13846 124231 15 
37578 93984 104432 0 
75484 392539 8925 7 
166582 -430055 34369 12 
166712 -429936 136637 25 
166668 -430134 32079 33 
166600 -430015 146038 18 
166599 -430106 32590 23 
252680 -314585 117040 8 
-51136 -221810 31328 26 
90895 -435374 128957 1 
91066 -435299 41345 9 
90896 -435232 31494 3 
90965 -435366 42315 4 
91068 -435416 50543 25 
90944 -435206 138096 24 
114061 -244637 123283 2 
114106 -244473 18845 3 
114046 -244640 22847 17 
114109 -244627 124206 25 
114004 -244473 29735 1 
114243 -244413 17188 19 
114154 -244668 21281 32 
114029 -244637 107989 32 
125195 417312 88748 16 
125164 417301 2393 18 
125400 417251 98160 28 
148008 223332 93235 5 
147915 223240 104913 39 
173994 508611 5738 28 
178051 173053 22048 39 
178164 172916 20791 14 
164090 118945 89967 6 
163930 118865 99833 25 
164056 118953 27320 7 
163880 118875 8848 26 
164078 118947 3967 29 
163910 119025 24051 38 
-50159 -232705 25034 8 
-50030 -232618 113956 6 
-50081 -232582 29207 22 
111056 -442526 129627 4 
111188 -442556 48530 35 
120936 83675 113195 14 
120808 83802 94313 1 
120695 83673 24986 16 
120691 83619 8401 22 
120738 83650 113196 14 
120743 83653 24800 18 
120804 83650 97551 26 
127866 72682 6811 6 
127865 72614 116346 7 
127855 72621 1073 12 
128007 72654 27171 14 
127810 72835 15144 20 
128008 72605 101848 20 
127915 72653 24831 27 
127878 72637 114515 39 
164428 -568153 126969 3 
164415 -568148 67718 16 
113146 -415264 120450 17 
162819 213153 92533 2 
162673 213019 15976 18 
162661 213088 712 10 
162838 213073 104185 38 
-57318 492260 88942 7 
9814 135755 4509 1 
9976 135723 97811 2 
-52985 96524 32332 15 
-52909 96586 20576 36 
-52973 96373 93721 22 
166815 -419835 59980 38 
166864 -419656 148956 7 
64015 254475 90493 5 
64180 254352 18323 7 
64235 254405 15959 39 
78992 160056 20171 18 
78889 160105 113205 30 
79115 160068 113207 30 
151843 -349822 141803 37 
151730 -349686 53483 16 
24599 23970 10263 29 
24464 24043 15073 26 
38983 341329 95631 38 
38963 341214 101060 30 
38802 341261 10688 11 
38846 341238 101059 30 
38962 341463 11745 31 
125474 -447472 50373 2 
142884 312916 19023 28 
158296 -520356 123777 3 
158381 -520407 47015 9 
158402 -520421 65290 18 
158400 -520258 38216 33 
158292 -520266 132678 9 
158246 -520416 124411 33 
158224 -520283 66593 37 
161530 -370304 131802 2 
161495 -370410 132532 25 
176747 254482 16517 11 
176909 254683 89757 2 
199535 -473177 44960 1 
199537 -473168 37327 12 
199501 -473197 149676 14 
199672 -473013 63685 14 
199586 -473151 138103 20 
199494 -473077 61450 27 
199580 -473236 136894 35 
252374 -328542 43153 5 
252381 -328521 52162 18 
252382 -328606 35835 22 
252487 -328427 42232 2 
252473 -328485 119766 6 
252483 -328543 28097 12 
252442 -328574 38677 26 
252309 -328559 26600 32 
252495 -328583 113322 32 
278938 59982 88738 12 
278929 59873 34779 15 
278990 59890 91990 8 
278961 60094 3918 21 
278928 60082 88608 17 
278948 59925 112836 27 
278995 59992 94410 29 
125402 -221477 24190 8 
125522 -221480 54228 28 
125403 -221376 26873 29 
125476 -221512 133253 34 
125604 -221453 122607 5 
125538 -221420 133272 37 
125596 -221335 112929 6 
165081 -489694 59989 36 
203848 259442 17819 7 
203919 259507 14527 14 
203793 259498 20095 30 
203806 259565 98457 27 
227663 382823 90912 27 
227736 382866 14342 28 
55028 242391 100808 18 
54874 242394 6905 24 
54880 242358 5458 25 
54893 242465 15758 37 
252297 -427233 129386 10 
252370 -427169 34168 12 
252202 -427139 51329 24 
252269 -427109 45255 26 
252428 -427155 141581 36 
154301 -379521 114238 3 
154161 -379629 56307 18 
154133 -379512 46654 25 
154266 -379500 115166 33 
157737 -411926 130538 26 
157767 -411885 59685 34 
162871 484977 86400 34 
59516 330756 91684 36 
251274 383972 90777 27 
251202 384186 92861 34 
251311 383966 14262 28 
77939 482707 86613 34 
19241 -226755 122848 5 
19351 -226748 24700 8 
19205 -226891 54588 28 
19393 -226834 113550 6 
34536 -37897 33471 18 
34504 -37863 103779 10 
41420 174688 88735 22 
41514 174569 28153 28 
41458 174690 106690 38 
41394 174727 108359 39 
41663 174770 96408 5 
175451 41328 31958 7 
175265 41273 98496 10 
175349 41250 3997 12 
189660 398008 8513 7 
215151 187506 106300 34 
258575 370816 94117 14 
258499 370753 95089 39 
-23685 92798 93740 4 
-23642 92852 100544 2 
-23593 92885 8688 10 
-23639 92798 89124 13 
-23643 92936 24197 16 
-23701 92852 24300 18 
-23704 92860 7801 22 
-23717 92928 93759 1 
192786 366304 7533 38 
208523 412933 2682 18 
208473 413048 89203 16 
208533 413162 92028 39 
247770 225186 101475 18 
247848 225191 5595 20 
247822 225170 92299 20 
247967 225188 93009 5 
248014 225224 106555 7 
247862 225210 110925 28 
247882 225334 104668 39 
247754 225316 7627 24 
247828 225168 18693 39 
247757 225270 88005 26 
247956 225394 6067 25 
-53498 67882 7877 9 
-53603 67907 9231 1 
-53583 67778 103235 25 
-52850 65338 16325 2 
-52857 65253 90373 21 
-46988 -194255 131371 38 
-46803 -194381 129509 27 
-46969 -194397 129510 27 
-23376 475334 86874 34 
59087 -4156 19205 35 
58977 -4250 32507 37 
67603 48752 9938 4 
67538 48817 103546 2 
67662 48759 93006 8 
67540 48746 11678 10 
67496 48750 89233 12 
67540 48919 1824 32 
67560 48830 88545 32 
67484 48769 856 23 
116392 297613 98559 38 
165338 -532926 56070 2 
165430 -532968 38030 3 
165408 -532914 48965 4 
165351 -532932 36584 19 
165342 -532901 40730 32 
165355 -532965 127451 32 
165325 -532827 153930 38 
166796 154190 89524 1 
166754 154166 28485 15 
166852 154122 106071 27 
190671 -563753 137753 22 
190743 -563628 163837 28 
190781 -563675 156466 34 
190677 -563494 161361 30 
81741 -308289 128192 25 
81948 -308297 146633 28 
232484 -422807 49062 5 
232430 -422683 120949 17 
232490 -422810 60120 38 
243032 396004 6022 34 
65097 226640 5359 2 
65128 226722 94314 24 
71135 417039 93157 7 
93960 -290751 21972 3 
132402 -433509 145443 16 
134380 231483 16271 37 
122731 -225352 125857 0 
122858 -225342 125856 0 
122626 -225523 31769 26 
136628 82286 94374 1 
136683 82409 25073 16 
136816 82290 8467 22 
136681 82330 24855 18 
-51339 106296 109409 18 
127353 329906 96506 34 
127313 330014 101863 30 
183694 -572418 58915 2 
183749 -572314 125514 19 
195750 343775 9484 34 
51516 -374408 113986 3 
51645 -374269 55952 18 
51548 -374386 114922 33 
51637 -374290 130333 35 
51588 -374310 56971 38 
51556 -374402 57543 37 
120702 244381 91520 25 
57626 364916 95582 39 
125989 -339106 42531 20 
126077 -339296 120505 6 
126007 -339331 129235 20 
283305 338763 96104 34 
63318 -370193 54823 27 
63357 -370191 143434 34 
63482 -370322 48825 0 
120774 -327316 117674 8 
120596 -327092 28297 17 
134705 -428192 117366 3 
134697 -428095 127101 9 
134808 -428232 145929 18 
134727 -428232 32481 23 
134724 -428065 136536 25 
134740 -428035 115963 19 
134887 -428026 115962 19 
134732 -428210 32003 33 
162508 415399 2416 27 
193832 364341 94423 14 
189498 -506626 126192 17 
-2603 113211 90885 9 
-2575 113119 109296 16 
-2650 113119 29991 30 
-2650 113258 25682 39 
5030 359628 6462 18 
83232 408083 2869 27 
83161 408015 91192 37 
83305 408001 91193 37 
139661 -265714 137537 11 
139629 -265705 49750 37 
139820 -265722 50815 39 
157106 26255 124412 28 
157175 26164 31652 39 
157298 26199 19911 5 
19611 85887 95367 10 
19558 85844 97294 26 
81316 31736 116666 34 
81219 31690 117814 39 
81242 31691 10014 29 
99454 -335218 36884 10 
99519 -335236 114971 17 
99508 -335256 116796 21 
114836 -279599 25385 12 
114872 -279506 113934 13 
114979 -279682 139786 7 
114903 -279610 106221 19 
167867 -339272 37032 10 
167919 -339365 117069 21 
167983 -339304 61375 15 
167805 -339431 115256 17 
168045 -339440 115257 17 
156301 -256159 109788 17 
163058 295782 1330 20 
162913 295864 98660 38 
192467 270175 100572 14 
192478 270173 101620 39 
113315 -410740 130426 26 
100948 449795 89965 11 
101059 449744 3132 39 
122218 -389525 39698 1 
122194 -389501 124311 9 
122275 -389338 136938 0 
122154 -389581 28394 3 
122256 -389603 57909 14 
122161 -389405 30934 32 
122288 -389495 27020 19 
122162 -389505 27021 19 
138233 -379080 56253 18 
138253 -379029 149090 30 
144346 413541 5849 11 
144350 413646 92185 39 
144435 413608 2519 27 
144471 413528 97618 15 
157190 379360 93120 38 
184500 -483877 140067 5 
184508 -483990 153571 7 
184523 -483932 125381 12 
184612 -483908 43666 29 
184649 -484027 44374 6 
-10986 48407 114033 18 
-10914 48352 115669 37 
-11012 48519 6156 8 
-11056 48388 98094 10 
-11062 48358 115668 37 
73315 246097 15568 38 
192699 223444 5789 20 
192716 223651 92493 20 
192687 223559 5635 2 
192870 223443 111111 28 
192732 223691 16648 37 
48648 400927 3346 16 
52263 -360341 144973 31 
132658 65317 17035 5 
141048 85026 94151 4 
141038 85075 9043 10 
141053 85053 95629 10 
141265 85103 102047 5 
141088 85135 113172 34 
141014 85142 113100 14 
141038 85004 89640 13 
141006 84992 94526 22 
141212 85147 113099 14 
157691 407499 6177 39 
181016 307210 9716 27 
180919 307055 96759 18 
181065 307263 87296 5 
228860 -433134 127303 9 
228901 -433244 146254 18 
229059 -433071 154921 28 
2262 -256691 136978 11 
163491 371107 95322 39 
120488 276646 88184 20 
120668 276667 2401 5 
145738 -14569 33229 14 
145864 -14560 22869 5 
145713 -14620 119220 14 
145793 -14615 7101 12 
240069 -320779 40388 35 
50382 326619 96704 34 
59624 171833 3281 10 
59570 171852 5294 26 
94022 461808 89124 39 
184230 54093 92446 8 
184290 54070 88960 12 
184188 53952 94826 29 
184204 54119 103986 25 
-10795 -251371 31061 10 
-10597 -251339 51344 7 
31017 -319067 41753 2 
30922 -318905 32927 9 
30976 -319050 137807 16 
31060 -319002 51396 18 
30999 -319004 112498 32 
31149 -318886 34920 22 
31133 -318918 25783 32 
30952 -319074 27922 17 
31035 -318948 53336 34 
183494 -271093 105698 19 
183384 -271087 52593 31 
193588 437821 87834 18 
193485 437960 8210 30 
-70152 73355 93505 9 
-40571 -218400 112864 29 
24640 -21269 121264 11 
24611 -21293 7385 12 
24583 -21363 100324 4 
24675 -21358 90231 33 
24577 -21299 5192 23 
24785 -21287 120152 34 
24662 -21266 121138 39 
65772 15622 124132 15 
103183 394294 8825 7 
102937 394267 3643 16 
276675 50303 17038 2 
276470 50128 104673 5 
276481 50216 31593 7 
276450 50227 86784 23 
276439 50125 104276 25 
276553 50132 36143 28 
276618 50155 110532 36 
-20958 -140036 107426 9 
28631 157863 107563 37 
28512 157976 88188 9 
28491 157882 107562 37 
160504 -385548 136611 0 
160564 -385575 26728 19 
160450 -385597 26729 19 
160377 -385552 136612 0 
189948 -451204 148456 38 
277439 68748 16707 5 
277581 68563 4766 8 
277353 68770 25842 16 
277337 68769 1840 17 
277373 68717 104817 24 
182843 74508 26911 14 
182784 74389 101655 20 
182851 74407 24517 27 
182965 74362 14950 20 
182850 74337 114380 39 
182707 74338 1444 17 
182715 74340 104462 24 
-73920 -232096 52907 30 
-73857 -231926 54908 28 
-61418 101969 28135 7 
89686 -292196 40589 5 
89740 -292378 53041 11 
89702 -292446 137912 14 
89613 -292356 51526 38 
89737 -292264 136135 27 
92060 -433455 34543 12 
92193 -433373 116288 19 
97958 204823 18384 38 
147053 55378 91169 21 
147102 55453 10002 1 
151104 469329 3973 7 
174789 -336557 42359 20 
174830 -336358 129063 20 
174844 -336537 49626 36 
174750 -336287 138628 16 
174712 -336551 49627 36 
174723 -336521 54471 38 
186977 -442969 67060 30 
204557 297154 87012 2 
204456 297156 1841 25 
217754 -414368 134729 2 
217750 -414457 130691 26 
217908 -414444 67094 28 
223719 315301 18749 28 
223601 315518 102761 30 
223798 315359 3147 0 
223814 315302 98358 39 
-42781 55314 17415 25 
-42711 55514 27980 14 
-42526 55328 7807 6 
-42601 55425 25805 27 
-3015 -209155 114870 10 
-2931 -209284 47396 11 
-3042 -209340 123182 24 
-2856 -209310 33858 20 
-3021 -209116 116973 26 
-2885 -209290 120562 20 
95913 -375007 114095 3 
96116 -374876 46471 25 
96108 -375033 150978 28 
222077 -441478 145933 16 
222053 -441531 138587 24 
221976 -441467 129459 1 
221978 -441572 50956 25 
112062 183164 8266 2 
111898 183388 17856 16 
111938 183237 90950 26 
95877 355260 9513 39 
128410 152315 10580 20 
128410 152174 113655 30 
128505 152177 106290 27 
128454 152113 108207 37 
128380 152282 115724 28 
151526 507872 5814 28 
41028 18846 124806 28 
40812 18930 31939 39 
41054 18816 112402 36 
40814 18800 112404 36 
119815 -251913 29460 4 
119913 -251838 31342 10 
119837 -251887 117928 10 
119868 -251841 109633 17 
119917 -251817 48827 38 
119852 -251895 105849 33 
119873 -251995 19655 33 
121586 36702 29487 38 
157802 -259148 116816 4 
157696 -259152 116097 9 
157675 -259164 47351 18 
157787 -259221 46877 27 
-31121 65316 9318 1 
-16347 403892 6604 39 
25473 151015 11413 5 
50792 49467 9896 4 
50843 49347 1762 32 
50755 49520 11641 10 
50803 49401 88483 32 
50743 49350 798 23 
59482 382554 92911 38 
59614 382566 93340 34 
64562 185866 8163 2 
64588 185763 19843 34 
64746 185802 17786 27 
72334 312016 104379 15 
72352 311891 95541 16 
72286 312034 96383 18 
72319 312069 2116 24 
105591 -360406 124048 1 
105639 -360362 44720 2 
105602 -360423 123150 4 
105588 -360476 35850 9 
105678 -360525 141343 18 
105575 -360475 27895 23 
105566 -360503 133297 24 
105566 -360434 127117 26 
135722 351800 8708 14 
135896 351984 97602 7 
135644 352010 6914 18 
135856 351920 102518 28 
142257 295404 1403 20 
149673 -355699 48089 0 
154969 -448019 50437 2 
53401 64980 116615 7 
53535 64843 17214 5 
53411 64986 8105 9 
53530 64911 7245 6 
53493 64958 27524 14 
53406 64871 25257 27 
53343 64901 28723 39 
78631 308941 98715 39 
78845 309012 19240 28 
152011 26194 31665 39 
106759 22339 96645 9 
106774 22274 32037 11 
106767 22396 29236 18 
106768 22380 15282 26 
110363 235283 16116 37 
110515 235264 16117 37 
110283 46418 103639 2 
110413 46383 105049 5 
110304 46340 10044 4 
110295 46356 11770 10 
110388 46300 1983 32 
110364 46413 88704 32 
110266 46437 1004 23 
172341 -383062 36866 6 
172223 -383062 149399 30 
172262 -383091 57672 14 
172277 -383061 26638 19 
172269 -383093 123299 29 
172384 -382930 143662 14 
172442 -383067 136509 0 
172319 -383078 136510 0 
210537 -268451 137825 11 
210516 -268421 112075 21 
115662 5063 97829 6 
115475 5184 88731 3 
115478 5039 13289 4 
115515 5150 121069 7 
115598 5134 14574 10 
115490 5199 92156 12 
115546 5058 19751 20 
115570 5145 106455 20 
115579 5230 99798 22 
115429 5129 90711 23 
115457 5071 109064 24 
158899 -270182 136507 34 
159010 -270233 29365 6 
159073 -269994 110269 12 
159094 -270221 124555 20 
159136 -269997 37851 20 
186445 -417505 122306 21 
186467 -417455 146457 34 
186507 -417397 148885 7 
105942 487099 93833 28 
11806 158361 88153 9 
11760 158394 107454 37 
11759 158303 98968 24 
11915 158365 107455 37 
40239 41672 95457 29 
40351 41663 32445 7 
40472 41766 36943 28 
57277 17582 99035 1 
57299 17495 19368 2 
57182 17440 10876 9 
103853 -440027 68117 15 
175562 155250 20505 18 
175657 155322 11073 5 
175615 155247 106021 27 
175587 155275 115563 28 
175705 155236 10412 20 
256269 61590 94203 9 
256125 61413 88513 17 
256137 61574 3827 21 
46273 48247 93109 8 
46190 48293 89283 12 
105681 245612 91473 25 
105584 245503 15637 38 
54165 145953 10840 20 
54143 145862 106715 27 
69964 404321 6392 39 
156509 -566893 67673 16 
156671 -566873 70031 14 
156485 -566656 51570 22 
156551 -566834 41524 23 
156508 -566758 60679 24 
156480 -566876 41290 33 
156567 -566783 127485 33 
156447 -566680 132513 21 
177978 -584290 53812 10 
177964 -584306 131466 12 
178108 -584328 74056 7 
178113 -584189 48860 8 
177881 -584336 139222 1 
177980 -584330 69843 18 
178010 -584231 158972 39 
178138 -584331 158766 11 
177893 -584320 158765 11 
202713 -578027 68838 27 
202886 -578018 68837 27 
202764 -577961 152261 36 
211593 -266136 125345 5 
211708 -266108 29057 6 
211543 -266083 110142 12 
211526 -266138 124371 20 
211617 -266201 37666 20 
211500 -266147 136372 34 
211590 -266171 120807 26 
211558 -266251 105484 19 
211530 -266085 50643 39 
217912 413871 92005 39 
164148 323997 102198 30 
166421 196614 107802 31 
166544 196564 17204 27 
-11110 -217072 107628 12 
-11058 -217007 47987 39 
66360 290444 10525 16 
105625 -368644 132356 25 
105828 -368601 143324 34 
123882 209676 105863 11 
123969 209898 102908 16 
152761 420490 90347 38 
189962 -467923 149788 34 
190030 -467766 128907 29 
104050 -274523 124749 20 
104098 -274717 39106 2 
103975 -274547 35011 26 
104108 -274565 29686 6 
30765 -57892 103899 1 
30642 -57819 10406 12 
30610 -57807 24613 20 
30636 -57776 94902 23 
30660 -57884 15920 29 
30682 -57737 111317 20 
30773 -57744 99414 8 
30596 -57800 111678 25 
117368 227171 5472 2 
28752 -15192 14512 1 
28739 -15041 99242 9 
90997 -20824 14751 1 
-364 -242287 123036 2 
-195 -242376 22619 12 
-278 -242344 123845 25 
-332 -242302 22383 17 
-357 -242320 109130 17 
-260 -242385 107564 32 
-310 -242420 112025 8 
-143 -242299 126907 0 
-263 -242299 126908 0 
-319 -242339 20870 32 
-100 -242403 112024 8 
97211 221344 93350 5 
97112 221344 4176 35 
132034 164288 89122 22 
131974 164031 105559 18 
132076 164195 3070 22 
168573 -340718 144271 7 
168685 -340738 57241 31 
168603 -340856 25332 3 
168574 -340860 123638 10 
188136 -325500 51940 18 
188164 -325424 146847 15 
188129 -325497 35568 22 
188221 -325468 40684 35 
188155 -325496 26361 32 
188045 -325480 40685 35 
188084 -325287 33262 9 
824 66239 103407 25 
858 66085 101001 35 
875 66288 7993 9 
61504 267364 2546 2 
198088 224927 93122 5 
198085 225007 106735 7 
198225 225051 104790 39 
201419 279778 11626 18 
201375 279724 100316 37 
201534 279838 2218 5 
-136599 -248952 116082 4 
-136562 -248937 115470 9 
-136446 -249088 117376 10 
33024 269140 2485 2 
59571 -375259 57595 37 
59684 -375081 114006 3 
72024 7082 14480 10 
71919 7061 88624 3 
72117 7210 99619 22 
133182 160710 21222 38 
155891 -503190 132971 4 
155965 -503035 153408 11 
155909 -503170 48178 10 
155854 -502941 126052 17 
155982 -503143 150486 18 
155914 -503078 54836 25 
155906 -503113 65484 38 
155844 -503119 134764 10 
-64749 78392 105306 0 
-64901 78319 3678 13 
-64882 78417 2548 21 
-64961 78470 87170 17 
-64978 78317 11557 26 
-30473 -172198 105952 21 
-30520 -172230 28091 26 
-30523 -172151 46739 7 
128501 412157 2610 27 
128391 412340 92224 39 
186231 343327 9509 34 
186217 343194 90678 36 
54898 173148 102006 36 
54674 173072 88790 22 
113850 109546 91134 9 
113882 109581 19252 36 
113757 109571 19253 36 
123108 -453308 137330 2 
123066 -453288 63713 11 
123180 -453408 60409 16 
123051 -453346 60684 18 
123051 -453363 35755 32 
212648 -390589 37859 29 
113840 -245458 46194 16 
137318 282741 11404 18 
137268 282729 99903 37 
137423 282699 99904 37 
152667 485442 2149 31 
61076 239090 5468 5 
61257 239225 16511 34 
88171 289859 10644 16 
96882 -21804 41145 28 
96966 -21581 119461 14 
96851 -21533 33464 14 
100041 -368798 143339 34 
182420 -362332 36013 9 
182460 -362361 129586 35 
218855 -298767 139766 39 
-47275 -180121 101038 3 
-47453 -180241 110133 9 
-47337 -180211 119608 25 
-14622 -252051 116386 4 
-14603 -252188 46754 18 
-14686 -252213 117638 10 
-14673 -252151 111178 21 
-14580 -252043 37945 25 
-14609 -252214 19335 33 
-14699 -252137 105530 33 
-14695 -252134 48755 37 
64312 388641 6483 34 
121355 500946 88297 7 
-28183 -189779 33209 2 
-28207 -189698 15320 3 
-28346 -189741 24511 9 
-28378 -189534 35717 24 
-28369 -189734 33813 25 
78859 295613 4386 0 
78740 295597 4387 0 
86238 142530 11015 2 
88389 404662 6347 39 
61807 -21122 120056 34 
61778 -21134 121046 39 
201722 281936 91951 0 
201715 281885 87898 20 
201592 281920 91952 0 
201745 281962 8269 36 
201743 281883 15762 31 
204898 380013 91042 27 
-48457 492500 88910 7 
-47285 -237929 18450 3 
-43344 -227752 35982 2 
-43454 -227585 104224 3 
-43414 -227610 24059 13 
-43299 -227751 136121 31 
-43237 -227559 122989 5 
-43409 -227579 115271 22 
-11897 51124 103374 2 
-12136 51195 11506 10 
-12081 51083 582 23 
-12057 51189 1528 32 
27723 18927 31970 39 
115592 389964 6351 34 
48014 198535 8430 5 
83575 -364732 142703 38 
89100 308371 87332 25 
97231 372563 7670 37 
97317 372588 91657 27 
104838 367936 95466 39 
116835 463900 87507 38 
121312 -291101 22039 3 
121445 -291096 40517 5 
121323 -291060 132336 36 
121488 -291113 137761 14 
121499 -291109 135953 27 
121557 -291008 132334 36 
130035 414641 5790 11 
-45599 121509 13317 25 
-45462 121478 23472 37 
-45614 121486 23471 37 
63820 346994 9049 14 
63892 347068 97862 7 
83700 170684 3333 10 
83691 170813 88911 22 
83674 170690 5355 26 
113837 -361012 141371 18 
113681 -360991 124079 1 
113674 -361034 27923 23 
113740 -361044 133328 24 
113848 -361067 56458 34 
113931 -361065 48394 0 
96314 253137 99069 27 
112712 -240085 132399 18 
112792 -240178 23909 21 
112852 -240072 29878 22 
173108 -515788 58965 0 
196443 76967 6410 6 
196406 76974 116099 7 
196432 76952 913 12 
117304 137280 15134 0 
117278 137419 97322 20 
117320 137427 23047 34 
227406 -357273 53897 16 
227652 -357350 56165 34 
227501 -357305 142291 37 
36128 -319540 128674 5 
36229 -319510 55854 7 
36088 -319697 30850 8 
36117 -319700 113588 12 
36106 -319538 137835 16 
36071 -319472 27944 17 
36250 -319556 32949 29 
36141 -319558 140164 34 
36206 -319708 54239 39 
139883 -11250 121684 31 
139696 -11192 107915 5 
139798 -11341 33010 34 
139723 -11239 33028 37 
181217 -374505 39854 10 
181422 -374681 150153 15 
264521 -357168 56070 34 
-38987 99500 91155 6 
-39016 99552 12360 35 
-38946 99511 20465 36 
222013 305819 92 2 
221995 305774 96901 18 
252448 -331682 129193 2 
252588 -331692 42085 20 
252630 -331834 128789 20 
252650 -331674 49008 36 
-35562 55940 7767 6 
-35714 56077 27949 14 
-35634 56086 25765 27 
52114 249266 15247 14 
52165 249428 91304 25 
177323 -569824 51661 22 
204299 449796 2241 14 
204347 449849 88231 14 
103576 510369 91143 15 
103385 510431 89864 30 
103600 510399 89866 30 
108736 -270735 125578 5 
108591 -270654 110383 12 
108806 -270720 136636 34 
139448 -401416 40744 22 
139445 -401462 117719 32 
139354 -401571 117700 23 
218183 442639 2746 34 
218421 442577 9981 28 
42223 364409 95620 39 
179972 -364407 124333 1 
179999 -364289 44881 2 
180202 -364420 123336 4 
180124 -364409 141601 18 
180045 -364250 28152 23 
159134 -578397 41191 3 
159126 -578345 52181 4 
159193 -578479 131488 17 
159011 -578471 44726 17 
182043 254245 16538 11 
182123 254327 101463 38 
